   1              		.arch armv7e-m
   2              		.eabi_attribute 27, 1
   3              		.eabi_attribute 28, 1
   4              		.eabi_attribute 20, 1
   5              		.eabi_attribute 21, 1
   6              		.eabi_attribute 23, 3
   7              		.eabi_attribute 24, 1
   8              		.eabi_attribute 25, 1
   9              		.eabi_attribute 26, 1
  10              		.eabi_attribute 30, 4
  11              		.eabi_attribute 34, 1
  12              		.eabi_attribute 18, 4
  13              		.file	"startup.c"
  14              		.text
  15              	.Ltext0:
  16              		.cfi_sections	.debug_frame
  17              		.align	1
  18              		.global	hardware_init_hook
  19              		.arch armv7e-m
  20              		.syntax unified
  21              		.thumb
  22              		.thumb_func
  23              		.fpu fpv4-sp-d16
  24              		.type	hardware_init_hook, %function
  25              	hardware_init_hook:
  26              	.LFB0:
  27              		.file 1 "src/boot/startup.c"
   1:src/boot/startup.c **** #include<string.h>
   2:src/boot/startup.c **** 
   3:src/boot/startup.c **** typedef void (*fnptr)();
   4:src/boot/startup.c **** 
   5:src/boot/startup.c **** void hardware_init_hook() {
  28              		.loc 1 5 27 view -0
  29              		.cfi_startproc
  30              		@ args = 0, pretend = 0, frame = 0
  31              		@ frame_needed = 0, uses_anonymous_args = 0
  32              		@ link register save eliminated.
   6:src/boot/startup.c ****   extern const char __data_load__; 
  33              		.loc 1 6 3 view .LVU1
   7:src/boot/startup.c ****   extern char __data_start__;
  34              		.loc 1 7 3 view .LVU2
   8:src/boot/startup.c ****   extern char __data_end__;
  35              		.loc 1 8 3 view .LVU3
   9:src/boot/startup.c **** 
  10:src/boot/startup.c ****   memcpy(&__data_start__,&__data_load__,(&__data_end__ - &__data_start__));
  36              		.loc 1 10 3 view .LVU4
  37 0000 0248     		ldr	r0, .L2
  38 0002 034A     		ldr	r2, .L2+4
  39 0004 0349     		ldr	r1, .L2+8
  40 0006 121A     		subs	r2, r2, r0
  41 0008 FFF7FEBF 		b	memcpy
  42              	.LVL0:
  43              	.L3:
  44              		.align	2
  45              	.L2:
  46 000c 00000000 		.word	__data_start__
  47 0010 00000000 		.word	__data_end__
  48 0014 00000000 		.word	__data_load__
  49              		.cfi_endproc
  50              	.LFE0:
  51              		.size	hardware_init_hook, .-hardware_init_hook
  52              		.global	__boot_sector
  53              		.section	boot,"aw"
  54              		.align	2
  55              		.type	__boot_sector, %object
  56              		.size	__boot_sector, 8
  57              	__boot_sector:
  58 0000 00000000 		.word	__stack
  59 0004 00000000 		.word	_start
  60              		.text
  61              	.Letext0:
  62              		.file 2 "/usr/lib/gcc/arm-none-eabi/9.3.0/include/stddef.h"
  63              		.file 3 "/usr/arm-none-eabi/include/sys/_types.h"
  64              		.file 4 "/usr/arm-none-eabi/include/sys/reent.h"
  65              		.file 5 "/usr/arm-none-eabi/include/sys/lock.h"
  66              		.file 6 "<built-in>"
  67              		.section	.debug_info,"",%progbits
  68              	.Ldebug_info0:
  69 0000 B3090000 		.4byte	0x9b3
  70 0004 0400     		.2byte	0x4
  71 0006 00000000 		.4byte	.Ldebug_abbrev0
  72 000a 04       		.byte	0x4
  73 000b 01       		.uleb128 0x1
  74 000c 7A020000 		.4byte	.LASF129
  75 0010 0C       		.byte	0xc
  76 0011 CA040000 		.4byte	.LASF130
  77 0015 0F030000 		.4byte	.LASF131
  78 0019 00000000 		.4byte	.Ltext0
  79 001d 18000000 		.4byte	.Letext0-.Ltext0
  80 0021 00000000 		.4byte	.Ldebug_line0
  81 0025 02       		.uleb128 0x2
  82 0026 04       		.byte	0x4
  83 0027 05       		.byte	0x5
  84 0028 696E7400 		.ascii	"int\000"
  85 002c 03       		.uleb128 0x3
  86 002d 04       		.byte	0x4
  87 002e 07       		.byte	0x7
  88 002f 88010000 		.4byte	.LASF0
  89 0033 03       		.uleb128 0x3
  90 0034 08       		.byte	0x8
  91 0035 05       		.byte	0x5
  92 0036 8E000000 		.4byte	.LASF1
  93 003a 03       		.uleb128 0x3
  94 003b 08       		.byte	0x8
  95 003c 04       		.byte	0x4
  96 003d 6E020000 		.4byte	.LASF2
  97 0041 04       		.uleb128 0x4
  98 0042 2F020000 		.4byte	.LASF10
  99 0046 02       		.byte	0x2
 100 0047 5E01     		.2byte	0x15e
 101 0049 17       		.byte	0x17
 102 004a 2C000000 		.4byte	0x2c
 103 004e 03       		.uleb128 0x3
 104 004f 01       		.byte	0x1
 105 0050 06       		.byte	0x6
 106 0051 9C000000 		.4byte	.LASF3
 107 0055 03       		.uleb128 0x3
 108 0056 01       		.byte	0x1
 109 0057 08       		.byte	0x8
 110 0058 64030000 		.4byte	.LASF4
 111 005c 03       		.uleb128 0x3
 112 005d 02       		.byte	0x2
 113 005e 05       		.byte	0x5
 114 005f 8E030000 		.4byte	.LASF5
 115 0063 03       		.uleb128 0x3
 116 0064 02       		.byte	0x2
 117 0065 07       		.byte	0x7
 118 0066 D6010000 		.4byte	.LASF6
 119 006a 03       		.uleb128 0x3
 120 006b 04       		.byte	0x4
 121 006c 05       		.byte	0x5
 122 006d E1000000 		.4byte	.LASF7
 123 0071 03       		.uleb128 0x3
 124 0072 04       		.byte	0x4
 125 0073 07       		.byte	0x7
 126 0074 B7010000 		.4byte	.LASF8
 127 0078 03       		.uleb128 0x3
 128 0079 08       		.byte	0x8
 129 007a 07       		.byte	0x7
 130 007b 4B000000 		.4byte	.LASF9
 131 007f 05       		.uleb128 0x5
 132 0080 45030000 		.4byte	.LASF11
 133 0084 03       		.byte	0x3
 134 0085 2E       		.byte	0x2e
 135 0086 0E       		.byte	0xe
 136 0087 6A000000 		.4byte	0x6a
 137 008b 05       		.uleb128 0x5
 138 008c 69040000 		.4byte	.LASF12
 139 0090 03       		.byte	0x3
 140 0091 74       		.byte	0x74
 141 0092 0E       		.byte	0xe
 142 0093 6A000000 		.4byte	0x6a
 143 0097 06       		.uleb128 0x6
 144 0098 04       		.byte	0x4
 145 0099 03       		.byte	0x3
 146 009a A5       		.byte	0xa5
 147 009b 03       		.byte	0x3
 148 009c B9000000 		.4byte	0xb9
 149 00a0 07       		.uleb128 0x7
 150 00a1 13020000 		.4byte	.LASF13
 151 00a5 03       		.byte	0x3
 152 00a6 A7       		.byte	0xa7
 153 00a7 0C       		.byte	0xc
 154 00a8 41000000 		.4byte	0x41
 155 00ac 07       		.uleb128 0x7
 156 00ad 95010000 		.4byte	.LASF14
 157 00b1 03       		.byte	0x3
 158 00b2 A8       		.byte	0xa8
 159 00b3 13       		.byte	0x13
 160 00b4 B9000000 		.4byte	0xb9
 161 00b8 00       		.byte	0
 162 00b9 08       		.uleb128 0x8
 163 00ba 55000000 		.4byte	0x55
 164 00be C9000000 		.4byte	0xc9
 165 00c2 09       		.uleb128 0x9
 166 00c3 2C000000 		.4byte	0x2c
 167 00c7 03       		.byte	0x3
 168 00c8 00       		.byte	0
 169 00c9 0A       		.uleb128 0xa
 170 00ca 08       		.byte	0x8
 171 00cb 03       		.byte	0x3
 172 00cc A2       		.byte	0xa2
 173 00cd 09       		.byte	0x9
 174 00ce ED000000 		.4byte	0xed
 175 00d2 0B       		.uleb128 0xb
 176 00d3 40040000 		.4byte	.LASF15
 177 00d7 03       		.byte	0x3
 178 00d8 A4       		.byte	0xa4
 179 00d9 07       		.byte	0x7
 180 00da 25000000 		.4byte	0x25
 181 00de 00       		.byte	0
 182 00df 0B       		.uleb128 0xb
 183 00e0 4F040000 		.4byte	.LASF16
 184 00e4 03       		.byte	0x3
 185 00e5 A9       		.byte	0xa9
 186 00e6 05       		.byte	0x5
 187 00e7 97000000 		.4byte	0x97
 188 00eb 04       		.byte	0x4
 189 00ec 00       		.byte	0
 190 00ed 05       		.uleb128 0x5
 191 00ee B6030000 		.4byte	.LASF17
 192 00f2 03       		.byte	0x3
 193 00f3 AA       		.byte	0xaa
 194 00f4 03       		.byte	0x3
 195 00f5 C9000000 		.4byte	0xc9
 196 00f9 0C       		.uleb128 0xc
 197 00fa 04       		.byte	0x4
 198 00fb 05       		.uleb128 0x5
 199 00fc DD040000 		.4byte	.LASF18
 200 0100 04       		.byte	0x4
 201 0101 16       		.byte	0x16
 202 0102 19       		.byte	0x19
 203 0103 71000000 		.4byte	0x71
 204 0107 05       		.uleb128 0x5
 205 0108 27020000 		.4byte	.LASF19
 206 010c 05       		.byte	0x5
 207 010d 22       		.byte	0x22
 208 010e 19       		.byte	0x19
 209 010f 13010000 		.4byte	0x113
 210 0113 0D       		.uleb128 0xd
 211 0114 04       		.byte	0x4
 212 0115 19010000 		.4byte	0x119
 213 0119 0E       		.uleb128 0xe
 214 011a 48040000 		.4byte	.LASF117
 215 011e 05       		.uleb128 0x5
 216 011f 4B010000 		.4byte	.LASF20
 217 0123 04       		.byte	0x4
 218 0124 23       		.byte	0x23
 219 0125 1B       		.byte	0x1b
 220 0126 07010000 		.4byte	0x107
 221 012a 0F       		.uleb128 0xf
 222 012b 5C010000 		.4byte	.LASF25
 223 012f 18       		.byte	0x18
 224 0130 04       		.byte	0x4
 225 0131 34       		.byte	0x34
 226 0132 08       		.byte	0x8
 227 0133 84010000 		.4byte	0x184
 228 0137 0B       		.uleb128 0xb
 229 0138 A9040000 		.4byte	.LASF21
 230 013c 04       		.byte	0x4
 231 013d 36       		.byte	0x36
 232 013e 13       		.byte	0x13
 233 013f 84010000 		.4byte	0x184
 234 0143 00       		.byte	0
 235 0144 10       		.uleb128 0x10
 236 0145 5F6B00   		.ascii	"_k\000"
 237 0148 04       		.byte	0x4
 238 0149 37       		.byte	0x37
 239 014a 07       		.byte	0x7
 240 014b 25000000 		.4byte	0x25
 241 014f 04       		.byte	0x4
 242 0150 0B       		.uleb128 0xb
 243 0151 1F040000 		.4byte	.LASF22
 244 0155 04       		.byte	0x4
 245 0156 37       		.byte	0x37
 246 0157 0B       		.byte	0xb
 247 0158 25000000 		.4byte	0x25
 248 015c 08       		.byte	0x8
 249 015d 0B       		.uleb128 0xb
 250 015e 45010000 		.4byte	.LASF23
 251 0162 04       		.byte	0x4
 252 0163 37       		.byte	0x37
 253 0164 14       		.byte	0x14
 254 0165 25000000 		.4byte	0x25
 255 0169 0C       		.byte	0xc
 256 016a 0B       		.uleb128 0xb
 257 016b 25050000 		.4byte	.LASF24
 258 016f 04       		.byte	0x4
 259 0170 37       		.byte	0x37
 260 0171 1B       		.byte	0x1b
 261 0172 25000000 		.4byte	0x25
 262 0176 10       		.byte	0x10
 263 0177 10       		.uleb128 0x10
 264 0178 5F7800   		.ascii	"_x\000"
 265 017b 04       		.byte	0x4
 266 017c 38       		.byte	0x38
 267 017d 0B       		.byte	0xb
 268 017e 8A010000 		.4byte	0x18a
 269 0182 14       		.byte	0x14
 270 0183 00       		.byte	0
 271 0184 0D       		.uleb128 0xd
 272 0185 04       		.byte	0x4
 273 0186 2A010000 		.4byte	0x12a
 274 018a 08       		.uleb128 0x8
 275 018b FB000000 		.4byte	0xfb
 276 018f 9A010000 		.4byte	0x19a
 277 0193 09       		.uleb128 0x9
 278 0194 2C000000 		.4byte	0x2c
 279 0198 00       		.byte	0
 280 0199 00       		.byte	0
 281 019a 0F       		.uleb128 0xf
 282 019b 83010000 		.4byte	.LASF26
 283 019f 24       		.byte	0x24
 284 01a0 04       		.byte	0x4
 285 01a1 3C       		.byte	0x3c
 286 01a2 08       		.byte	0x8
 287 01a3 1D020000 		.4byte	0x21d
 288 01a7 0B       		.uleb128 0xb
 289 01a8 85000000 		.4byte	.LASF27
 290 01ac 04       		.byte	0x4
 291 01ad 3E       		.byte	0x3e
 292 01ae 09       		.byte	0x9
 293 01af 25000000 		.4byte	0x25
 294 01b3 00       		.byte	0
 295 01b4 0B       		.uleb128 0xb
 296 01b5 7D040000 		.4byte	.LASF28
 297 01b9 04       		.byte	0x4
 298 01ba 3F       		.byte	0x3f
 299 01bb 09       		.byte	0x9
 300 01bc 25000000 		.4byte	0x25
 301 01c0 04       		.byte	0x4
 302 01c1 0B       		.uleb128 0xb
 303 01c2 B4000000 		.4byte	.LASF29
 304 01c6 04       		.byte	0x4
 305 01c7 40       		.byte	0x40
 306 01c8 09       		.byte	0x9
 307 01c9 25000000 		.4byte	0x25
 308 01cd 08       		.byte	0x8
 309 01ce 0B       		.uleb128 0xb
 310 01cf B6050000 		.4byte	.LASF30
 311 01d3 04       		.byte	0x4
 312 01d4 41       		.byte	0x41
 313 01d5 09       		.byte	0x9
 314 01d6 25000000 		.4byte	0x25
 315 01da 0C       		.byte	0xc
 316 01db 0B       		.uleb128 0xb
 317 01dc FE020000 		.4byte	.LASF31
 318 01e0 04       		.byte	0x4
 319 01e1 42       		.byte	0x42
 320 01e2 09       		.byte	0x9
 321 01e3 25000000 		.4byte	0x25
 322 01e7 10       		.byte	0x10
 323 01e8 0B       		.uleb128 0xb
 324 01e9 5C020000 		.4byte	.LASF32
 325 01ed 04       		.byte	0x4
 326 01ee 43       		.byte	0x43
 327 01ef 09       		.byte	0x9
 328 01f0 25000000 		.4byte	0x25
 329 01f4 14       		.byte	0x14
 330 01f5 0B       		.uleb128 0xb
 331 01f6 2A050000 		.4byte	.LASF33
 332 01fa 04       		.byte	0x4
 333 01fb 44       		.byte	0x44
 334 01fc 09       		.byte	0x9
 335 01fd 25000000 		.4byte	0x25
 336 0201 18       		.byte	0x18
 337 0202 0B       		.uleb128 0xb
 338 0203 98030000 		.4byte	.LASF34
 339 0207 04       		.byte	0x4
 340 0208 45       		.byte	0x45
 341 0209 09       		.byte	0x9
 342 020a 25000000 		.4byte	0x25
 343 020e 1C       		.byte	0x1c
 344 020f 0B       		.uleb128 0xb
 345 0210 7D050000 		.4byte	.LASF35
 346 0214 04       		.byte	0x4
 347 0215 46       		.byte	0x46
 348 0216 09       		.byte	0x9
 349 0217 25000000 		.4byte	0x25
 350 021b 20       		.byte	0x20
 351 021c 00       		.byte	0
 352 021d 11       		.uleb128 0x11
 353 021e C3000000 		.4byte	.LASF36
 354 0222 0801     		.2byte	0x108
 355 0224 04       		.byte	0x4
 356 0225 4F       		.byte	0x4f
 357 0226 08       		.byte	0x8
 358 0227 62020000 		.4byte	0x262
 359 022b 0B       		.uleb128 0xb
 360 022c 38010000 		.4byte	.LASF37
 361 0230 04       		.byte	0x4
 362 0231 50       		.byte	0x50
 363 0232 0A       		.byte	0xa
 364 0233 62020000 		.4byte	0x262
 365 0237 00       		.byte	0
 366 0238 0B       		.uleb128 0xb
 367 0239 00000000 		.4byte	.LASF38
 368 023d 04       		.byte	0x4
 369 023e 51       		.byte	0x51
 370 023f 09       		.byte	0x9
 371 0240 62020000 		.4byte	0x262
 372 0244 80       		.byte	0x80
 373 0245 12       		.uleb128 0x12
 374 0246 BC040000 		.4byte	.LASF39
 375 024a 04       		.byte	0x4
 376 024b 53       		.byte	0x53
 377 024c 0A       		.byte	0xa
 378 024d FB000000 		.4byte	0xfb
 379 0251 0001     		.2byte	0x100
 380 0253 12       		.uleb128 0x12
 381 0254 F1000000 		.4byte	.LASF40
 382 0258 04       		.byte	0x4
 383 0259 56       		.byte	0x56
 384 025a 0A       		.byte	0xa
 385 025b FB000000 		.4byte	0xfb
 386 025f 0401     		.2byte	0x104
 387 0261 00       		.byte	0
 388 0262 08       		.uleb128 0x8
 389 0263 F9000000 		.4byte	0xf9
 390 0267 72020000 		.4byte	0x272
 391 026b 09       		.uleb128 0x9
 392 026c 2C000000 		.4byte	0x2c
 393 0270 1F       		.byte	0x1f
 394 0271 00       		.byte	0
 395 0272 11       		.uleb128 0x11
 396 0273 07030000 		.4byte	.LASF41
 397 0277 9001     		.2byte	0x190
 398 0279 04       		.byte	0x4
 399 027a 62       		.byte	0x62
 400 027b 08       		.byte	0x8
 401 027c B5020000 		.4byte	0x2b5
 402 0280 0B       		.uleb128 0xb
 403 0281 A9040000 		.4byte	.LASF21
 404 0285 04       		.byte	0x4
 405 0286 63       		.byte	0x63
 406 0287 12       		.byte	0x12
 407 0288 B5020000 		.4byte	0x2b5
 408 028c 00       		.byte	0
 409 028d 0B       		.uleb128 0xb
 410 028e EF030000 		.4byte	.LASF42
 411 0292 04       		.byte	0x4
 412 0293 64       		.byte	0x64
 413 0294 06       		.byte	0x6
 414 0295 25000000 		.4byte	0x25
 415 0299 04       		.byte	0x4
 416 029a 0B       		.uleb128 0xb
 417 029b 40010000 		.4byte	.LASF43
 418 029f 04       		.byte	0x4
 419 02a0 66       		.byte	0x66
 420 02a1 09       		.byte	0x9
 421 02a2 BB020000 		.4byte	0x2bb
 422 02a6 08       		.byte	0x8
 423 02a7 0B       		.uleb128 0xb
 424 02a8 C3000000 		.4byte	.LASF36
 425 02ac 04       		.byte	0x4
 426 02ad 67       		.byte	0x67
 427 02ae 1E       		.byte	0x1e
 428 02af 1D020000 		.4byte	0x21d
 429 02b3 88       		.byte	0x88
 430 02b4 00       		.byte	0
 431 02b5 0D       		.uleb128 0xd
 432 02b6 04       		.byte	0x4
 433 02b7 72020000 		.4byte	0x272
 434 02bb 08       		.uleb128 0x8
 435 02bc CB020000 		.4byte	0x2cb
 436 02c0 CB020000 		.4byte	0x2cb
 437 02c4 09       		.uleb128 0x9
 438 02c5 2C000000 		.4byte	0x2c
 439 02c9 1F       		.byte	0x1f
 440 02ca 00       		.byte	0
 441 02cb 0D       		.uleb128 0xd
 442 02cc 04       		.byte	0x4
 443 02cd D1020000 		.4byte	0x2d1
 444 02d1 13       		.uleb128 0x13
 445 02d2 0F       		.uleb128 0xf
 446 02d3 A2030000 		.4byte	.LASF44
 447 02d7 08       		.byte	0x8
 448 02d8 04       		.byte	0x4
 449 02d9 7A       		.byte	0x7a
 450 02da 08       		.byte	0x8
 451 02db FA020000 		.4byte	0x2fa
 452 02df 0B       		.uleb128 0xb
 453 02e0 AE000000 		.4byte	.LASF45
 454 02e4 04       		.byte	0x4
 455 02e5 7B       		.byte	0x7b
 456 02e6 11       		.byte	0x11
 457 02e7 FA020000 		.4byte	0x2fa
 458 02eb 00       		.byte	0
 459 02ec 0B       		.uleb128 0xb
 460 02ed 0C000000 		.4byte	.LASF46
 461 02f1 04       		.byte	0x4
 462 02f2 7C       		.byte	0x7c
 463 02f3 06       		.byte	0x6
 464 02f4 25000000 		.4byte	0x25
 465 02f8 04       		.byte	0x4
 466 02f9 00       		.byte	0
 467 02fa 0D       		.uleb128 0xd
 468 02fb 04       		.byte	0x4
 469 02fc 55000000 		.4byte	0x55
 470 0300 0F       		.uleb128 0xf
 471 0301 C1030000 		.4byte	.LASF47
 472 0305 68       		.byte	0x68
 473 0306 04       		.byte	0x4
 474 0307 BA       		.byte	0xba
 475 0308 08       		.byte	0x8
 476 0309 43040000 		.4byte	0x443
 477 030d 10       		.uleb128 0x10
 478 030e 5F7000   		.ascii	"_p\000"
 479 0311 04       		.byte	0x4
 480 0312 BB       		.byte	0xbb
 481 0313 12       		.byte	0x12
 482 0314 FA020000 		.4byte	0x2fa
 483 0318 00       		.byte	0
 484 0319 10       		.uleb128 0x10
 485 031a 5F7200   		.ascii	"_r\000"
 486 031d 04       		.byte	0x4
 487 031e BC       		.byte	0xbc
 488 031f 07       		.byte	0x7
 489 0320 25000000 		.4byte	0x25
 490 0324 04       		.byte	0x4
 491 0325 10       		.uleb128 0x10
 492 0326 5F7700   		.ascii	"_w\000"
 493 0329 04       		.byte	0x4
 494 032a BD       		.byte	0xbd
 495 032b 07       		.byte	0x7
 496 032c 25000000 		.4byte	0x25
 497 0330 08       		.byte	0x8
 498 0331 0B       		.uleb128 0xb
 499 0332 EA000000 		.4byte	.LASF48
 500 0336 04       		.byte	0x4
 501 0337 BE       		.byte	0xbe
 502 0338 09       		.byte	0x9
 503 0339 5C000000 		.4byte	0x5c
 504 033d 0C       		.byte	0xc
 505 033e 0B       		.uleb128 0xb
 506 033f C9010000 		.4byte	.LASF49
 507 0343 04       		.byte	0x4
 508 0344 BF       		.byte	0xbf
 509 0345 09       		.byte	0x9
 510 0346 5C000000 		.4byte	0x5c
 511 034a 0E       		.byte	0xe
 512 034b 10       		.uleb128 0x10
 513 034c 5F626600 		.ascii	"_bf\000"
 514 0350 04       		.byte	0x4
 515 0351 C0       		.byte	0xc0
 516 0352 11       		.byte	0x11
 517 0353 D2020000 		.4byte	0x2d2
 518 0357 10       		.byte	0x10
 519 0358 0B       		.uleb128 0xb
 520 0359 62000000 		.4byte	.LASF50
 521 035d 04       		.byte	0x4
 522 035e C1       		.byte	0xc1
 523 035f 07       		.byte	0x7
 524 0360 25000000 		.4byte	0x25
 525 0364 18       		.byte	0x18
 526 0365 0B       		.uleb128 0xb
 527 0366 D1000000 		.4byte	.LASF51
 528 036a 04       		.byte	0x4
 529 036b C8       		.byte	0xc8
 530 036c 0A       		.byte	0xa
 531 036d F9000000 		.4byte	0xf9
 532 0371 1C       		.byte	0x1c
 533 0372 0B       		.uleb128 0xb
 534 0373 73010000 		.4byte	.LASF52
 535 0377 04       		.byte	0x4
 536 0378 CA       		.byte	0xca
 537 0379 1D       		.byte	0x1d
 538 037a C7050000 		.4byte	0x5c7
 539 037e 20       		.byte	0x20
 540 037f 0B       		.uleb128 0xb
 541 0380 55020000 		.4byte	.LASF53
 542 0384 04       		.byte	0x4
 543 0385 CC       		.byte	0xcc
 544 0386 1D       		.byte	0x1d
 545 0387 F1050000 		.4byte	0x5f1
 546 038b 24       		.byte	0x24
 547 038c 0B       		.uleb128 0xb
 548 038d 57040000 		.4byte	.LASF54
 549 0391 04       		.byte	0x4
 550 0392 CF       		.byte	0xcf
 551 0393 0D       		.byte	0xd
 552 0394 15060000 		.4byte	0x615
 553 0398 28       		.byte	0x28
 554 0399 0B       		.uleb128 0xb
 555 039a 97050000 		.4byte	.LASF55
 556 039e 04       		.byte	0x4
 557 039f D0       		.byte	0xd0
 558 03a0 09       		.byte	0x9
 559 03a1 2F060000 		.4byte	0x62f
 560 03a5 2C       		.byte	0x2c
 561 03a6 10       		.uleb128 0x10
 562 03a7 5F756200 		.ascii	"_ub\000"
 563 03ab 04       		.byte	0x4
 564 03ac D3       		.byte	0xd3
 565 03ad 11       		.byte	0x11
 566 03ae D2020000 		.4byte	0x2d2
 567 03b2 30       		.byte	0x30
 568 03b3 10       		.uleb128 0x10
 569 03b4 5F757000 		.ascii	"_up\000"
 570 03b8 04       		.byte	0x4
 571 03b9 D4       		.byte	0xd4
 572 03ba 12       		.byte	0x12
 573 03bb FA020000 		.4byte	0x2fa
 574 03bf 38       		.byte	0x38
 575 03c0 10       		.uleb128 0x10
 576 03c1 5F757200 		.ascii	"_ur\000"
 577 03c5 04       		.byte	0x4
 578 03c6 D5       		.byte	0xd5
 579 03c7 07       		.byte	0x7
 580 03c8 25000000 		.4byte	0x25
 581 03cc 3C       		.byte	0x3c
 582 03cd 0B       		.uleb128 0xb
 583 03ce A8000000 		.4byte	.LASF56
 584 03d2 04       		.byte	0x4
 585 03d3 D8       		.byte	0xd8
 586 03d4 11       		.byte	0x11
 587 03d5 35060000 		.4byte	0x635
 588 03d9 40       		.byte	0x40
 589 03da 0B       		.uleb128 0xb
 590 03db 6F050000 		.4byte	.LASF57
 591 03df 04       		.byte	0x4
 592 03e0 D9       		.byte	0xd9
 593 03e1 11       		.byte	0x11
 594 03e2 45060000 		.4byte	0x645
 595 03e6 43       		.byte	0x43
 596 03e7 10       		.uleb128 0x10
 597 03e8 5F6C6200 		.ascii	"_lb\000"
 598 03ec 04       		.byte	0x4
 599 03ed DC       		.byte	0xdc
 600 03ee 11       		.byte	0x11
 601 03ef D2020000 		.4byte	0x2d2
 602 03f3 44       		.byte	0x44
 603 03f4 0B       		.uleb128 0xb
 604 03f5 00010000 		.4byte	.LASF58
 605 03f9 04       		.byte	0x4
 606 03fa DF       		.byte	0xdf
 607 03fb 07       		.byte	0x7
 608 03fc 25000000 		.4byte	0x25
 609 0400 4C       		.byte	0x4c
 610 0401 0B       		.uleb128 0xb
 611 0402 11010000 		.4byte	.LASF59
 612 0406 04       		.byte	0x4
 613 0407 E0       		.byte	0xe0
 614 0408 0A       		.byte	0xa
 615 0409 7F000000 		.4byte	0x7f
 616 040d 50       		.byte	0x50
 617 040e 0B       		.uleb128 0xb
 618 040f 25000000 		.4byte	.LASF60
 619 0413 04       		.byte	0x4
 620 0414 E3       		.byte	0xe3
 621 0415 12       		.byte	0x12
 622 0416 61040000 		.4byte	0x461
 623 041a 54       		.byte	0x54
 624 041b 0B       		.uleb128 0xb
 625 041c 47020000 		.4byte	.LASF61
 626 0420 04       		.byte	0x4
 627 0421 E7       		.byte	0xe7
 628 0422 0C       		.byte	0xc
 629 0423 1E010000 		.4byte	0x11e
 630 0427 58       		.byte	0x58
 631 0428 0B       		.uleb128 0xb
 632 0429 C9030000 		.4byte	.LASF62
 633 042d 04       		.byte	0x4
 634 042e E9       		.byte	0xe9
 635 042f 0E       		.byte	0xe
 636 0430 ED000000 		.4byte	0xed
 637 0434 5C       		.byte	0x5c
 638 0435 0B       		.uleb128 0xb
 639 0436 4D020000 		.4byte	.LASF63
 640 043a 04       		.byte	0x4
 641 043b EA       		.byte	0xea
 642 043c 09       		.byte	0x9
 643 043d 25000000 		.4byte	0x25
 644 0441 64       		.byte	0x64
 645 0442 00       		.byte	0
 646 0443 14       		.uleb128 0x14
 647 0444 25000000 		.4byte	0x25
 648 0448 61040000 		.4byte	0x461
 649 044c 15       		.uleb128 0x15
 650 044d 61040000 		.4byte	0x461
 651 0451 15       		.uleb128 0x15
 652 0452 F9000000 		.4byte	0xf9
 653 0456 15       		.uleb128 0x15
 654 0457 B5050000 		.4byte	0x5b5
 655 045b 15       		.uleb128 0x15
 656 045c 25000000 		.4byte	0x25
 657 0460 00       		.byte	0
 658 0461 0D       		.uleb128 0xd
 659 0462 04       		.byte	0x4
 660 0463 6C040000 		.4byte	0x46c
 661 0467 16       		.uleb128 0x16
 662 0468 61040000 		.4byte	0x461
 663 046c 17       		.uleb128 0x17
 664 046d 27040000 		.4byte	.LASF64
 665 0471 2804     		.2byte	0x428
 666 0473 04       		.byte	0x4
 667 0474 6502     		.2byte	0x265
 668 0476 08       		.byte	0x8
 669 0477 B5050000 		.4byte	0x5b5
 670 047b 18       		.uleb128 0x18
 671 047c 71040000 		.4byte	.LASF65
 672 0480 04       		.byte	0x4
 673 0481 6702     		.2byte	0x267
 674 0483 07       		.byte	0x7
 675 0484 25000000 		.4byte	0x25
 676 0488 00       		.byte	0
 677 0489 18       		.uleb128 0x18
 678 048a F9000000 		.4byte	.LASF66
 679 048e 04       		.byte	0x4
 680 048f 6C02     		.2byte	0x26c
 681 0491 0B       		.byte	0xb
 682 0492 A1060000 		.4byte	0x6a1
 683 0496 04       		.byte	0x4
 684 0497 18       		.uleb128 0x18
 685 0498 A7010000 		.4byte	.LASF67
 686 049c 04       		.byte	0x4
 687 049d 6C02     		.2byte	0x26c
 688 049f 14       		.byte	0x14
 689 04a0 A1060000 		.4byte	0x6a1
 690 04a4 08       		.byte	0x8
 691 04a5 18       		.uleb128 0x18
 692 04a6 54010000 		.4byte	.LASF68
 693 04aa 04       		.byte	0x4
 694 04ab 6C02     		.2byte	0x26c
 695 04ad 1E       		.byte	0x1e
 696 04ae A1060000 		.4byte	0x6a1
 697 04b2 0C       		.byte	0xc
 698 04b3 18       		.uleb128 0x18
 699 04b4 EA030000 		.4byte	.LASF69
 700 04b8 04       		.byte	0x4
 701 04b9 6E02     		.2byte	0x26e
 702 04bb 08       		.byte	0x8
 703 04bc 25000000 		.4byte	0x25
 704 04c0 10       		.byte	0x10
 705 04c1 18       		.uleb128 0x18
 706 04c2 1A000000 		.4byte	.LASF70
 707 04c6 04       		.byte	0x4
 708 04c7 6F02     		.2byte	0x26f
 709 04c9 08       		.byte	0x8
 710 04ca A1080000 		.4byte	0x8a1
 711 04ce 14       		.byte	0x14
 712 04cf 18       		.uleb128 0x18
 713 04d0 06040000 		.4byte	.LASF71
 714 04d4 04       		.byte	0x4
 715 04d5 7202     		.2byte	0x272
 716 04d7 07       		.byte	0x7
 717 04d8 25000000 		.4byte	0x25
 718 04dc 30       		.byte	0x30
 719 04dd 18       		.uleb128 0x18
 720 04de F4030000 		.4byte	.LASF72
 721 04e2 04       		.byte	0x4
 722 04e3 7302     		.2byte	0x273
 723 04e5 16       		.byte	0x16
 724 04e6 B6080000 		.4byte	0x8b6
 725 04ea 34       		.byte	0x34
 726 04eb 18       		.uleb128 0x18
 727 04ec 3A030000 		.4byte	.LASF73
 728 04f0 04       		.byte	0x4
 729 04f1 7502     		.2byte	0x275
 730 04f3 07       		.byte	0x7
 731 04f4 25000000 		.4byte	0x25
 732 04f8 38       		.byte	0x38
 733 04f9 18       		.uleb128 0x18
 734 04fa FC030000 		.4byte	.LASF74
 735 04fe 04       		.byte	0x4
 736 04ff 7702     		.2byte	0x277
 737 0501 0A       		.byte	0xa
 738 0502 C7080000 		.4byte	0x8c7
 739 0506 3C       		.byte	0x3c
 740 0507 18       		.uleb128 0x18
 741 0508 0B020000 		.4byte	.LASF75
 742 050c 04       		.byte	0x4
 743 050d 7A02     		.2byte	0x27a
 744 050f 13       		.byte	0x13
 745 0510 84010000 		.4byte	0x184
 746 0514 40       		.byte	0x40
 747 0515 18       		.uleb128 0x18
 748 0516 79010000 		.4byte	.LASF76
 749 051a 04       		.byte	0x4
 750 051b 7B02     		.2byte	0x27b
 751 051d 07       		.byte	0x7
 752 051e 25000000 		.4byte	0x25
 753 0522 44       		.byte	0x44
 754 0523 18       		.uleb128 0x18
 755 0524 B1050000 		.4byte	.LASF77
 756 0528 04       		.byte	0x4
 757 0529 7C02     		.2byte	0x27c
 758 052b 13       		.byte	0x13
 759 052c 84010000 		.4byte	0x184
 760 0530 48       		.byte	0x48
 761 0531 18       		.uleb128 0x18
 762 0532 4C030000 		.4byte	.LASF78
 763 0536 04       		.byte	0x4
 764 0537 7D02     		.2byte	0x27d
 765 0539 14       		.byte	0x14
 766 053a CD080000 		.4byte	0x8cd
 767 053e 4C       		.byte	0x4c
 768 053f 18       		.uleb128 0x18
 769 0540 AF010000 		.4byte	.LASF79
 770 0544 04       		.byte	0x4
 771 0545 8002     		.2byte	0x280
 772 0547 07       		.byte	0x7
 773 0548 25000000 		.4byte	0x25
 774 054c 50       		.byte	0x50
 775 054d 18       		.uleb128 0x18
 776 054e 09010000 		.4byte	.LASF80
 777 0552 04       		.byte	0x4
 778 0553 8102     		.2byte	0x281
 779 0555 09       		.byte	0x9
 780 0556 B5050000 		.4byte	0x5b5
 781 055a 54       		.byte	0x54
 782 055b 18       		.uleb128 0x18
 783 055c 80030000 		.4byte	.LASF81
 784 0560 04       		.byte	0x4
 785 0561 A402     		.2byte	0x2a4
 786 0563 07       		.byte	0x7
 787 0564 7C080000 		.4byte	0x87c
 788 0568 58       		.byte	0x58
 789 0569 19       		.uleb128 0x19
 790 056a 07030000 		.4byte	.LASF41
 791 056e 04       		.byte	0x4
 792 056f A802     		.2byte	0x2a8
 793 0571 13       		.byte	0x13
 794 0572 B5020000 		.4byte	0x2b5
 795 0576 4801     		.2byte	0x148
 796 0578 19       		.uleb128 0x19
 797 0579 E9010000 		.4byte	.LASF82
 798 057d 04       		.byte	0x4
 799 057e A902     		.2byte	0x2a9
 800 0580 12       		.byte	0x12
 801 0581 72020000 		.4byte	0x272
 802 0585 4C01     		.2byte	0x14c
 803 0587 19       		.uleb128 0x19
 804 0588 5A050000 		.4byte	.LASF83
 805 058c 04       		.byte	0x4
 806 058d AD02     		.2byte	0x2ad
 807 058f 0C       		.byte	0xc
 808 0590 DE080000 		.4byte	0x8de
 809 0594 DC02     		.2byte	0x2dc
 810 0596 19       		.uleb128 0x19
 811 0597 D9000000 		.4byte	.LASF84
 812 059b 04       		.byte	0x4
 813 059c B202     		.2byte	0x2b2
 814 059e 10       		.byte	0x10
 815 059f 62060000 		.4byte	0x662
 816 05a3 E002     		.2byte	0x2e0
 817 05a5 19       		.uleb128 0x19
 818 05a6 BE000000 		.4byte	.LASF85
 819 05aa 04       		.byte	0x4
 820 05ab B402     		.2byte	0x2b4
 821 05ad 0A       		.byte	0xa
 822 05ae EA080000 		.4byte	0x8ea
 823 05b2 EC02     		.2byte	0x2ec
 824 05b4 00       		.byte	0
 825 05b5 0D       		.uleb128 0xd
 826 05b6 04       		.byte	0x4
 827 05b7 BB050000 		.4byte	0x5bb
 828 05bb 03       		.uleb128 0x3
 829 05bc 01       		.byte	0x1
 830 05bd 08       		.byte	0x8
 831 05be 78040000 		.4byte	.LASF86
 832 05c2 16       		.uleb128 0x16
 833 05c3 BB050000 		.4byte	0x5bb
 834 05c7 0D       		.uleb128 0xd
 835 05c8 04       		.byte	0x4
 836 05c9 43040000 		.4byte	0x443
 837 05cd 14       		.uleb128 0x14
 838 05ce 25000000 		.4byte	0x25
 839 05d2 EB050000 		.4byte	0x5eb
 840 05d6 15       		.uleb128 0x15
 841 05d7 61040000 		.4byte	0x461
 842 05db 15       		.uleb128 0x15
 843 05dc F9000000 		.4byte	0xf9
 844 05e0 15       		.uleb128 0x15
 845 05e1 EB050000 		.4byte	0x5eb
 846 05e5 15       		.uleb128 0x15
 847 05e6 25000000 		.4byte	0x25
 848 05ea 00       		.byte	0
 849 05eb 0D       		.uleb128 0xd
 850 05ec 04       		.byte	0x4
 851 05ed C2050000 		.4byte	0x5c2
 852 05f1 0D       		.uleb128 0xd
 853 05f2 04       		.byte	0x4
 854 05f3 CD050000 		.4byte	0x5cd
 855 05f7 14       		.uleb128 0x14
 856 05f8 8B000000 		.4byte	0x8b
 857 05fc 15060000 		.4byte	0x615
 858 0600 15       		.uleb128 0x15
 859 0601 61040000 		.4byte	0x461
 860 0605 15       		.uleb128 0x15
 861 0606 F9000000 		.4byte	0xf9
 862 060a 15       		.uleb128 0x15
 863 060b 8B000000 		.4byte	0x8b
 864 060f 15       		.uleb128 0x15
 865 0610 25000000 		.4byte	0x25
 866 0614 00       		.byte	0
 867 0615 0D       		.uleb128 0xd
 868 0616 04       		.byte	0x4
 869 0617 F7050000 		.4byte	0x5f7
 870 061b 14       		.uleb128 0x14
 871 061c 25000000 		.4byte	0x25
 872 0620 2F060000 		.4byte	0x62f
 873 0624 15       		.uleb128 0x15
 874 0625 61040000 		.4byte	0x461
 875 0629 15       		.uleb128 0x15
 876 062a F9000000 		.4byte	0xf9
 877 062e 00       		.byte	0
 878 062f 0D       		.uleb128 0xd
 879 0630 04       		.byte	0x4
 880 0631 1B060000 		.4byte	0x61b
 881 0635 08       		.uleb128 0x8
 882 0636 55000000 		.4byte	0x55
 883 063a 45060000 		.4byte	0x645
 884 063e 09       		.uleb128 0x9
 885 063f 2C000000 		.4byte	0x2c
 886 0643 02       		.byte	0x2
 887 0644 00       		.byte	0
 888 0645 08       		.uleb128 0x8
 889 0646 55000000 		.4byte	0x55
 890 064a 55060000 		.4byte	0x655
 891 064e 09       		.uleb128 0x9
 892 064f 2C000000 		.4byte	0x2c
 893 0653 00       		.byte	0
 894 0654 00       		.byte	0
 895 0655 04       		.uleb128 0x4
 896 0656 AF030000 		.4byte	.LASF87
 897 065a 04       		.byte	0x4
 898 065b 2401     		.2byte	0x124
 899 065d 1A       		.byte	0x1a
 900 065e 00030000 		.4byte	0x300
 901 0662 1A       		.uleb128 0x1a
 902 0663 34050000 		.4byte	.LASF88
 903 0667 0C       		.byte	0xc
 904 0668 04       		.byte	0x4
 905 0669 2801     		.2byte	0x128
 906 066b 08       		.byte	0x8
 907 066c 9B060000 		.4byte	0x69b
 908 0670 18       		.uleb128 0x18
 909 0671 A9040000 		.4byte	.LASF21
 910 0675 04       		.byte	0x4
 911 0676 2A01     		.2byte	0x12a
 912 0678 11       		.byte	0x11
 913 0679 9B060000 		.4byte	0x69b
 914 067d 00       		.byte	0
 915 067e 18       		.uleb128 0x18
 916 067f CF010000 		.4byte	.LASF89
 917 0683 04       		.byte	0x4
 918 0684 2B01     		.2byte	0x12b
 919 0686 07       		.byte	0x7
 920 0687 25000000 		.4byte	0x25
 921 068b 04       		.byte	0x4
 922 068c 18       		.uleb128 0x18
 923 068d A9030000 		.4byte	.LASF90
 924 0691 04       		.byte	0x4
 925 0692 2C01     		.2byte	0x12c
 926 0694 0B       		.byte	0xb
 927 0695 A1060000 		.4byte	0x6a1
 928 0699 08       		.byte	0x8
 929 069a 00       		.byte	0
 930 069b 0D       		.uleb128 0xd
 931 069c 04       		.byte	0x4
 932 069d 62060000 		.4byte	0x662
 933 06a1 0D       		.uleb128 0xd
 934 06a2 04       		.byte	0x4
 935 06a3 55060000 		.4byte	0x655
 936 06a7 1A       		.uleb128 0x1a
 937 06a8 12000000 		.4byte	.LASF91
 938 06ac 0E       		.byte	0xe
 939 06ad 04       		.byte	0x4
 940 06ae 4401     		.2byte	0x144
 941 06b0 08       		.byte	0x8
 942 06b1 E0060000 		.4byte	0x6e0
 943 06b5 18       		.uleb128 0x18
 944 06b6 2E040000 		.4byte	.LASF92
 945 06ba 04       		.byte	0x4
 946 06bb 4501     		.2byte	0x145
 947 06bd 12       		.byte	0x12
 948 06be E0060000 		.4byte	0x6e0
 949 06c2 00       		.byte	0
 950 06c3 18       		.uleb128 0x18
 951 06c4 A3040000 		.4byte	.LASF93
 952 06c8 04       		.byte	0x4
 953 06c9 4601     		.2byte	0x146
 954 06cb 12       		.byte	0x12
 955 06cc E0060000 		.4byte	0x6e0
 956 06d0 06       		.byte	0x6
 957 06d1 18       		.uleb128 0x18
 958 06d2 C5040000 		.4byte	.LASF94
 959 06d6 04       		.byte	0x4
 960 06d7 4701     		.2byte	0x147
 961 06d9 12       		.byte	0x12
 962 06da 63000000 		.4byte	0x63
 963 06de 0C       		.byte	0xc
 964 06df 00       		.byte	0
 965 06e0 08       		.uleb128 0x8
 966 06e1 63000000 		.4byte	0x63
 967 06e5 F0060000 		.4byte	0x6f0
 968 06e9 09       		.uleb128 0x9
 969 06ea 2C000000 		.4byte	0x2c
 970 06ee 02       		.byte	0x2
 971 06ef 00       		.byte	0
 972 06f0 1B       		.uleb128 0x1b
 973 06f1 D0       		.byte	0xd0
 974 06f2 04       		.byte	0x4
 975 06f3 8502     		.2byte	0x285
 976 06f5 07       		.byte	0x7
 977 06f6 05080000 		.4byte	0x805
 978 06fa 18       		.uleb128 0x18
 979 06fb 05050000 		.4byte	.LASF95
 980 06ff 04       		.byte	0x4
 981 0700 8702     		.2byte	0x287
 982 0702 18       		.byte	0x18
 983 0703 2C000000 		.4byte	0x2c
 984 0707 00       		.byte	0
 985 0708 18       		.uleb128 0x18
 986 0709 AF040000 		.4byte	.LASF96
 987 070d 04       		.byte	0x4
 988 070e 8802     		.2byte	0x288
 989 0710 12       		.byte	0x12
 990 0711 B5050000 		.4byte	0x5b5
 991 0715 04       		.byte	0x4
 992 0716 18       		.uleb128 0x18
 993 0717 FE010000 		.4byte	.LASF97
 994 071b 04       		.byte	0x4
 995 071c 8902     		.2byte	0x289
 996 071e 10       		.byte	0x10
 997 071f 05080000 		.4byte	0x805
 998 0723 08       		.byte	0x8
 999 0724 18       		.uleb128 0x18
 1000 0725 88050000 		.4byte	.LASF98
 1001 0729 04       		.byte	0x4
 1002 072a 8A02     		.2byte	0x28a
 1003 072c 17       		.byte	0x17
 1004 072d 9A010000 		.4byte	0x19a
 1005 0731 24       		.byte	0x24
 1006 0732 18       		.uleb128 0x18
 1007 0733 64010000 		.4byte	.LASF99
 1008 0737 04       		.byte	0x4
 1009 0738 8B02     		.2byte	0x28b
 1010 073a 0F       		.byte	0xf
 1011 073b 25000000 		.4byte	0x25
 1012 073f 48       		.byte	0x48
 1013 0740 18       		.uleb128 0x18
 1014 0741 D2030000 		.4byte	.LASF100
 1015 0745 04       		.byte	0x4
 1016 0746 8C02     		.2byte	0x28c
 1017 0748 2C       		.byte	0x2c
 1018 0749 78000000 		.4byte	0x78
 1019 074d 50       		.byte	0x50
 1020 074e 18       		.uleb128 0x18
 1021 074f 9E050000 		.4byte	.LASF101
 1022 0753 04       		.byte	0x4
 1023 0754 8D02     		.2byte	0x28d
 1024 0756 1A       		.byte	0x1a
 1025 0757 A7060000 		.4byte	0x6a7
 1026 075b 58       		.byte	0x58
 1027 075c 18       		.uleb128 0x18
 1028 075d DD030000 		.4byte	.LASF102
 1029 0761 04       		.byte	0x4
 1030 0762 8E02     		.2byte	0x28e
 1031 0764 16       		.byte	0x16
 1032 0765 ED000000 		.4byte	0xed
 1033 0769 68       		.byte	0x68
 1034 076a 18       		.uleb128 0x18
 1035 076b A3050000 		.4byte	.LASF103
 1036 076f 04       		.byte	0x4
 1037 0770 8F02     		.2byte	0x28f
 1038 0772 16       		.byte	0x16
 1039 0773 ED000000 		.4byte	0xed
 1040 0777 70       		.byte	0x70
 1041 0778 18       		.uleb128 0x18
 1042 0779 56030000 		.4byte	.LASF104
 1043 077d 04       		.byte	0x4
 1044 077e 9002     		.2byte	0x290
 1045 0780 16       		.byte	0x16
 1046 0781 ED000000 		.4byte	0xed
 1047 0785 78       		.byte	0x78
 1048 0786 18       		.uleb128 0x18
 1049 0787 50050000 		.4byte	.LASF105
 1050 078b 04       		.byte	0x4
 1051 078c 9102     		.2byte	0x291
 1052 078e 10       		.byte	0x10
 1053 078f 15080000 		.4byte	0x815
 1054 0793 80       		.byte	0x80
 1055 0794 18       		.uleb128 0x18
 1056 0795 F2010000 		.4byte	.LASF106
 1057 0799 04       		.byte	0x4
 1058 079a 9202     		.2byte	0x292
 1059 079c 10       		.byte	0x10
 1060 079d 25080000 		.4byte	0x825
 1061 07a1 88       		.byte	0x88
 1062 07a2 18       		.uleb128 0x18
 1063 07a3 E5040000 		.4byte	.LASF107
 1064 07a7 04       		.byte	0x4
 1065 07a8 9302     		.2byte	0x293
 1066 07aa 0F       		.byte	0xf
 1067 07ab 25000000 		.4byte	0x25
 1068 07af A0       		.byte	0xa0
 1069 07b0 18       		.uleb128 0x18
 1070 07b1 2A010000 		.4byte	.LASF108
 1071 07b5 04       		.byte	0x4
 1072 07b6 9402     		.2byte	0x294
 1073 07b8 16       		.byte	0x16
 1074 07b9 ED000000 		.4byte	0xed
 1075 07bd A4       		.byte	0xa4
 1076 07be 18       		.uleb128 0x18
 1077 07bf 76000000 		.4byte	.LASF109
 1078 07c3 04       		.byte	0x4
 1079 07c4 9502     		.2byte	0x295
 1080 07c6 16       		.byte	0x16
 1081 07c7 ED000000 		.4byte	0xed
 1082 07cb AC       		.byte	0xac
 1083 07cc 18       		.uleb128 0x18
 1084 07cd 19010000 		.4byte	.LASF110
 1085 07d1 04       		.byte	0x4
 1086 07d2 9602     		.2byte	0x296
 1087 07d4 16       		.byte	0x16
 1088 07d5 ED000000 		.4byte	0xed
 1089 07d9 B4       		.byte	0xb4
 1090 07da 18       		.uleb128 0x18
 1091 07db 2B000000 		.4byte	.LASF111
 1092 07df 04       		.byte	0x4
 1093 07e0 9702     		.2byte	0x297
 1094 07e2 16       		.byte	0x16
 1095 07e3 ED000000 		.4byte	0xed
 1096 07e7 BC       		.byte	0xbc
 1097 07e8 18       		.uleb128 0x18
 1098 07e9 3A000000 		.4byte	.LASF112
 1099 07ed 04       		.byte	0x4
 1100 07ee 9802     		.2byte	0x298
 1101 07f0 16       		.byte	0x16
 1102 07f1 ED000000 		.4byte	0xed
 1103 07f5 C4       		.byte	0xc4
 1104 07f6 18       		.uleb128 0x18
 1105 07f7 85030000 		.4byte	.LASF113
 1106 07fb 04       		.byte	0x4
 1107 07fc 9902     		.2byte	0x299
 1108 07fe 08       		.byte	0x8
 1109 07ff 25000000 		.4byte	0x25
 1110 0803 CC       		.byte	0xcc
 1111 0804 00       		.byte	0
 1112 0805 08       		.uleb128 0x8
 1113 0806 BB050000 		.4byte	0x5bb
 1114 080a 15080000 		.4byte	0x815
 1115 080e 09       		.uleb128 0x9
 1116 080f 2C000000 		.4byte	0x2c
 1117 0813 19       		.byte	0x19
 1118 0814 00       		.byte	0
 1119 0815 08       		.uleb128 0x8
 1120 0816 BB050000 		.4byte	0x5bb
 1121 081a 25080000 		.4byte	0x825
 1122 081e 09       		.uleb128 0x9
 1123 081f 2C000000 		.4byte	0x2c
 1124 0823 07       		.byte	0x7
 1125 0824 00       		.byte	0
 1126 0825 08       		.uleb128 0x8
 1127 0826 BB050000 		.4byte	0x5bb
 1128 082a 35080000 		.4byte	0x835
 1129 082e 09       		.uleb128 0x9
 1130 082f 2C000000 		.4byte	0x2c
 1131 0833 17       		.byte	0x17
 1132 0834 00       		.byte	0
 1133 0835 1B       		.uleb128 0x1b
 1134 0836 F0       		.byte	0xf0
 1135 0837 04       		.byte	0x4
 1136 0838 9E02     		.2byte	0x29e
 1137 083a 07       		.byte	0x7
 1138 083b 5C080000 		.4byte	0x85c
 1139 083f 18       		.uleb128 0x18
 1140 0840 19020000 		.4byte	.LASF114
 1141 0844 04       		.byte	0x4
 1142 0845 A102     		.2byte	0x2a1
 1143 0847 1B       		.byte	0x1b
 1144 0848 5C080000 		.4byte	0x85c
 1145 084c 00       		.byte	0
 1146 084d 18       		.uleb128 0x18
 1147 084e 47050000 		.4byte	.LASF115
 1148 0852 04       		.byte	0x4
 1149 0853 A202     		.2byte	0x2a2
 1150 0855 18       		.byte	0x18
 1151 0856 6C080000 		.4byte	0x86c
 1152 085a 78       		.byte	0x78
 1153 085b 00       		.byte	0
 1154 085c 08       		.uleb128 0x8
 1155 085d FA020000 		.4byte	0x2fa
 1156 0861 6C080000 		.4byte	0x86c
 1157 0865 09       		.uleb128 0x9
 1158 0866 2C000000 		.4byte	0x2c
 1159 086a 1D       		.byte	0x1d
 1160 086b 00       		.byte	0
 1161 086c 08       		.uleb128 0x8
 1162 086d 2C000000 		.4byte	0x2c
 1163 0871 7C080000 		.4byte	0x87c
 1164 0875 09       		.uleb128 0x9
 1165 0876 2C000000 		.4byte	0x2c
 1166 087a 1D       		.byte	0x1d
 1167 087b 00       		.byte	0
 1168 087c 1C       		.uleb128 0x1c
 1169 087d F0       		.byte	0xf0
 1170 087e 04       		.byte	0x4
 1171 087f 8302     		.2byte	0x283
 1172 0881 03       		.byte	0x3
 1173 0882 A1080000 		.4byte	0x8a1
 1174 0886 1D       		.uleb128 0x1d
 1175 0887 27040000 		.4byte	.LASF64
 1176 088b 04       		.byte	0x4
 1177 088c 9A02     		.2byte	0x29a
 1178 088e 0B       		.byte	0xb
 1179 088f F0060000 		.4byte	0x6f0
 1180 0893 1D       		.uleb128 0x1d
 1181 0894 75050000 		.4byte	.LASF116
 1182 0898 04       		.byte	0x4
 1183 0899 A302     		.2byte	0x2a3
 1184 089b 0B       		.byte	0xb
 1185 089c 35080000 		.4byte	0x835
 1186 08a0 00       		.byte	0
 1187 08a1 08       		.uleb128 0x8
 1188 08a2 BB050000 		.4byte	0x5bb
 1189 08a6 B1080000 		.4byte	0x8b1
 1190 08aa 09       		.uleb128 0x9
 1191 08ab 2C000000 		.4byte	0x2c
 1192 08af 18       		.byte	0x18
 1193 08b0 00       		.byte	0
 1194 08b1 0E       		.uleb128 0xe
 1195 08b2 6B000000 		.4byte	.LASF118
 1196 08b6 0D       		.uleb128 0xd
 1197 08b7 04       		.byte	0x4
 1198 08b8 B1080000 		.4byte	0x8b1
 1199 08bc 1E       		.uleb128 0x1e
 1200 08bd C7080000 		.4byte	0x8c7
 1201 08c1 15       		.uleb128 0x15
 1202 08c2 61040000 		.4byte	0x461
 1203 08c6 00       		.byte	0
 1204 08c7 0D       		.uleb128 0xd
 1205 08c8 04       		.byte	0x4
 1206 08c9 BC080000 		.4byte	0x8bc
 1207 08cd 0D       		.uleb128 0xd
 1208 08ce 04       		.byte	0x4
 1209 08cf 84010000 		.4byte	0x184
 1210 08d3 1E       		.uleb128 0x1e
 1211 08d4 DE080000 		.4byte	0x8de
 1212 08d8 15       		.uleb128 0x15
 1213 08d9 25000000 		.4byte	0x25
 1214 08dd 00       		.byte	0
 1215 08de 0D       		.uleb128 0xd
 1216 08df 04       		.byte	0x4
 1217 08e0 E4080000 		.4byte	0x8e4
 1218 08e4 0D       		.uleb128 0xd
 1219 08e5 04       		.byte	0x4
 1220 08e6 D3080000 		.4byte	0x8d3
 1221 08ea 08       		.uleb128 0x8
 1222 08eb 55060000 		.4byte	0x655
 1223 08ef FA080000 		.4byte	0x8fa
 1224 08f3 09       		.uleb128 0x9
 1225 08f4 2C000000 		.4byte	0x2c
 1226 08f8 02       		.byte	0x2
 1227 08f9 00       		.byte	0
 1228 08fa 1F       		.uleb128 0x1f
 1229 08fb 5D040000 		.4byte	.LASF119
 1230 08ff 04       		.byte	0x4
 1231 0900 3303     		.2byte	0x333
 1232 0902 17       		.byte	0x17
 1233 0903 61040000 		.4byte	0x461
 1234 0907 1F       		.uleb128 0x1f
 1235 0908 F2040000 		.4byte	.LASF120
 1236 090c 04       		.byte	0x4
 1237 090d 3403     		.2byte	0x334
 1238 090f 1D       		.byte	0x1d
 1239 0910 67040000 		.4byte	0x467
 1240 0914 0D       		.uleb128 0xd
 1241 0915 04       		.byte	0x4
 1242 0916 1A090000 		.4byte	0x91a
 1243 091a 20       		.uleb128 0x20
 1244 091b 21090000 		.4byte	0x921
 1245 091f 21       		.uleb128 0x21
 1246 0920 00       		.byte	0
 1247 0921 0F       		.uleb128 0xf
 1248 0922 34040000 		.4byte	.LASF121
 1249 0926 08       		.byte	0x8
 1250 0927 01       		.byte	0x1
 1251 0928 0D       		.byte	0xd
 1252 0929 08       		.byte	0x8
 1253 092a 49090000 		.4byte	0x949
 1254 092e 0B       		.uleb128 0xb
 1255 092f 9C010000 		.4byte	.LASF122
 1256 0933 01       		.byte	0x1
 1257 0934 0E       		.byte	0xe
 1258 0935 09       		.byte	0x9
 1259 0936 F9000000 		.4byte	0xf9
 1260 093a 00       		.byte	0
 1261 093b 0B       		.uleb128 0xb
 1262 093c 64050000 		.4byte	.LASF123
 1263 0940 01       		.byte	0x1
 1264 0941 0F       		.byte	0xf
 1265 0942 0A       		.byte	0xa
 1266 0943 14090000 		.4byte	0x914
 1267 0947 04       		.byte	0x4
 1268 0948 00       		.byte	0
 1269 0949 22       		.uleb128 0x22
 1270 094a 66020000 		.4byte	.LASF124
 1271 094e 01       		.byte	0x1
 1272 094f 12       		.byte	0x12
 1273 0950 0D       		.byte	0xd
 1274 0951 BB050000 		.4byte	0x5bb
 1275 0955 23       		.uleb128 0x23
 1276 0956 86040000 		.4byte	.LASF125
 1277 095a 01       		.byte	0x1
 1278 095b 15       		.byte	0x15
 1279 095c 14       		.byte	0x14
 1280 095d 21090000 		.4byte	0x921
 1281 0961 05       		.uleb128 0x5
 1282 0962 03       		.byte	0x3
 1283 0963 00000000 		.4byte	__boot_sector
 1284 0967 24       		.uleb128 0x24
 1285 0968 12050000 		.4byte	.LASF132
 1286 096c 01       		.byte	0x1
 1287 096d 05       		.byte	0x5
 1288 096e 06       		.byte	0x6
 1289 096f 00000000 		.4byte	.LFB0
 1290 0973 18000000 		.4byte	.LFE0-.LFB0
 1291 0977 01       		.uleb128 0x1
 1292 0978 9C       		.byte	0x9c
 1293 0979 AB090000 		.4byte	0x9ab
 1294 097d 22       		.uleb128 0x22
 1295 097e 72030000 		.4byte	.LASF126
 1296 0982 01       		.byte	0x1
 1297 0983 06       		.byte	0x6
 1298 0984 15       		.byte	0x15
 1299 0985 C2050000 		.4byte	0x5c2
 1300 0989 22       		.uleb128 0x22
 1301 098a 94040000 		.4byte	.LASF127
 1302 098e 01       		.byte	0x1
 1303 098f 07       		.byte	0x7
 1304 0990 0F       		.byte	0xf
 1305 0991 BB050000 		.4byte	0x5bb
 1306 0995 22       		.uleb128 0x22
 1307 0996 3A050000 		.4byte	.LASF128
 1308 099a 01       		.byte	0x1
 1309 099b 08       		.byte	0x8
 1310 099c 0F       		.byte	0xf
 1311 099d BB050000 		.4byte	0x5bb
 1312 09a1 25       		.uleb128 0x25
 1313 09a2 0C000000 		.4byte	.LVL0
 1314 09a6 AB090000 		.4byte	0x9ab
 1315 09aa 00       		.byte	0
 1316 09ab 26       		.uleb128 0x26
 1317 09ac 20020000 		.4byte	.LASF133
 1318 09b0 36020000 		.4byte	.LASF134
 1319 09b4 06       		.byte	0x6
 1320 09b5 00       		.byte	0
 1321 09b6 00       		.byte	0
 1322              		.section	.debug_abbrev,"",%progbits
 1323              	.Ldebug_abbrev0:
 1324 0000 01       		.uleb128 0x1
 1325 0001 11       		.uleb128 0x11
 1326 0002 01       		.byte	0x1
 1327 0003 25       		.uleb128 0x25
 1328 0004 0E       		.uleb128 0xe
 1329 0005 13       		.uleb128 0x13
 1330 0006 0B       		.uleb128 0xb
 1331 0007 03       		.uleb128 0x3
 1332 0008 0E       		.uleb128 0xe
 1333 0009 1B       		.uleb128 0x1b
 1334 000a 0E       		.uleb128 0xe
 1335 000b 11       		.uleb128 0x11
 1336 000c 01       		.uleb128 0x1
 1337 000d 12       		.uleb128 0x12
 1338 000e 06       		.uleb128 0x6
 1339 000f 10       		.uleb128 0x10
 1340 0010 17       		.uleb128 0x17
 1341 0011 00       		.byte	0
 1342 0012 00       		.byte	0
 1343 0013 02       		.uleb128 0x2
 1344 0014 24       		.uleb128 0x24
 1345 0015 00       		.byte	0
 1346 0016 0B       		.uleb128 0xb
 1347 0017 0B       		.uleb128 0xb
 1348 0018 3E       		.uleb128 0x3e
 1349 0019 0B       		.uleb128 0xb
 1350 001a 03       		.uleb128 0x3
 1351 001b 08       		.uleb128 0x8
 1352 001c 00       		.byte	0
 1353 001d 00       		.byte	0
 1354 001e 03       		.uleb128 0x3
 1355 001f 24       		.uleb128 0x24
 1356 0020 00       		.byte	0
 1357 0021 0B       		.uleb128 0xb
 1358 0022 0B       		.uleb128 0xb
 1359 0023 3E       		.uleb128 0x3e
 1360 0024 0B       		.uleb128 0xb
 1361 0025 03       		.uleb128 0x3
 1362 0026 0E       		.uleb128 0xe
 1363 0027 00       		.byte	0
 1364 0028 00       		.byte	0
 1365 0029 04       		.uleb128 0x4
 1366 002a 16       		.uleb128 0x16
 1367 002b 00       		.byte	0
 1368 002c 03       		.uleb128 0x3
 1369 002d 0E       		.uleb128 0xe
 1370 002e 3A       		.uleb128 0x3a
 1371 002f 0B       		.uleb128 0xb
 1372 0030 3B       		.uleb128 0x3b
 1373 0031 05       		.uleb128 0x5
 1374 0032 39       		.uleb128 0x39
 1375 0033 0B       		.uleb128 0xb
 1376 0034 49       		.uleb128 0x49
 1377 0035 13       		.uleb128 0x13
 1378 0036 00       		.byte	0
 1379 0037 00       		.byte	0
 1380 0038 05       		.uleb128 0x5
 1381 0039 16       		.uleb128 0x16
 1382 003a 00       		.byte	0
 1383 003b 03       		.uleb128 0x3
 1384 003c 0E       		.uleb128 0xe
 1385 003d 3A       		.uleb128 0x3a
 1386 003e 0B       		.uleb128 0xb
 1387 003f 3B       		.uleb128 0x3b
 1388 0040 0B       		.uleb128 0xb
 1389 0041 39       		.uleb128 0x39
 1390 0042 0B       		.uleb128 0xb
 1391 0043 49       		.uleb128 0x49
 1392 0044 13       		.uleb128 0x13
 1393 0045 00       		.byte	0
 1394 0046 00       		.byte	0
 1395 0047 06       		.uleb128 0x6
 1396 0048 17       		.uleb128 0x17
 1397 0049 01       		.byte	0x1
 1398 004a 0B       		.uleb128 0xb
 1399 004b 0B       		.uleb128 0xb
 1400 004c 3A       		.uleb128 0x3a
 1401 004d 0B       		.uleb128 0xb
 1402 004e 3B       		.uleb128 0x3b
 1403 004f 0B       		.uleb128 0xb
 1404 0050 39       		.uleb128 0x39
 1405 0051 0B       		.uleb128 0xb
 1406 0052 01       		.uleb128 0x1
 1407 0053 13       		.uleb128 0x13
 1408 0054 00       		.byte	0
 1409 0055 00       		.byte	0
 1410 0056 07       		.uleb128 0x7
 1411 0057 0D       		.uleb128 0xd
 1412 0058 00       		.byte	0
 1413 0059 03       		.uleb128 0x3
 1414 005a 0E       		.uleb128 0xe
 1415 005b 3A       		.uleb128 0x3a
 1416 005c 0B       		.uleb128 0xb
 1417 005d 3B       		.uleb128 0x3b
 1418 005e 0B       		.uleb128 0xb
 1419 005f 39       		.uleb128 0x39
 1420 0060 0B       		.uleb128 0xb
 1421 0061 49       		.uleb128 0x49
 1422 0062 13       		.uleb128 0x13
 1423 0063 00       		.byte	0
 1424 0064 00       		.byte	0
 1425 0065 08       		.uleb128 0x8
 1426 0066 01       		.uleb128 0x1
 1427 0067 01       		.byte	0x1
 1428 0068 49       		.uleb128 0x49
 1429 0069 13       		.uleb128 0x13
 1430 006a 01       		.uleb128 0x1
 1431 006b 13       		.uleb128 0x13
 1432 006c 00       		.byte	0
 1433 006d 00       		.byte	0
 1434 006e 09       		.uleb128 0x9
 1435 006f 21       		.uleb128 0x21
 1436 0070 00       		.byte	0
 1437 0071 49       		.uleb128 0x49
 1438 0072 13       		.uleb128 0x13
 1439 0073 2F       		.uleb128 0x2f
 1440 0074 0B       		.uleb128 0xb
 1441 0075 00       		.byte	0
 1442 0076 00       		.byte	0
 1443 0077 0A       		.uleb128 0xa
 1444 0078 13       		.uleb128 0x13
 1445 0079 01       		.byte	0x1
 1446 007a 0B       		.uleb128 0xb
 1447 007b 0B       		.uleb128 0xb
 1448 007c 3A       		.uleb128 0x3a
 1449 007d 0B       		.uleb128 0xb
 1450 007e 3B       		.uleb128 0x3b
 1451 007f 0B       		.uleb128 0xb
 1452 0080 39       		.uleb128 0x39
 1453 0081 0B       		.uleb128 0xb
 1454 0082 01       		.uleb128 0x1
 1455 0083 13       		.uleb128 0x13
 1456 0084 00       		.byte	0
 1457 0085 00       		.byte	0
 1458 0086 0B       		.uleb128 0xb
 1459 0087 0D       		.uleb128 0xd
 1460 0088 00       		.byte	0
 1461 0089 03       		.uleb128 0x3
 1462 008a 0E       		.uleb128 0xe
 1463 008b 3A       		.uleb128 0x3a
 1464 008c 0B       		.uleb128 0xb
 1465 008d 3B       		.uleb128 0x3b
 1466 008e 0B       		.uleb128 0xb
 1467 008f 39       		.uleb128 0x39
 1468 0090 0B       		.uleb128 0xb
 1469 0091 49       		.uleb128 0x49
 1470 0092 13       		.uleb128 0x13
 1471 0093 38       		.uleb128 0x38
 1472 0094 0B       		.uleb128 0xb
 1473 0095 00       		.byte	0
 1474 0096 00       		.byte	0
 1475 0097 0C       		.uleb128 0xc
 1476 0098 0F       		.uleb128 0xf
 1477 0099 00       		.byte	0
 1478 009a 0B       		.uleb128 0xb
 1479 009b 0B       		.uleb128 0xb
 1480 009c 00       		.byte	0
 1481 009d 00       		.byte	0
 1482 009e 0D       		.uleb128 0xd
 1483 009f 0F       		.uleb128 0xf
 1484 00a0 00       		.byte	0
 1485 00a1 0B       		.uleb128 0xb
 1486 00a2 0B       		.uleb128 0xb
 1487 00a3 49       		.uleb128 0x49
 1488 00a4 13       		.uleb128 0x13
 1489 00a5 00       		.byte	0
 1490 00a6 00       		.byte	0
 1491 00a7 0E       		.uleb128 0xe
 1492 00a8 13       		.uleb128 0x13
 1493 00a9 00       		.byte	0
 1494 00aa 03       		.uleb128 0x3
 1495 00ab 0E       		.uleb128 0xe
 1496 00ac 3C       		.uleb128 0x3c
 1497 00ad 19       		.uleb128 0x19
 1498 00ae 00       		.byte	0
 1499 00af 00       		.byte	0
 1500 00b0 0F       		.uleb128 0xf
 1501 00b1 13       		.uleb128 0x13
 1502 00b2 01       		.byte	0x1
 1503 00b3 03       		.uleb128 0x3
 1504 00b4 0E       		.uleb128 0xe
 1505 00b5 0B       		.uleb128 0xb
 1506 00b6 0B       		.uleb128 0xb
 1507 00b7 3A       		.uleb128 0x3a
 1508 00b8 0B       		.uleb128 0xb
 1509 00b9 3B       		.uleb128 0x3b
 1510 00ba 0B       		.uleb128 0xb
 1511 00bb 39       		.uleb128 0x39
 1512 00bc 0B       		.uleb128 0xb
 1513 00bd 01       		.uleb128 0x1
 1514 00be 13       		.uleb128 0x13
 1515 00bf 00       		.byte	0
 1516 00c0 00       		.byte	0
 1517 00c1 10       		.uleb128 0x10
 1518 00c2 0D       		.uleb128 0xd
 1519 00c3 00       		.byte	0
 1520 00c4 03       		.uleb128 0x3
 1521 00c5 08       		.uleb128 0x8
 1522 00c6 3A       		.uleb128 0x3a
 1523 00c7 0B       		.uleb128 0xb
 1524 00c8 3B       		.uleb128 0x3b
 1525 00c9 0B       		.uleb128 0xb
 1526 00ca 39       		.uleb128 0x39
 1527 00cb 0B       		.uleb128 0xb
 1528 00cc 49       		.uleb128 0x49
 1529 00cd 13       		.uleb128 0x13
 1530 00ce 38       		.uleb128 0x38
 1531 00cf 0B       		.uleb128 0xb
 1532 00d0 00       		.byte	0
 1533 00d1 00       		.byte	0
 1534 00d2 11       		.uleb128 0x11
 1535 00d3 13       		.uleb128 0x13
 1536 00d4 01       		.byte	0x1
 1537 00d5 03       		.uleb128 0x3
 1538 00d6 0E       		.uleb128 0xe
 1539 00d7 0B       		.uleb128 0xb
 1540 00d8 05       		.uleb128 0x5
 1541 00d9 3A       		.uleb128 0x3a
 1542 00da 0B       		.uleb128 0xb
 1543 00db 3B       		.uleb128 0x3b
 1544 00dc 0B       		.uleb128 0xb
 1545 00dd 39       		.uleb128 0x39
 1546 00de 0B       		.uleb128 0xb
 1547 00df 01       		.uleb128 0x1
 1548 00e0 13       		.uleb128 0x13
 1549 00e1 00       		.byte	0
 1550 00e2 00       		.byte	0
 1551 00e3 12       		.uleb128 0x12
 1552 00e4 0D       		.uleb128 0xd
 1553 00e5 00       		.byte	0
 1554 00e6 03       		.uleb128 0x3
 1555 00e7 0E       		.uleb128 0xe
 1556 00e8 3A       		.uleb128 0x3a
 1557 00e9 0B       		.uleb128 0xb
 1558 00ea 3B       		.uleb128 0x3b
 1559 00eb 0B       		.uleb128 0xb
 1560 00ec 39       		.uleb128 0x39
 1561 00ed 0B       		.uleb128 0xb
 1562 00ee 49       		.uleb128 0x49
 1563 00ef 13       		.uleb128 0x13
 1564 00f0 38       		.uleb128 0x38
 1565 00f1 05       		.uleb128 0x5
 1566 00f2 00       		.byte	0
 1567 00f3 00       		.byte	0
 1568 00f4 13       		.uleb128 0x13
 1569 00f5 15       		.uleb128 0x15
 1570 00f6 00       		.byte	0
 1571 00f7 27       		.uleb128 0x27
 1572 00f8 19       		.uleb128 0x19
 1573 00f9 00       		.byte	0
 1574 00fa 00       		.byte	0
 1575 00fb 14       		.uleb128 0x14
 1576 00fc 15       		.uleb128 0x15
 1577 00fd 01       		.byte	0x1
 1578 00fe 27       		.uleb128 0x27
 1579 00ff 19       		.uleb128 0x19
 1580 0100 49       		.uleb128 0x49
 1581 0101 13       		.uleb128 0x13
 1582 0102 01       		.uleb128 0x1
 1583 0103 13       		.uleb128 0x13
 1584 0104 00       		.byte	0
 1585 0105 00       		.byte	0
 1586 0106 15       		.uleb128 0x15
 1587 0107 05       		.uleb128 0x5
 1588 0108 00       		.byte	0
 1589 0109 49       		.uleb128 0x49
 1590 010a 13       		.uleb128 0x13
 1591 010b 00       		.byte	0
 1592 010c 00       		.byte	0
 1593 010d 16       		.uleb128 0x16
 1594 010e 26       		.uleb128 0x26
 1595 010f 00       		.byte	0
 1596 0110 49       		.uleb128 0x49
 1597 0111 13       		.uleb128 0x13
 1598 0112 00       		.byte	0
 1599 0113 00       		.byte	0
 1600 0114 17       		.uleb128 0x17
 1601 0115 13       		.uleb128 0x13
 1602 0116 01       		.byte	0x1
 1603 0117 03       		.uleb128 0x3
 1604 0118 0E       		.uleb128 0xe
 1605 0119 0B       		.uleb128 0xb
 1606 011a 05       		.uleb128 0x5
 1607 011b 3A       		.uleb128 0x3a
 1608 011c 0B       		.uleb128 0xb
 1609 011d 3B       		.uleb128 0x3b
 1610 011e 05       		.uleb128 0x5
 1611 011f 39       		.uleb128 0x39
 1612 0120 0B       		.uleb128 0xb
 1613 0121 01       		.uleb128 0x1
 1614 0122 13       		.uleb128 0x13
 1615 0123 00       		.byte	0
 1616 0124 00       		.byte	0
 1617 0125 18       		.uleb128 0x18
 1618 0126 0D       		.uleb128 0xd
 1619 0127 00       		.byte	0
 1620 0128 03       		.uleb128 0x3
 1621 0129 0E       		.uleb128 0xe
 1622 012a 3A       		.uleb128 0x3a
 1623 012b 0B       		.uleb128 0xb
 1624 012c 3B       		.uleb128 0x3b
 1625 012d 05       		.uleb128 0x5
 1626 012e 39       		.uleb128 0x39
 1627 012f 0B       		.uleb128 0xb
 1628 0130 49       		.uleb128 0x49
 1629 0131 13       		.uleb128 0x13
 1630 0132 38       		.uleb128 0x38
 1631 0133 0B       		.uleb128 0xb
 1632 0134 00       		.byte	0
 1633 0135 00       		.byte	0
 1634 0136 19       		.uleb128 0x19
 1635 0137 0D       		.uleb128 0xd
 1636 0138 00       		.byte	0
 1637 0139 03       		.uleb128 0x3
 1638 013a 0E       		.uleb128 0xe
 1639 013b 3A       		.uleb128 0x3a
 1640 013c 0B       		.uleb128 0xb
 1641 013d 3B       		.uleb128 0x3b
 1642 013e 05       		.uleb128 0x5
 1643 013f 39       		.uleb128 0x39
 1644 0140 0B       		.uleb128 0xb
 1645 0141 49       		.uleb128 0x49
 1646 0142 13       		.uleb128 0x13
 1647 0143 38       		.uleb128 0x38
 1648 0144 05       		.uleb128 0x5
 1649 0145 00       		.byte	0
 1650 0146 00       		.byte	0
 1651 0147 1A       		.uleb128 0x1a
 1652 0148 13       		.uleb128 0x13
 1653 0149 01       		.byte	0x1
 1654 014a 03       		.uleb128 0x3
 1655 014b 0E       		.uleb128 0xe
 1656 014c 0B       		.uleb128 0xb
 1657 014d 0B       		.uleb128 0xb
 1658 014e 3A       		.uleb128 0x3a
 1659 014f 0B       		.uleb128 0xb
 1660 0150 3B       		.uleb128 0x3b
 1661 0151 05       		.uleb128 0x5
 1662 0152 39       		.uleb128 0x39
 1663 0153 0B       		.uleb128 0xb
 1664 0154 01       		.uleb128 0x1
 1665 0155 13       		.uleb128 0x13
 1666 0156 00       		.byte	0
 1667 0157 00       		.byte	0
 1668 0158 1B       		.uleb128 0x1b
 1669 0159 13       		.uleb128 0x13
 1670 015a 01       		.byte	0x1
 1671 015b 0B       		.uleb128 0xb
 1672 015c 0B       		.uleb128 0xb
 1673 015d 3A       		.uleb128 0x3a
 1674 015e 0B       		.uleb128 0xb
 1675 015f 3B       		.uleb128 0x3b
 1676 0160 05       		.uleb128 0x5
 1677 0161 39       		.uleb128 0x39
 1678 0162 0B       		.uleb128 0xb
 1679 0163 01       		.uleb128 0x1
 1680 0164 13       		.uleb128 0x13
 1681 0165 00       		.byte	0
 1682 0166 00       		.byte	0
 1683 0167 1C       		.uleb128 0x1c
 1684 0168 17       		.uleb128 0x17
 1685 0169 01       		.byte	0x1
 1686 016a 0B       		.uleb128 0xb
 1687 016b 0B       		.uleb128 0xb
 1688 016c 3A       		.uleb128 0x3a
 1689 016d 0B       		.uleb128 0xb
 1690 016e 3B       		.uleb128 0x3b
 1691 016f 05       		.uleb128 0x5
 1692 0170 39       		.uleb128 0x39
 1693 0171 0B       		.uleb128 0xb
 1694 0172 01       		.uleb128 0x1
 1695 0173 13       		.uleb128 0x13
 1696 0174 00       		.byte	0
 1697 0175 00       		.byte	0
 1698 0176 1D       		.uleb128 0x1d
 1699 0177 0D       		.uleb128 0xd
 1700 0178 00       		.byte	0
 1701 0179 03       		.uleb128 0x3
 1702 017a 0E       		.uleb128 0xe
 1703 017b 3A       		.uleb128 0x3a
 1704 017c 0B       		.uleb128 0xb
 1705 017d 3B       		.uleb128 0x3b
 1706 017e 05       		.uleb128 0x5
 1707 017f 39       		.uleb128 0x39
 1708 0180 0B       		.uleb128 0xb
 1709 0181 49       		.uleb128 0x49
 1710 0182 13       		.uleb128 0x13
 1711 0183 00       		.byte	0
 1712 0184 00       		.byte	0
 1713 0185 1E       		.uleb128 0x1e
 1714 0186 15       		.uleb128 0x15
 1715 0187 01       		.byte	0x1
 1716 0188 27       		.uleb128 0x27
 1717 0189 19       		.uleb128 0x19
 1718 018a 01       		.uleb128 0x1
 1719 018b 13       		.uleb128 0x13
 1720 018c 00       		.byte	0
 1721 018d 00       		.byte	0
 1722 018e 1F       		.uleb128 0x1f
 1723 018f 34       		.uleb128 0x34
 1724 0190 00       		.byte	0
 1725 0191 03       		.uleb128 0x3
 1726 0192 0E       		.uleb128 0xe
 1727 0193 3A       		.uleb128 0x3a
 1728 0194 0B       		.uleb128 0xb
 1729 0195 3B       		.uleb128 0x3b
 1730 0196 05       		.uleb128 0x5
 1731 0197 39       		.uleb128 0x39
 1732 0198 0B       		.uleb128 0xb
 1733 0199 49       		.uleb128 0x49
 1734 019a 13       		.uleb128 0x13
 1735 019b 3F       		.uleb128 0x3f
 1736 019c 19       		.uleb128 0x19
 1737 019d 3C       		.uleb128 0x3c
 1738 019e 19       		.uleb128 0x19
 1739 019f 00       		.byte	0
 1740 01a0 00       		.byte	0
 1741 01a1 20       		.uleb128 0x20
 1742 01a2 15       		.uleb128 0x15
 1743 01a3 01       		.byte	0x1
 1744 01a4 01       		.uleb128 0x1
 1745 01a5 13       		.uleb128 0x13
 1746 01a6 00       		.byte	0
 1747 01a7 00       		.byte	0
 1748 01a8 21       		.uleb128 0x21
 1749 01a9 18       		.uleb128 0x18
 1750 01aa 00       		.byte	0
 1751 01ab 00       		.byte	0
 1752 01ac 00       		.byte	0
 1753 01ad 22       		.uleb128 0x22
 1754 01ae 34       		.uleb128 0x34
 1755 01af 00       		.byte	0
 1756 01b0 03       		.uleb128 0x3
 1757 01b1 0E       		.uleb128 0xe
 1758 01b2 3A       		.uleb128 0x3a
 1759 01b3 0B       		.uleb128 0xb
 1760 01b4 3B       		.uleb128 0x3b
 1761 01b5 0B       		.uleb128 0xb
 1762 01b6 39       		.uleb128 0x39
 1763 01b7 0B       		.uleb128 0xb
 1764 01b8 49       		.uleb128 0x49
 1765 01b9 13       		.uleb128 0x13
 1766 01ba 3F       		.uleb128 0x3f
 1767 01bb 19       		.uleb128 0x19
 1768 01bc 3C       		.uleb128 0x3c
 1769 01bd 19       		.uleb128 0x19
 1770 01be 00       		.byte	0
 1771 01bf 00       		.byte	0
 1772 01c0 23       		.uleb128 0x23
 1773 01c1 34       		.uleb128 0x34
 1774 01c2 00       		.byte	0
 1775 01c3 03       		.uleb128 0x3
 1776 01c4 0E       		.uleb128 0xe
 1777 01c5 3A       		.uleb128 0x3a
 1778 01c6 0B       		.uleb128 0xb
 1779 01c7 3B       		.uleb128 0x3b
 1780 01c8 0B       		.uleb128 0xb
 1781 01c9 39       		.uleb128 0x39
 1782 01ca 0B       		.uleb128 0xb
 1783 01cb 49       		.uleb128 0x49
 1784 01cc 13       		.uleb128 0x13
 1785 01cd 3F       		.uleb128 0x3f
 1786 01ce 19       		.uleb128 0x19
 1787 01cf 02       		.uleb128 0x2
 1788 01d0 18       		.uleb128 0x18
 1789 01d1 00       		.byte	0
 1790 01d2 00       		.byte	0
 1791 01d3 24       		.uleb128 0x24
 1792 01d4 2E       		.uleb128 0x2e
 1793 01d5 01       		.byte	0x1
 1794 01d6 3F       		.uleb128 0x3f
 1795 01d7 19       		.uleb128 0x19
 1796 01d8 03       		.uleb128 0x3
 1797 01d9 0E       		.uleb128 0xe
 1798 01da 3A       		.uleb128 0x3a
 1799 01db 0B       		.uleb128 0xb
 1800 01dc 3B       		.uleb128 0x3b
 1801 01dd 0B       		.uleb128 0xb
 1802 01de 39       		.uleb128 0x39
 1803 01df 0B       		.uleb128 0xb
 1804 01e0 11       		.uleb128 0x11
 1805 01e1 01       		.uleb128 0x1
 1806 01e2 12       		.uleb128 0x12
 1807 01e3 06       		.uleb128 0x6
 1808 01e4 40       		.uleb128 0x40
 1809 01e5 18       		.uleb128 0x18
 1810 01e6 9742     		.uleb128 0x2117
 1811 01e8 19       		.uleb128 0x19
 1812 01e9 01       		.uleb128 0x1
 1813 01ea 13       		.uleb128 0x13
 1814 01eb 00       		.byte	0
 1815 01ec 00       		.byte	0
 1816 01ed 25       		.uleb128 0x25
 1817 01ee 898201   		.uleb128 0x4109
 1818 01f1 00       		.byte	0
 1819 01f2 11       		.uleb128 0x11
 1820 01f3 01       		.uleb128 0x1
 1821 01f4 9542     		.uleb128 0x2115
 1822 01f6 19       		.uleb128 0x19
 1823 01f7 31       		.uleb128 0x31
 1824 01f8 13       		.uleb128 0x13
 1825 01f9 00       		.byte	0
 1826 01fa 00       		.byte	0
 1827 01fb 26       		.uleb128 0x26
 1828 01fc 2E       		.uleb128 0x2e
 1829 01fd 00       		.byte	0
 1830 01fe 3F       		.uleb128 0x3f
 1831 01ff 19       		.uleb128 0x19
 1832 0200 3C       		.uleb128 0x3c
 1833 0201 19       		.uleb128 0x19
 1834 0202 6E       		.uleb128 0x6e
 1835 0203 0E       		.uleb128 0xe
 1836 0204 03       		.uleb128 0x3
 1837 0205 0E       		.uleb128 0xe
 1838 0206 3A       		.uleb128 0x3a
 1839 0207 0B       		.uleb128 0xb
 1840 0208 3B       		.uleb128 0x3b
 1841 0209 0B       		.uleb128 0xb
 1842 020a 00       		.byte	0
 1843 020b 00       		.byte	0
 1844 020c 00       		.byte	0
 1845              		.section	.debug_aranges,"",%progbits
 1846 0000 1C000000 		.4byte	0x1c
 1847 0004 0200     		.2byte	0x2
 1848 0006 00000000 		.4byte	.Ldebug_info0
 1849 000a 04       		.byte	0x4
 1850 000b 00       		.byte	0
 1851 000c 0000     		.2byte	0
 1852 000e 0000     		.2byte	0
 1853 0010 00000000 		.4byte	.Ltext0
 1854 0014 18000000 		.4byte	.Letext0-.Ltext0
 1855 0018 00000000 		.4byte	0
 1856 001c 00000000 		.4byte	0
 1857              		.section	.debug_line,"",%progbits
 1858              	.Ldebug_line0:
 1859 0000 C7000000 		.section	.debug_str,"MS",%progbits,1
 1859      0300AC00 
 1859      00000201 
 1859      FB0E0D00 
 1859      01010101 
 1860              	.LASF38:
 1861 0000 5F64736F 		.ascii	"_dso_handle\000"
 1861      5F68616E 
 1861      646C6500 
 1862              	.LASF46:
 1863 000c 5F73697A 		.ascii	"_size\000"
 1863      6500
 1864              	.LASF91:
 1865 0012 5F72616E 		.ascii	"_rand48\000"
 1865      64343800 
 1866              	.LASF70:
 1867 001a 5F656D65 		.ascii	"_emergency\000"
 1867      7267656E 
 1867      637900
 1868              	.LASF60:
 1869 0025 5F646174 		.ascii	"_data\000"
 1869      6100
 1870              	.LASF111:
 1871 002b 5F776372 		.ascii	"_wcrtomb_state\000"
 1871      746F6D62 
 1871      5F737461 
 1871      746500
 1872              	.LASF112:
 1873 003a 5F776373 		.ascii	"_wcsrtombs_state\000"
 1873      72746F6D 
 1873      62735F73 
 1873      74617465 
 1873      00
 1874              	.LASF9:
 1875 004b 6C6F6E67 		.ascii	"long long unsigned int\000"
 1875      206C6F6E 
 1875      6720756E 
 1875      7369676E 
 1875      65642069 
 1876              	.LASF50:
 1877 0062 5F6C6266 		.ascii	"_lbfsize\000"
 1877      73697A65 
 1877      00
 1878              	.LASF118:
 1879 006b 5F5F6C6F 		.ascii	"__locale_t\000"
 1879      63616C65 
 1879      5F7400
 1880              	.LASF109:
 1881 0076 5F6D6272 		.ascii	"_mbrtowc_state\000"
 1881      746F7763 
 1881      5F737461 
 1881      746500
 1882              	.LASF27:
 1883 0085 5F5F746D 		.ascii	"__tm_sec\000"
 1883      5F736563 
 1883      00
 1884              	.LASF1:
 1885 008e 6C6F6E67 		.ascii	"long long int\000"
 1885      206C6F6E 
 1885      6720696E 
 1885      7400
 1886              	.LASF3:
 1887 009c 7369676E 		.ascii	"signed char\000"
 1887      65642063 
 1887      68617200 
 1888              	.LASF56:
 1889 00a8 5F756275 		.ascii	"_ubuf\000"
 1889      6600
 1890              	.LASF45:
 1891 00ae 5F626173 		.ascii	"_base\000"
 1891      6500
 1892              	.LASF29:
 1893 00b4 5F5F746D 		.ascii	"__tm_hour\000"
 1893      5F686F75 
 1893      7200
 1894              	.LASF85:
 1895 00be 5F5F7366 		.ascii	"__sf\000"
 1895      00
 1896              	.LASF36:
 1897 00c3 5F6F6E5F 		.ascii	"_on_exit_args\000"
 1897      65786974 
 1897      5F617267 
 1897      7300
 1898              	.LASF51:
 1899 00d1 5F636F6F 		.ascii	"_cookie\000"
 1899      6B696500 
 1900              	.LASF84:
 1901 00d9 5F5F7367 		.ascii	"__sglue\000"
 1901      6C756500 
 1902              	.LASF7:
 1903 00e1 6C6F6E67 		.ascii	"long int\000"
 1903      20696E74 
 1903      00
 1904              	.LASF48:
 1905 00ea 5F666C61 		.ascii	"_flags\000"
 1905      677300
 1906              	.LASF40:
 1907 00f1 5F69735F 		.ascii	"_is_cxa\000"
 1907      63786100 
 1908              	.LASF66:
 1909 00f9 5F737464 		.ascii	"_stdin\000"
 1909      696E00
 1910              	.LASF58:
 1911 0100 5F626C6B 		.ascii	"_blksize\000"
 1911      73697A65 
 1911      00
 1912              	.LASF80:
 1913 0109 5F637674 		.ascii	"_cvtbuf\000"
 1913      62756600 
 1914              	.LASF59:
 1915 0111 5F6F6666 		.ascii	"_offset\000"
 1915      73657400 
 1916              	.LASF110:
 1917 0119 5F6D6273 		.ascii	"_mbsrtowcs_state\000"
 1917      72746F77 
 1917      63735F73 
 1917      74617465 
 1917      00
 1918              	.LASF108:
 1919 012a 5F6D6272 		.ascii	"_mbrlen_state\000"
 1919      6C656E5F 
 1919      73746174 
 1919      6500
 1920              	.LASF37:
 1921 0138 5F666E61 		.ascii	"_fnargs\000"
 1921      72677300 
 1922              	.LASF43:
 1923 0140 5F666E73 		.ascii	"_fns\000"
 1923      00
 1924              	.LASF23:
 1925 0145 5F736967 		.ascii	"_sign\000"
 1925      6E00
 1926              	.LASF20:
 1927 014b 5F666C6F 		.ascii	"_flock_t\000"
 1927      636B5F74 
 1927      00
 1928              	.LASF68:
 1929 0154 5F737464 		.ascii	"_stderr\000"
 1929      65727200 
 1930              	.LASF25:
 1931 015c 5F426967 		.ascii	"_Bigint\000"
 1931      696E7400 
 1932              	.LASF99:
 1933 0164 5F67616D 		.ascii	"_gamma_signgam\000"
 1933      6D615F73 
 1933      69676E67 
 1933      616D00
 1934              	.LASF52:
 1935 0173 5F726561 		.ascii	"_read\000"
 1935      6400
 1936              	.LASF76:
 1937 0179 5F726573 		.ascii	"_result_k\000"
 1937      756C745F 
 1937      6B00
 1938              	.LASF26:
 1939 0183 5F5F746D 		.ascii	"__tm\000"
 1939      00
 1940              	.LASF0:
 1941 0188 756E7369 		.ascii	"unsigned int\000"
 1941      676E6564 
 1941      20696E74 
 1941      00
 1942              	.LASF14:
 1943 0195 5F5F7763 		.ascii	"__wchb\000"
 1943      686200
 1944              	.LASF122:
 1945 019c 696E6974 		.ascii	"initial_SP\000"
 1945      69616C5F 
 1945      535000
 1946              	.LASF67:
 1947 01a7 5F737464 		.ascii	"_stdout\000"
 1947      6F757400 
 1948              	.LASF79:
 1949 01af 5F637674 		.ascii	"_cvtlen\000"
 1949      6C656E00 
 1950              	.LASF8:
 1951 01b7 6C6F6E67 		.ascii	"long unsigned int\000"
 1951      20756E73 
 1951      69676E65 
 1951      6420696E 
 1951      7400
 1952              	.LASF49:
 1953 01c9 5F66696C 		.ascii	"_file\000"
 1953      6500
 1954              	.LASF89:
 1955 01cf 5F6E696F 		.ascii	"_niobs\000"
 1955      627300
 1956              	.LASF6:
 1957 01d6 73686F72 		.ascii	"short unsigned int\000"
 1957      7420756E 
 1957      7369676E 
 1957      65642069 
 1957      6E7400
 1958              	.LASF82:
 1959 01e9 5F617465 		.ascii	"_atexit0\000"
 1959      78697430 
 1959      00
 1960              	.LASF106:
 1961 01f2 5F736967 		.ascii	"_signal_buf\000"
 1961      6E616C5F 
 1961      62756600 
 1962              	.LASF97:
 1963 01fe 5F617363 		.ascii	"_asctime_buf\000"
 1963      74696D65 
 1963      5F627566 
 1963      00
 1964              	.LASF75:
 1965 020b 5F726573 		.ascii	"_result\000"
 1965      756C7400 
 1966              	.LASF13:
 1967 0213 5F5F7763 		.ascii	"__wch\000"
 1967      6800
 1968              	.LASF114:
 1969 0219 5F6E6578 		.ascii	"_nextf\000"
 1969      746600
 1970              	.LASF133:
 1971 0220 6D656D63 		.ascii	"memcpy\000"
 1971      707900
 1972              	.LASF19:
 1973 0227 5F4C4F43 		.ascii	"_LOCK_T\000"
 1973      4B5F5400 
 1974              	.LASF10:
 1975 022f 77696E74 		.ascii	"wint_t\000"
 1975      5F7400
 1976              	.LASF134:
 1977 0236 5F5F6275 		.ascii	"__builtin_memcpy\000"
 1977      696C7469 
 1977      6E5F6D65 
 1977      6D637079 
 1977      00
 1978              	.LASF61:
 1979 0247 5F6C6F63 		.ascii	"_lock\000"
 1979      6B00
 1980              	.LASF63:
 1981 024d 5F666C61 		.ascii	"_flags2\000"
 1981      67733200 
 1982              	.LASF53:
 1983 0255 5F777269 		.ascii	"_write\000"
 1983      746500
 1984              	.LASF32:
 1985 025c 5F5F746D 		.ascii	"__tm_year\000"
 1985      5F796561 
 1985      7200
 1986              	.LASF124:
 1987 0266 5F5F7374 		.ascii	"__stack\000"
 1987      61636B00 
 1988              	.LASF2:
 1989 026e 6C6F6E67 		.ascii	"long double\000"
 1989      20646F75 
 1989      626C6500 
 1990              	.LASF129:
 1991 027a 474E5520 		.ascii	"GNU C17 9.3.0 -mtune=cortex-m4 -mthumb -mfloat-abi="
 1991      43313720 
 1991      392E332E 
 1991      30202D6D 
 1991      74756E65 
 1992 02ad 68617264 		.ascii	"hard -mfpu=fpv4-sp-d16 -march=armv7e-m+fp -g -O0 -O"
 1992      202D6D66 
 1992      70753D66 
 1992      7076342D 
 1992      73702D64 
 1993 02e0 73202D66 		.ascii	"s -fsingle-precision-constant\000"
 1993      73696E67 
 1993      6C652D70 
 1993      72656369 
 1993      73696F6E 
 1994              	.LASF31:
 1995 02fe 5F5F746D 		.ascii	"__tm_mon\000"
 1995      5F6D6F6E 
 1995      00
 1996              	.LASF41:
 1997 0307 5F617465 		.ascii	"_atexit\000"
 1997      78697400 
 1998              	.LASF131:
 1999 030f 2F686F6D 		.ascii	"/home/dylan/Documents/Cours/E2I/microc/TP5\000"
 1999      652F6479 
 1999      6C616E2F 
 1999      446F6375 
 1999      6D656E74 
 2000              	.LASF73:
 2001 033a 5F5F7364 		.ascii	"__sdidinit\000"
 2001      6964696E 
 2001      697400
 2002              	.LASF11:
 2003 0345 5F6F6666 		.ascii	"_off_t\000"
 2003      5F7400
 2004              	.LASF78:
 2005 034c 5F667265 		.ascii	"_freelist\000"
 2005      656C6973 
 2005      7400
 2006              	.LASF104:
 2007 0356 5F776374 		.ascii	"_wctomb_state\000"
 2007      6F6D625F 
 2007      73746174 
 2007      6500
 2008              	.LASF4:
 2009 0364 756E7369 		.ascii	"unsigned char\000"
 2009      676E6564 
 2009      20636861 
 2009      7200
 2010              	.LASF126:
 2011 0372 5F5F6461 		.ascii	"__data_load__\000"
 2011      74615F6C 
 2011      6F61645F 
 2011      5F00
 2012              	.LASF81:
 2013 0380 5F6E6577 		.ascii	"_new\000"
 2013      00
 2014              	.LASF113:
 2015 0385 5F685F65 		.ascii	"_h_errno\000"
 2015      72726E6F 
 2015      00
 2016              	.LASF5:
 2017 038e 73686F72 		.ascii	"short int\000"
 2017      7420696E 
 2017      7400
 2018              	.LASF34:
 2019 0398 5F5F746D 		.ascii	"__tm_yday\000"
 2019      5F796461 
 2019      7900
 2020              	.LASF44:
 2021 03a2 5F5F7362 		.ascii	"__sbuf\000"
 2021      756600
 2022              	.LASF90:
 2023 03a9 5F696F62 		.ascii	"_iobs\000"
 2023      7300
 2024              	.LASF87:
 2025 03af 5F5F4649 		.ascii	"__FILE\000"
 2025      4C4500
 2026              	.LASF17:
 2027 03b6 5F6D6273 		.ascii	"_mbstate_t\000"
 2027      74617465 
 2027      5F7400
 2028              	.LASF47:
 2029 03c1 5F5F7346 		.ascii	"__sFILE\000"
 2029      494C4500 
 2030              	.LASF62:
 2031 03c9 5F6D6273 		.ascii	"_mbstate\000"
 2031      74617465 
 2031      00
 2032              	.LASF100:
 2033 03d2 5F72616E 		.ascii	"_rand_next\000"
 2033      645F6E65 
 2033      787400
 2034              	.LASF102:
 2035 03dd 5F6D626C 		.ascii	"_mblen_state\000"
 2035      656E5F73 
 2035      74617465 
 2035      00
 2036              	.LASF69:
 2037 03ea 5F696E63 		.ascii	"_inc\000"
 2037      00
 2038              	.LASF42:
 2039 03ef 5F696E64 		.ascii	"_ind\000"
 2039      00
 2040              	.LASF72:
 2041 03f4 5F6C6F63 		.ascii	"_locale\000"
 2041      616C6500 
 2042              	.LASF74:
 2043 03fc 5F5F636C 		.ascii	"__cleanup\000"
 2043      65616E75 
 2043      7000
 2044              	.LASF71:
 2045 0406 5F756E73 		.ascii	"_unspecified_locale_info\000"
 2045      70656369 
 2045      66696564 
 2045      5F6C6F63 
 2045      616C655F 
 2046              	.LASF22:
 2047 041f 5F6D6178 		.ascii	"_maxwds\000"
 2047      77647300 
 2048              	.LASF64:
 2049 0427 5F726565 		.ascii	"_reent\000"
 2049      6E7400
 2050              	.LASF92:
 2051 042e 5F736565 		.ascii	"_seed\000"
 2051      6400
 2052              	.LASF121:
 2053 0434 626F6F74 		.ascii	"boot_struct\000"
 2053      5F737472 
 2053      75637400 
 2054              	.LASF15:
 2055 0440 5F5F636F 		.ascii	"__count\000"
 2055      756E7400 
 2056              	.LASF117:
 2057 0448 5F5F6C6F 		.ascii	"__lock\000"
 2057      636B00
 2058              	.LASF16:
 2059 044f 5F5F7661 		.ascii	"__value\000"
 2059      6C756500 
 2060              	.LASF54:
 2061 0457 5F736565 		.ascii	"_seek\000"
 2061      6B00
 2062              	.LASF119:
 2063 045d 5F696D70 		.ascii	"_impure_ptr\000"
 2063      7572655F 
 2063      70747200 
 2064              	.LASF12:
 2065 0469 5F66706F 		.ascii	"_fpos_t\000"
 2065      735F7400 
 2066              	.LASF65:
 2067 0471 5F657272 		.ascii	"_errno\000"
 2067      6E6F00
 2068              	.LASF86:
 2069 0478 63686172 		.ascii	"char\000"
 2069      00
 2070              	.LASF28:
 2071 047d 5F5F746D 		.ascii	"__tm_min\000"
 2071      5F6D696E 
 2071      00
 2072              	.LASF125:
 2073 0486 5F5F626F 		.ascii	"__boot_sector\000"
 2073      6F745F73 
 2073      6563746F 
 2073      7200
 2074              	.LASF127:
 2075 0494 5F5F6461 		.ascii	"__data_start__\000"
 2075      74615F73 
 2075      74617274 
 2075      5F5F00
 2076              	.LASF93:
 2077 04a3 5F6D756C 		.ascii	"_mult\000"
 2077      7400
 2078              	.LASF21:
 2079 04a9 5F6E6578 		.ascii	"_next\000"
 2079      7400
 2080              	.LASF96:
 2081 04af 5F737472 		.ascii	"_strtok_last\000"
 2081      746F6B5F 
 2081      6C617374 
 2081      00
 2082              	.LASF39:
 2083 04bc 5F666E74 		.ascii	"_fntypes\000"
 2083      79706573 
 2083      00
 2084              	.LASF94:
 2085 04c5 5F616464 		.ascii	"_add\000"
 2085      00
 2086              	.LASF130:
 2087 04ca 7372632F 		.ascii	"src/boot/startup.c\000"
 2087      626F6F74 
 2087      2F737461 
 2087      72747570 
 2087      2E6300
 2088              	.LASF18:
 2089 04dd 5F5F554C 		.ascii	"__ULong\000"
 2089      6F6E6700 
 2090              	.LASF107:
 2091 04e5 5F676574 		.ascii	"_getdate_err\000"
 2091      64617465 
 2091      5F657272 
 2091      00
 2092              	.LASF120:
 2093 04f2 5F676C6F 		.ascii	"_global_impure_ptr\000"
 2093      62616C5F 
 2093      696D7075 
 2093      72655F70 
 2093      747200
 2094              	.LASF95:
 2095 0505 5F756E75 		.ascii	"_unused_rand\000"
 2095      7365645F 
 2095      72616E64 
 2095      00
 2096              	.LASF132:
 2097 0512 68617264 		.ascii	"hardware_init_hook\000"
 2097      77617265 
 2097      5F696E69 
 2097      745F686F 
 2097      6F6B00
 2098              	.LASF24:
 2099 0525 5F776473 		.ascii	"_wds\000"
 2099      00
 2100              	.LASF33:
 2101 052a 5F5F746D 		.ascii	"__tm_wday\000"
 2101      5F776461 
 2101      7900
 2102              	.LASF88:
 2103 0534 5F676C75 		.ascii	"_glue\000"
 2103      6500
 2104              	.LASF128:
 2105 053a 5F5F6461 		.ascii	"__data_end__\000"
 2105      74615F65 
 2105      6E645F5F 
 2105      00
 2106              	.LASF115:
 2107 0547 5F6E6D61 		.ascii	"_nmalloc\000"
 2107      6C6C6F63 
 2107      00
 2108              	.LASF105:
 2109 0550 5F6C3634 		.ascii	"_l64a_buf\000"
 2109      615F6275 
 2109      6600
 2110              	.LASF83:
 2111 055a 5F736967 		.ascii	"_sig_func\000"
 2111      5F66756E 
 2111      6300
 2112              	.LASF123:
 2113 0564 696E6974 		.ascii	"initial_PC\000"
 2113      69616C5F 
 2113      504300
 2114              	.LASF57:
 2115 056f 5F6E6275 		.ascii	"_nbuf\000"
 2115      6600
 2116              	.LASF116:
 2117 0575 5F756E75 		.ascii	"_unused\000"
 2117      73656400 
 2118              	.LASF35:
 2119 057d 5F5F746D 		.ascii	"__tm_isdst\000"
 2119      5F697364 
 2119      737400
 2120              	.LASF98:
 2121 0588 5F6C6F63 		.ascii	"_localtime_buf\000"
 2121      616C7469 
 2121      6D655F62 
 2121      756600
 2122              	.LASF55:
 2123 0597 5F636C6F 		.ascii	"_close\000"
 2123      736500
 2124              	.LASF101:
 2125 059e 5F723438 		.ascii	"_r48\000"
 2125      00
 2126              	.LASF103:
 2127 05a3 5F6D6274 		.ascii	"_mbtowc_state\000"
 2127      6F77635F 
 2127      73746174 
 2127      6500
 2128              	.LASF77:
 2129 05b1 5F703573 		.ascii	"_p5s\000"
 2129      00
 2130              	.LASF30:
 2131 05b6 5F5F746D 		.ascii	"__tm_mday\000"
 2131      5F6D6461 
 2131      7900
 2132              		.ident	"GCC: (Arch Repository) 9.3.0"
DEFINED SYMBOLS
                            *ABS*:0000000000000000 startup.c
     /tmp/ccGOz1Rh.s:17     .text:0000000000000000 $t
     /tmp/ccGOz1Rh.s:25     .text:0000000000000000 hardware_init_hook
     /tmp/ccGOz1Rh.s:46     .text:000000000000000c $d
     /tmp/ccGOz1Rh.s:57     boot:0000000000000000 __boot_sector
     /tmp/ccGOz1Rh.s:54     boot:0000000000000000 $d

UNDEFINED SYMBOLS
memcpy
__data_start__
__data_end__
__data_load__
__stack
_start
