   1              		.arch armv7e-m
   2              		.eabi_attribute 27, 1
   3              		.eabi_attribute 28, 1
   4              		.eabi_attribute 20, 1
   5              		.eabi_attribute 21, 1
   6              		.eabi_attribute 23, 3
   7              		.eabi_attribute 24, 1
   8              		.eabi_attribute 25, 1
   9              		.eabi_attribute 26, 1
  10              		.eabi_attribute 30, 4
  11              		.eabi_attribute 34, 1
  12              		.eabi_attribute 18, 4
  13              		.file	"startup.c"
  14              		.text
  15              	.Ltext0:
  16              		.cfi_sections	.debug_frame
  17              		.align	1
  18              		.global	hardware_init_hook
  19              		.arch armv7e-m
  20              		.syntax unified
  21              		.thumb
  22              		.thumb_func
  23              		.fpu fpv4-sp-d16
  24              		.type	hardware_init_hook, %function
  25              	hardware_init_hook:
  26              	.LFB0:
  27              		.file 1 "src/boot/startup.c"
   1:src/boot/startup.c **** #include<string.h>
   2:src/boot/startup.c **** 
   3:src/boot/startup.c **** typedef void (*fnptr)();
   4:src/boot/startup.c **** 
   5:src/boot/startup.c **** void hardware_init_hook() {
  28              		.loc 1 5 27 view -0
  29              		.cfi_startproc
  30              		@ args = 0, pretend = 0, frame = 0
  31              		@ frame_needed = 0, uses_anonymous_args = 0
  32              		@ link register save eliminated.
   6:src/boot/startup.c ****   extern const char __data_load__; 
  33              		.loc 1 6 3 view .LVU1
   7:src/boot/startup.c ****   extern char __data_start__;
  34              		.loc 1 7 3 view .LVU2
   8:src/boot/startup.c ****   extern char __data_end__;
  35              		.loc 1 8 3 view .LVU3
   9:src/boot/startup.c **** 
  10:src/boot/startup.c ****   memcpy(&__data_start__,&__data_load__,(&__data_end__ - &__data_start__));
  36              		.loc 1 10 3 view .LVU4
  37 0000 0248     		ldr	r0, .L2
  38 0002 034A     		ldr	r2, .L2+4
  39 0004 0349     		ldr	r1, .L2+8
  40 0006 121A     		subs	r2, r2, r0
  41 0008 FFF7FEBF 		b	memcpy
  42              	.LVL0:
  43              	.L3:
  44              		.align	2
  45              	.L2:
  46 000c 00000000 		.word	__data_start__
  47 0010 00000000 		.word	__data_end__
  48 0014 00000000 		.word	__data_load__
  49              		.cfi_endproc
  50              	.LFE0:
  51              		.size	hardware_init_hook, .-hardware_init_hook
  52              		.global	__boot_sector
  53              		.section	boot,"aw"
  54              		.align	2
  55              		.type	__boot_sector, %object
  56              		.size	__boot_sector, 8
  57              	__boot_sector:
  58 0000 00000000 		.word	__stack
  59 0004 00000000 		.word	_start
  60              		.text
  61              	.Letext0:
  62              		.file 2 "/usr/arm-none-eabi/include/sys/lock.h"
  63              		.file 3 "/usr/arm-none-eabi/include/sys/_types.h"
  64              		.file 4 "/usr/lib/gcc/arm-none-eabi/9.2.0/include/stddef.h"
  65              		.file 5 "/usr/arm-none-eabi/include/sys/reent.h"
  66              		.file 6 "<built-in>"
  67              		.section	.debug_info,"",%progbits
  68              	.Ldebug_info0:
  69 0000 B3090000 		.4byte	0x9b3
  70 0004 0400     		.2byte	0x4
  71 0006 00000000 		.4byte	.Ldebug_abbrev0
  72 000a 04       		.byte	0x4
  73 000b 01       		.uleb128 0x1
  74 000c 45010000 		.4byte	.LASF129
  75 0010 0C       		.byte	0xc
  76 0011 C2040000 		.4byte	.LASF130
  77 0015 07030000 		.4byte	.LASF131
  78 0019 00000000 		.4byte	.Ltext0
  79 001d 18000000 		.4byte	.Letext0-.Ltext0
  80 0021 00000000 		.4byte	.Ldebug_line0
  81 0025 02       		.uleb128 0x2
  82 0026 04       		.byte	0x4
  83 0027 05       		.byte	0x5
  84 0028 696E7400 		.ascii	"int\000"
  85 002c 03       		.uleb128 0x3
  86 002d 04       		.byte	0x4
  87 002e 07       		.byte	0x7
  88 002f 0C020000 		.4byte	.LASF0
  89 0033 03       		.uleb128 0x3
  90 0034 08       		.byte	0x8
  91 0035 05       		.byte	0x5
  92 0036 8E000000 		.4byte	.LASF1
  93 003a 03       		.uleb128 0x3
  94 003b 08       		.byte	0x8
  95 003c 04       		.byte	0x4
  96 003d EB020000 		.4byte	.LASF2
  97 0041 03       		.uleb128 0x3
  98 0042 01       		.byte	0x1
  99 0043 06       		.byte	0x6
 100 0044 9C000000 		.4byte	.LASF3
 101 0048 03       		.uleb128 0x3
 102 0049 01       		.byte	0x1
 103 004a 08       		.byte	0x8
 104 004b 5C030000 		.4byte	.LASF4
 105 004f 03       		.uleb128 0x3
 106 0050 02       		.byte	0x2
 107 0051 05       		.byte	0x5
 108 0052 86030000 		.4byte	.LASF5
 109 0056 03       		.uleb128 0x3
 110 0057 02       		.byte	0x2
 111 0058 07       		.byte	0x7
 112 0059 5A020000 		.4byte	.LASF6
 113 005d 03       		.uleb128 0x3
 114 005e 04       		.byte	0x4
 115 005f 05       		.byte	0x5
 116 0060 E1000000 		.4byte	.LASF7
 117 0064 03       		.uleb128 0x3
 118 0065 04       		.byte	0x4
 119 0066 07       		.byte	0x7
 120 0067 3B020000 		.4byte	.LASF8
 121 006b 03       		.uleb128 0x3
 122 006c 08       		.byte	0x8
 123 006d 07       		.byte	0x7
 124 006e 4B000000 		.4byte	.LASF9
 125 0072 04       		.uleb128 0x4
 126 0073 A4020000 		.4byte	.LASF10
 127 0077 02       		.byte	0x2
 128 0078 22       		.byte	0x22
 129 0079 19       		.byte	0x19
 130 007a 7E000000 		.4byte	0x7e
 131 007e 05       		.uleb128 0x5
 132 007f 04       		.byte	0x4
 133 0080 84000000 		.4byte	0x84
 134 0084 06       		.uleb128 0x6
 135 0085 40040000 		.4byte	.LASF117
 136 0089 04       		.uleb128 0x4
 137 008a 3D030000 		.4byte	.LASF11
 138 008e 03       		.byte	0x3
 139 008f 2C       		.byte	0x2c
 140 0090 0E       		.byte	0xe
 141 0091 5D000000 		.4byte	0x5d
 142 0095 04       		.uleb128 0x4
 143 0096 61040000 		.4byte	.LASF12
 144 009a 03       		.byte	0x3
 145 009b 72       		.byte	0x72
 146 009c 0E       		.byte	0xe
 147 009d 5D000000 		.4byte	0x5d
 148 00a1 07       		.uleb128 0x7
 149 00a2 AC020000 		.4byte	.LASF13
 150 00a6 04       		.byte	0x4
 151 00a7 5E01     		.2byte	0x15e
 152 00a9 17       		.byte	0x17
 153 00aa 2C000000 		.4byte	0x2c
 154 00ae 08       		.uleb128 0x8
 155 00af 04       		.byte	0x4
 156 00b0 03       		.byte	0x3
 157 00b1 A6       		.byte	0xa6
 158 00b2 03       		.byte	0x3
 159 00b3 D0000000 		.4byte	0xd0
 160 00b7 09       		.uleb128 0x9
 161 00b8 97020000 		.4byte	.LASF14
 162 00bc 03       		.byte	0x3
 163 00bd A8       		.byte	0xa8
 164 00be 0C       		.byte	0xc
 165 00bf A1000000 		.4byte	0xa1
 166 00c3 09       		.uleb128 0x9
 167 00c4 19020000 		.4byte	.LASF15
 168 00c8 03       		.byte	0x3
 169 00c9 A9       		.byte	0xa9
 170 00ca 13       		.byte	0x13
 171 00cb D0000000 		.4byte	0xd0
 172 00cf 00       		.byte	0
 173 00d0 0A       		.uleb128 0xa
 174 00d1 48000000 		.4byte	0x48
 175 00d5 E0000000 		.4byte	0xe0
 176 00d9 0B       		.uleb128 0xb
 177 00da 2C000000 		.4byte	0x2c
 178 00de 03       		.byte	0x3
 179 00df 00       		.byte	0
 180 00e0 0C       		.uleb128 0xc
 181 00e1 08       		.byte	0x8
 182 00e2 03       		.byte	0x3
 183 00e3 A3       		.byte	0xa3
 184 00e4 09       		.byte	0x9
 185 00e5 04010000 		.4byte	0x104
 186 00e9 0D       		.uleb128 0xd
 187 00ea 38040000 		.4byte	.LASF16
 188 00ee 03       		.byte	0x3
 189 00ef A5       		.byte	0xa5
 190 00f0 07       		.byte	0x7
 191 00f1 25000000 		.4byte	0x25
 192 00f5 00       		.byte	0
 193 00f6 0D       		.uleb128 0xd
 194 00f7 47040000 		.4byte	.LASF17
 195 00fb 03       		.byte	0x3
 196 00fc AA       		.byte	0xaa
 197 00fd 05       		.byte	0x5
 198 00fe AE000000 		.4byte	0xae
 199 0102 04       		.byte	0x4
 200 0103 00       		.byte	0
 201 0104 04       		.uleb128 0x4
 202 0105 AE030000 		.4byte	.LASF18
 203 0109 03       		.byte	0x3
 204 010a AB       		.byte	0xab
 205 010b 03       		.byte	0x3
 206 010c E0000000 		.4byte	0xe0
 207 0110 04       		.uleb128 0x4
 208 0111 CF010000 		.4byte	.LASF19
 209 0115 03       		.byte	0x3
 210 0116 AF       		.byte	0xaf
 211 0117 1B       		.byte	0x1b
 212 0118 72000000 		.4byte	0x72
 213 011c 0E       		.uleb128 0xe
 214 011d 04       		.byte	0x4
 215 011e 05       		.uleb128 0x5
 216 011f 04       		.byte	0x4
 217 0120 24010000 		.4byte	0x124
 218 0124 03       		.uleb128 0x3
 219 0125 01       		.byte	0x1
 220 0126 08       		.byte	0x8
 221 0127 70040000 		.4byte	.LASF20
 222 012b 0F       		.uleb128 0xf
 223 012c 24010000 		.4byte	0x124
 224 0130 04       		.uleb128 0x4
 225 0131 D5040000 		.4byte	.LASF21
 226 0135 05       		.byte	0x5
 227 0136 16       		.byte	0x16
 228 0137 19       		.byte	0x19
 229 0138 64000000 		.4byte	0x64
 230 013c 10       		.uleb128 0x10
 231 013d E0010000 		.4byte	.LASF26
 232 0141 18       		.byte	0x18
 233 0142 05       		.byte	0x5
 234 0143 2F       		.byte	0x2f
 235 0144 08       		.byte	0x8
 236 0145 96010000 		.4byte	0x196
 237 0149 0D       		.uleb128 0xd
 238 014a A1040000 		.4byte	.LASF22
 239 014e 05       		.byte	0x5
 240 014f 31       		.byte	0x31
 241 0150 13       		.byte	0x13
 242 0151 96010000 		.4byte	0x196
 243 0155 00       		.byte	0
 244 0156 11       		.uleb128 0x11
 245 0157 5F6B00   		.ascii	"_k\000"
 246 015a 05       		.byte	0x5
 247 015b 32       		.byte	0x32
 248 015c 07       		.byte	0x7
 249 015d 25000000 		.4byte	0x25
 250 0161 04       		.byte	0x4
 251 0162 0D       		.uleb128 0xd
 252 0163 17040000 		.4byte	.LASF23
 253 0167 05       		.byte	0x5
 254 0168 32       		.byte	0x32
 255 0169 0B       		.byte	0xb
 256 016a 25000000 		.4byte	0x25
 257 016e 08       		.byte	0x8
 258 016f 0D       		.uleb128 0xd
 259 0170 C9010000 		.4byte	.LASF24
 260 0174 05       		.byte	0x5
 261 0175 32       		.byte	0x32
 262 0176 14       		.byte	0x14
 263 0177 25000000 		.4byte	0x25
 264 017b 0C       		.byte	0xc
 265 017c 0D       		.uleb128 0xd
 266 017d 1D050000 		.4byte	.LASF25
 267 0181 05       		.byte	0x5
 268 0182 32       		.byte	0x32
 269 0183 1B       		.byte	0x1b
 270 0184 25000000 		.4byte	0x25
 271 0188 10       		.byte	0x10
 272 0189 11       		.uleb128 0x11
 273 018a 5F7800   		.ascii	"_x\000"
 274 018d 05       		.byte	0x5
 275 018e 33       		.byte	0x33
 276 018f 0B       		.byte	0xb
 277 0190 9C010000 		.4byte	0x19c
 278 0194 14       		.byte	0x14
 279 0195 00       		.byte	0
 280 0196 05       		.uleb128 0x5
 281 0197 04       		.byte	0x4
 282 0198 3C010000 		.4byte	0x13c
 283 019c 0A       		.uleb128 0xa
 284 019d 30010000 		.4byte	0x130
 285 01a1 AC010000 		.4byte	0x1ac
 286 01a5 0B       		.uleb128 0xb
 287 01a6 2C000000 		.4byte	0x2c
 288 01aa 00       		.byte	0
 289 01ab 00       		.byte	0
 290 01ac 10       		.uleb128 0x10
 291 01ad 07020000 		.4byte	.LASF27
 292 01b1 24       		.byte	0x24
 293 01b2 05       		.byte	0x5
 294 01b3 37       		.byte	0x37
 295 01b4 08       		.byte	0x8
 296 01b5 2F020000 		.4byte	0x22f
 297 01b9 0D       		.uleb128 0xd
 298 01ba 85000000 		.4byte	.LASF28
 299 01be 05       		.byte	0x5
 300 01bf 39       		.byte	0x39
 301 01c0 09       		.byte	0x9
 302 01c1 25000000 		.4byte	0x25
 303 01c5 00       		.byte	0
 304 01c6 0D       		.uleb128 0xd
 305 01c7 75040000 		.4byte	.LASF29
 306 01cb 05       		.byte	0x5
 307 01cc 3A       		.byte	0x3a
 308 01cd 09       		.byte	0x9
 309 01ce 25000000 		.4byte	0x25
 310 01d2 04       		.byte	0x4
 311 01d3 0D       		.uleb128 0xd
 312 01d4 B4000000 		.4byte	.LASF30
 313 01d8 05       		.byte	0x5
 314 01d9 3B       		.byte	0x3b
 315 01da 09       		.byte	0x9
 316 01db 25000000 		.4byte	0x25
 317 01df 08       		.byte	0x8
 318 01e0 0D       		.uleb128 0xd
 319 01e1 B6050000 		.4byte	.LASF31
 320 01e5 05       		.byte	0x5
 321 01e6 3C       		.byte	0x3c
 322 01e7 09       		.byte	0x9
 323 01e8 25000000 		.4byte	0x25
 324 01ec 0C       		.byte	0xc
 325 01ed 0D       		.uleb128 0xd
 326 01ee FE020000 		.4byte	.LASF32
 327 01f2 05       		.byte	0x5
 328 01f3 3D       		.byte	0x3d
 329 01f4 09       		.byte	0x9
 330 01f5 25000000 		.4byte	0x25
 331 01f9 10       		.byte	0x10
 332 01fa 0D       		.uleb128 0xd
 333 01fb D9020000 		.4byte	.LASF33
 334 01ff 05       		.byte	0x5
 335 0200 3E       		.byte	0x3e
 336 0201 09       		.byte	0x9
 337 0202 25000000 		.4byte	0x25
 338 0206 14       		.byte	0x14
 339 0207 0D       		.uleb128 0xd
 340 0208 22050000 		.4byte	.LASF34
 341 020c 05       		.byte	0x5
 342 020d 3F       		.byte	0x3f
 343 020e 09       		.byte	0x9
 344 020f 25000000 		.4byte	0x25
 345 0213 18       		.byte	0x18
 346 0214 0D       		.uleb128 0xd
 347 0215 90030000 		.4byte	.LASF35
 348 0219 05       		.byte	0x5
 349 021a 40       		.byte	0x40
 350 021b 09       		.byte	0x9
 351 021c 25000000 		.4byte	0x25
 352 0220 1C       		.byte	0x1c
 353 0221 0D       		.uleb128 0xd
 354 0222 7D050000 		.4byte	.LASF36
 355 0226 05       		.byte	0x5
 356 0227 41       		.byte	0x41
 357 0228 09       		.byte	0x9
 358 0229 25000000 		.4byte	0x25
 359 022d 20       		.byte	0x20
 360 022e 00       		.byte	0
 361 022f 12       		.uleb128 0x12
 362 0230 C3000000 		.4byte	.LASF37
 363 0234 0801     		.2byte	0x108
 364 0236 05       		.byte	0x5
 365 0237 4A       		.byte	0x4a
 366 0238 08       		.byte	0x8
 367 0239 74020000 		.4byte	0x274
 368 023d 0D       		.uleb128 0xd
 369 023e 38010000 		.4byte	.LASF38
 370 0242 05       		.byte	0x5
 371 0243 4B       		.byte	0x4b
 372 0244 0A       		.byte	0xa
 373 0245 74020000 		.4byte	0x274
 374 0249 00       		.byte	0
 375 024a 0D       		.uleb128 0xd
 376 024b 00000000 		.4byte	.LASF39
 377 024f 05       		.byte	0x5
 378 0250 4C       		.byte	0x4c
 379 0251 09       		.byte	0x9
 380 0252 74020000 		.4byte	0x274
 381 0256 80       		.byte	0x80
 382 0257 13       		.uleb128 0x13
 383 0258 B4040000 		.4byte	.LASF40
 384 025c 05       		.byte	0x5
 385 025d 4E       		.byte	0x4e
 386 025e 0A       		.byte	0xa
 387 025f 30010000 		.4byte	0x130
 388 0263 0001     		.2byte	0x100
 389 0265 13       		.uleb128 0x13
 390 0266 F1000000 		.4byte	.LASF41
 391 026a 05       		.byte	0x5
 392 026b 51       		.byte	0x51
 393 026c 0A       		.byte	0xa
 394 026d 30010000 		.4byte	0x130
 395 0271 0401     		.2byte	0x104
 396 0273 00       		.byte	0
 397 0274 0A       		.uleb128 0xa
 398 0275 1C010000 		.4byte	0x11c
 399 0279 84020000 		.4byte	0x284
 400 027d 0B       		.uleb128 0xb
 401 027e 2C000000 		.4byte	0x2c
 402 0282 1F       		.byte	0x1f
 403 0283 00       		.byte	0
 404 0284 12       		.uleb128 0x12
 405 0285 67050000 		.4byte	.LASF42
 406 0289 9001     		.2byte	0x190
 407 028b 05       		.byte	0x5
 408 028c 5D       		.byte	0x5d
 409 028d 08       		.byte	0x8
 410 028e C7020000 		.4byte	0x2c7
 411 0292 0D       		.uleb128 0xd
 412 0293 A1040000 		.4byte	.LASF22
 413 0297 05       		.byte	0x5
 414 0298 5E       		.byte	0x5e
 415 0299 12       		.byte	0x12
 416 029a C7020000 		.4byte	0x2c7
 417 029e 00       		.byte	0
 418 029f 0D       		.uleb128 0xd
 419 02a0 E7030000 		.4byte	.LASF43
 420 02a4 05       		.byte	0x5
 421 02a5 5F       		.byte	0x5f
 422 02a6 06       		.byte	0x6
 423 02a7 25000000 		.4byte	0x25
 424 02ab 04       		.byte	0x4
 425 02ac 0D       		.uleb128 0xd
 426 02ad 40010000 		.4byte	.LASF44
 427 02b1 05       		.byte	0x5
 428 02b2 61       		.byte	0x61
 429 02b3 09       		.byte	0x9
 430 02b4 CD020000 		.4byte	0x2cd
 431 02b8 08       		.byte	0x8
 432 02b9 0D       		.uleb128 0xd
 433 02ba C3000000 		.4byte	.LASF37
 434 02be 05       		.byte	0x5
 435 02bf 62       		.byte	0x62
 436 02c0 1E       		.byte	0x1e
 437 02c1 2F020000 		.4byte	0x22f
 438 02c5 88       		.byte	0x88
 439 02c6 00       		.byte	0
 440 02c7 05       		.uleb128 0x5
 441 02c8 04       		.byte	0x4
 442 02c9 84020000 		.4byte	0x284
 443 02cd 0A       		.uleb128 0xa
 444 02ce DD020000 		.4byte	0x2dd
 445 02d2 DD020000 		.4byte	0x2dd
 446 02d6 0B       		.uleb128 0xb
 447 02d7 2C000000 		.4byte	0x2c
 448 02db 1F       		.byte	0x1f
 449 02dc 00       		.byte	0
 450 02dd 05       		.uleb128 0x5
 451 02de 04       		.byte	0x4
 452 02df E3020000 		.4byte	0x2e3
 453 02e3 14       		.uleb128 0x14
 454 02e4 10       		.uleb128 0x10
 455 02e5 9A030000 		.4byte	.LASF45
 456 02e9 08       		.byte	0x8
 457 02ea 05       		.byte	0x5
 458 02eb 75       		.byte	0x75
 459 02ec 08       		.byte	0x8
 460 02ed 0C030000 		.4byte	0x30c
 461 02f1 0D       		.uleb128 0xd
 462 02f2 AE000000 		.4byte	.LASF46
 463 02f6 05       		.byte	0x5
 464 02f7 76       		.byte	0x76
 465 02f8 11       		.byte	0x11
 466 02f9 0C030000 		.4byte	0x30c
 467 02fd 00       		.byte	0
 468 02fe 0D       		.uleb128 0xd
 469 02ff 0C000000 		.4byte	.LASF47
 470 0303 05       		.byte	0x5
 471 0304 77       		.byte	0x77
 472 0305 06       		.byte	0x6
 473 0306 25000000 		.4byte	0x25
 474 030a 04       		.byte	0x4
 475 030b 00       		.byte	0
 476 030c 05       		.uleb128 0x5
 477 030d 04       		.byte	0x4
 478 030e 48000000 		.4byte	0x48
 479 0312 10       		.uleb128 0x10
 480 0313 B9030000 		.4byte	.LASF48
 481 0317 68       		.byte	0x68
 482 0318 05       		.byte	0x5
 483 0319 B5       		.byte	0xb5
 484 031a 08       		.byte	0x8
 485 031b 55040000 		.4byte	0x455
 486 031f 11       		.uleb128 0x11
 487 0320 5F7000   		.ascii	"_p\000"
 488 0323 05       		.byte	0x5
 489 0324 B6       		.byte	0xb6
 490 0325 12       		.byte	0x12
 491 0326 0C030000 		.4byte	0x30c
 492 032a 00       		.byte	0
 493 032b 11       		.uleb128 0x11
 494 032c 5F7200   		.ascii	"_r\000"
 495 032f 05       		.byte	0x5
 496 0330 B7       		.byte	0xb7
 497 0331 07       		.byte	0x7
 498 0332 25000000 		.4byte	0x25
 499 0336 04       		.byte	0x4
 500 0337 11       		.uleb128 0x11
 501 0338 5F7700   		.ascii	"_w\000"
 502 033b 05       		.byte	0x5
 503 033c B8       		.byte	0xb8
 504 033d 07       		.byte	0x7
 505 033e 25000000 		.4byte	0x25
 506 0342 08       		.byte	0x8
 507 0343 0D       		.uleb128 0xd
 508 0344 EA000000 		.4byte	.LASF49
 509 0348 05       		.byte	0x5
 510 0349 B9       		.byte	0xb9
 511 034a 09       		.byte	0x9
 512 034b 4F000000 		.4byte	0x4f
 513 034f 0C       		.byte	0xc
 514 0350 0D       		.uleb128 0xd
 515 0351 4D020000 		.4byte	.LASF50
 516 0355 05       		.byte	0x5
 517 0356 BA       		.byte	0xba
 518 0357 09       		.byte	0x9
 519 0358 4F000000 		.4byte	0x4f
 520 035c 0E       		.byte	0xe
 521 035d 11       		.uleb128 0x11
 522 035e 5F626600 		.ascii	"_bf\000"
 523 0362 05       		.byte	0x5
 524 0363 BB       		.byte	0xbb
 525 0364 11       		.byte	0x11
 526 0365 E4020000 		.4byte	0x2e4
 527 0369 10       		.byte	0x10
 528 036a 0D       		.uleb128 0xd
 529 036b 62000000 		.4byte	.LASF51
 530 036f 05       		.byte	0x5
 531 0370 BC       		.byte	0xbc
 532 0371 07       		.byte	0x7
 533 0372 25000000 		.4byte	0x25
 534 0376 18       		.byte	0x18
 535 0377 0D       		.uleb128 0xd
 536 0378 D1000000 		.4byte	.LASF52
 537 037c 05       		.byte	0x5
 538 037d C3       		.byte	0xc3
 539 037e 0A       		.byte	0xa
 540 037f 1C010000 		.4byte	0x11c
 541 0383 1C       		.byte	0x1c
 542 0384 0D       		.uleb128 0xd
 543 0385 F7010000 		.4byte	.LASF53
 544 0389 05       		.byte	0x5
 545 038a C5       		.byte	0xc5
 546 038b 1D       		.byte	0x1d
 547 038c C7050000 		.4byte	0x5c7
 548 0390 20       		.byte	0x20
 549 0391 0D       		.uleb128 0xd
 550 0392 D2020000 		.4byte	.LASF54
 551 0396 05       		.byte	0x5
 552 0397 C7       		.byte	0xc7
 553 0398 1D       		.byte	0x1d
 554 0399 F1050000 		.4byte	0x5f1
 555 039d 24       		.byte	0x24
 556 039e 0D       		.uleb128 0xd
 557 039f 4F040000 		.4byte	.LASF55
 558 03a3 05       		.byte	0x5
 559 03a4 CA       		.byte	0xca
 560 03a5 0D       		.byte	0xd
 561 03a6 15060000 		.4byte	0x615
 562 03aa 28       		.byte	0x28
 563 03ab 0D       		.uleb128 0xd
 564 03ac 97050000 		.4byte	.LASF56
 565 03b0 05       		.byte	0x5
 566 03b1 CB       		.byte	0xcb
 567 03b2 09       		.byte	0x9
 568 03b3 2F060000 		.4byte	0x62f
 569 03b7 2C       		.byte	0x2c
 570 03b8 11       		.uleb128 0x11
 571 03b9 5F756200 		.ascii	"_ub\000"
 572 03bd 05       		.byte	0x5
 573 03be CE       		.byte	0xce
 574 03bf 11       		.byte	0x11
 575 03c0 E4020000 		.4byte	0x2e4
 576 03c4 30       		.byte	0x30
 577 03c5 11       		.uleb128 0x11
 578 03c6 5F757000 		.ascii	"_up\000"
 579 03ca 05       		.byte	0x5
 580 03cb CF       		.byte	0xcf
 581 03cc 12       		.byte	0x12
 582 03cd 0C030000 		.4byte	0x30c
 583 03d1 38       		.byte	0x38
 584 03d2 11       		.uleb128 0x11
 585 03d3 5F757200 		.ascii	"_ur\000"
 586 03d7 05       		.byte	0x5
 587 03d8 D0       		.byte	0xd0
 588 03d9 07       		.byte	0x7
 589 03da 25000000 		.4byte	0x25
 590 03de 3C       		.byte	0x3c
 591 03df 0D       		.uleb128 0xd
 592 03e0 A8000000 		.4byte	.LASF57
 593 03e4 05       		.byte	0x5
 594 03e5 D3       		.byte	0xd3
 595 03e6 11       		.byte	0x11
 596 03e7 35060000 		.4byte	0x635
 597 03eb 40       		.byte	0x40
 598 03ec 0D       		.uleb128 0xd
 599 03ed 6F050000 		.4byte	.LASF58
 600 03f1 05       		.byte	0x5
 601 03f2 D4       		.byte	0xd4
 602 03f3 11       		.byte	0x11
 603 03f4 45060000 		.4byte	0x645
 604 03f8 43       		.byte	0x43
 605 03f9 11       		.uleb128 0x11
 606 03fa 5F6C6200 		.ascii	"_lb\000"
 607 03fe 05       		.byte	0x5
 608 03ff D7       		.byte	0xd7
 609 0400 11       		.byte	0x11
 610 0401 E4020000 		.4byte	0x2e4
 611 0405 44       		.byte	0x44
 612 0406 0D       		.uleb128 0xd
 613 0407 00010000 		.4byte	.LASF59
 614 040b 05       		.byte	0x5
 615 040c DA       		.byte	0xda
 616 040d 07       		.byte	0x7
 617 040e 25000000 		.4byte	0x25
 618 0412 4C       		.byte	0x4c
 619 0413 0D       		.uleb128 0xd
 620 0414 11010000 		.4byte	.LASF60
 621 0418 05       		.byte	0x5
 622 0419 DB       		.byte	0xdb
 623 041a 0A       		.byte	0xa
 624 041b 89000000 		.4byte	0x89
 625 041f 50       		.byte	0x50
 626 0420 0D       		.uleb128 0xd
 627 0421 25000000 		.4byte	.LASF61
 628 0425 05       		.byte	0x5
 629 0426 DE       		.byte	0xde
 630 0427 12       		.byte	0x12
 631 0428 73040000 		.4byte	0x473
 632 042c 54       		.byte	0x54
 633 042d 0D       		.uleb128 0xd
 634 042e C4020000 		.4byte	.LASF62
 635 0432 05       		.byte	0x5
 636 0433 E2       		.byte	0xe2
 637 0434 0C       		.byte	0xc
 638 0435 10010000 		.4byte	0x110
 639 0439 58       		.byte	0x58
 640 043a 0D       		.uleb128 0xd
 641 043b C1030000 		.4byte	.LASF63
 642 043f 05       		.byte	0x5
 643 0440 E4       		.byte	0xe4
 644 0441 0E       		.byte	0xe
 645 0442 04010000 		.4byte	0x104
 646 0446 5C       		.byte	0x5c
 647 0447 0D       		.uleb128 0xd
 648 0448 CA020000 		.4byte	.LASF64
 649 044c 05       		.byte	0x5
 650 044d E5       		.byte	0xe5
 651 044e 09       		.byte	0x9
 652 044f 25000000 		.4byte	0x25
 653 0453 64       		.byte	0x64
 654 0454 00       		.byte	0
 655 0455 15       		.uleb128 0x15
 656 0456 25000000 		.4byte	0x25
 657 045a 73040000 		.4byte	0x473
 658 045e 16       		.uleb128 0x16
 659 045f 73040000 		.4byte	0x473
 660 0463 16       		.uleb128 0x16
 661 0464 1C010000 		.4byte	0x11c
 662 0468 16       		.uleb128 0x16
 663 0469 1E010000 		.4byte	0x11e
 664 046d 16       		.uleb128 0x16
 665 046e 25000000 		.4byte	0x25
 666 0472 00       		.byte	0
 667 0473 05       		.uleb128 0x5
 668 0474 04       		.byte	0x4
 669 0475 7E040000 		.4byte	0x47e
 670 0479 0F       		.uleb128 0xf
 671 047a 73040000 		.4byte	0x473
 672 047e 17       		.uleb128 0x17
 673 047f 1F040000 		.4byte	.LASF65
 674 0483 2804     		.2byte	0x428
 675 0485 05       		.byte	0x5
 676 0486 6002     		.2byte	0x260
 677 0488 08       		.byte	0x8
 678 0489 C7050000 		.4byte	0x5c7
 679 048d 18       		.uleb128 0x18
 680 048e 69040000 		.4byte	.LASF66
 681 0492 05       		.byte	0x5
 682 0493 6202     		.2byte	0x262
 683 0495 07       		.byte	0x7
 684 0496 25000000 		.4byte	0x25
 685 049a 00       		.byte	0
 686 049b 18       		.uleb128 0x18
 687 049c F9000000 		.4byte	.LASF67
 688 04a0 05       		.byte	0x5
 689 04a1 6702     		.2byte	0x267
 690 04a3 0B       		.byte	0xb
 691 04a4 A1060000 		.4byte	0x6a1
 692 04a8 04       		.byte	0x4
 693 04a9 18       		.uleb128 0x18
 694 04aa 2B020000 		.4byte	.LASF68
 695 04ae 05       		.byte	0x5
 696 04af 6702     		.2byte	0x267
 697 04b1 14       		.byte	0x14
 698 04b2 A1060000 		.4byte	0x6a1
 699 04b6 08       		.byte	0x8
 700 04b7 18       		.uleb128 0x18
 701 04b8 D8010000 		.4byte	.LASF69
 702 04bc 05       		.byte	0x5
 703 04bd 6702     		.2byte	0x267
 704 04bf 1E       		.byte	0x1e
 705 04c0 A1060000 		.4byte	0x6a1
 706 04c4 0C       		.byte	0xc
 707 04c5 18       		.uleb128 0x18
 708 04c6 E2030000 		.4byte	.LASF70
 709 04ca 05       		.byte	0x5
 710 04cb 6902     		.2byte	0x269
 711 04cd 08       		.byte	0x8
 712 04ce 25000000 		.4byte	0x25
 713 04d2 10       		.byte	0x10
 714 04d3 18       		.uleb128 0x18
 715 04d4 1A000000 		.4byte	.LASF71
 716 04d8 05       		.byte	0x5
 717 04d9 6A02     		.2byte	0x26a
 718 04db 08       		.byte	0x8
 719 04dc A1080000 		.4byte	0x8a1
 720 04e0 14       		.byte	0x14
 721 04e1 18       		.uleb128 0x18
 722 04e2 FE030000 		.4byte	.LASF72
 723 04e6 05       		.byte	0x5
 724 04e7 6D02     		.2byte	0x26d
 725 04e9 07       		.byte	0x7
 726 04ea 25000000 		.4byte	0x25
 727 04ee 30       		.byte	0x30
 728 04ef 18       		.uleb128 0x18
 729 04f0 EC030000 		.4byte	.LASF73
 730 04f4 05       		.byte	0x5
 731 04f5 6E02     		.2byte	0x26e
 732 04f7 16       		.byte	0x16
 733 04f8 B6080000 		.4byte	0x8b6
 734 04fc 34       		.byte	0x34
 735 04fd 18       		.uleb128 0x18
 736 04fe 32030000 		.4byte	.LASF74
 737 0502 05       		.byte	0x5
 738 0503 7002     		.2byte	0x270
 739 0505 07       		.byte	0x7
 740 0506 25000000 		.4byte	0x25
 741 050a 38       		.byte	0x38
 742 050b 18       		.uleb128 0x18
 743 050c F4030000 		.4byte	.LASF75
 744 0510 05       		.byte	0x5
 745 0511 7202     		.2byte	0x272
 746 0513 0A       		.byte	0xa
 747 0514 C7080000 		.4byte	0x8c7
 748 0518 3C       		.byte	0x3c
 749 0519 18       		.uleb128 0x18
 750 051a 8F020000 		.4byte	.LASF76
 751 051e 05       		.byte	0x5
 752 051f 7502     		.2byte	0x275
 753 0521 13       		.byte	0x13
 754 0522 96010000 		.4byte	0x196
 755 0526 40       		.byte	0x40
 756 0527 18       		.uleb128 0x18
 757 0528 FD010000 		.4byte	.LASF77
 758 052c 05       		.byte	0x5
 759 052d 7602     		.2byte	0x276
 760 052f 07       		.byte	0x7
 761 0530 25000000 		.4byte	0x25
 762 0534 44       		.byte	0x44
 763 0535 18       		.uleb128 0x18
 764 0536 B1050000 		.4byte	.LASF78
 765 053a 05       		.byte	0x5
 766 053b 7702     		.2byte	0x277
 767 053d 13       		.byte	0x13
 768 053e 96010000 		.4byte	0x196
 769 0542 48       		.byte	0x48
 770 0543 18       		.uleb128 0x18
 771 0544 44030000 		.4byte	.LASF79
 772 0548 05       		.byte	0x5
 773 0549 7802     		.2byte	0x278
 774 054b 14       		.byte	0x14
 775 054c CD080000 		.4byte	0x8cd
 776 0550 4C       		.byte	0x4c
 777 0551 18       		.uleb128 0x18
 778 0552 33020000 		.4byte	.LASF80
 779 0556 05       		.byte	0x5
 780 0557 7B02     		.2byte	0x27b
 781 0559 07       		.byte	0x7
 782 055a 25000000 		.4byte	0x25
 783 055e 50       		.byte	0x50
 784 055f 18       		.uleb128 0x18
 785 0560 09010000 		.4byte	.LASF81
 786 0564 05       		.byte	0x5
 787 0565 7C02     		.2byte	0x27c
 788 0567 09       		.byte	0x9
 789 0568 1E010000 		.4byte	0x11e
 790 056c 54       		.byte	0x54
 791 056d 18       		.uleb128 0x18
 792 056e 78030000 		.4byte	.LASF82
 793 0572 05       		.byte	0x5
 794 0573 9F02     		.2byte	0x29f
 795 0575 07       		.byte	0x7
 796 0576 7C080000 		.4byte	0x87c
 797 057a 58       		.byte	0x58
 798 057b 19       		.uleb128 0x19
 799 057c 67050000 		.4byte	.LASF42
 800 0580 05       		.byte	0x5
 801 0581 A302     		.2byte	0x2a3
 802 0583 13       		.byte	0x13
 803 0584 C7020000 		.4byte	0x2c7
 804 0588 4801     		.2byte	0x148
 805 058a 19       		.uleb128 0x19
 806 058b 6D020000 		.4byte	.LASF83
 807 058f 05       		.byte	0x5
 808 0590 A402     		.2byte	0x2a4
 809 0592 12       		.byte	0x12
 810 0593 84020000 		.4byte	0x284
 811 0597 4C01     		.2byte	0x14c
 812 0599 19       		.uleb128 0x19
 813 059a 52050000 		.4byte	.LASF84
 814 059e 05       		.byte	0x5
 815 059f A802     		.2byte	0x2a8
 816 05a1 0C       		.byte	0xc
 817 05a2 DE080000 		.4byte	0x8de
 818 05a6 DC02     		.2byte	0x2dc
 819 05a8 19       		.uleb128 0x19
 820 05a9 D9000000 		.4byte	.LASF85
 821 05ad 05       		.byte	0x5
 822 05ae AD02     		.2byte	0x2ad
 823 05b0 10       		.byte	0x10
 824 05b1 62060000 		.4byte	0x662
 825 05b5 E002     		.2byte	0x2e0
 826 05b7 19       		.uleb128 0x19
 827 05b8 BE000000 		.4byte	.LASF86
 828 05bc 05       		.byte	0x5
 829 05bd AF02     		.2byte	0x2af
 830 05bf 0A       		.byte	0xa
 831 05c0 EA080000 		.4byte	0x8ea
 832 05c4 EC02     		.2byte	0x2ec
 833 05c6 00       		.byte	0
 834 05c7 05       		.uleb128 0x5
 835 05c8 04       		.byte	0x4
 836 05c9 55040000 		.4byte	0x455
 837 05cd 15       		.uleb128 0x15
 838 05ce 25000000 		.4byte	0x25
 839 05d2 EB050000 		.4byte	0x5eb
 840 05d6 16       		.uleb128 0x16
 841 05d7 73040000 		.4byte	0x473
 842 05db 16       		.uleb128 0x16
 843 05dc 1C010000 		.4byte	0x11c
 844 05e0 16       		.uleb128 0x16
 845 05e1 EB050000 		.4byte	0x5eb
 846 05e5 16       		.uleb128 0x16
 847 05e6 25000000 		.4byte	0x25
 848 05ea 00       		.byte	0
 849 05eb 05       		.uleb128 0x5
 850 05ec 04       		.byte	0x4
 851 05ed 2B010000 		.4byte	0x12b
 852 05f1 05       		.uleb128 0x5
 853 05f2 04       		.byte	0x4
 854 05f3 CD050000 		.4byte	0x5cd
 855 05f7 15       		.uleb128 0x15
 856 05f8 95000000 		.4byte	0x95
 857 05fc 15060000 		.4byte	0x615
 858 0600 16       		.uleb128 0x16
 859 0601 73040000 		.4byte	0x473
 860 0605 16       		.uleb128 0x16
 861 0606 1C010000 		.4byte	0x11c
 862 060a 16       		.uleb128 0x16
 863 060b 95000000 		.4byte	0x95
 864 060f 16       		.uleb128 0x16
 865 0610 25000000 		.4byte	0x25
 866 0614 00       		.byte	0
 867 0615 05       		.uleb128 0x5
 868 0616 04       		.byte	0x4
 869 0617 F7050000 		.4byte	0x5f7
 870 061b 15       		.uleb128 0x15
 871 061c 25000000 		.4byte	0x25
 872 0620 2F060000 		.4byte	0x62f
 873 0624 16       		.uleb128 0x16
 874 0625 73040000 		.4byte	0x473
 875 0629 16       		.uleb128 0x16
 876 062a 1C010000 		.4byte	0x11c
 877 062e 00       		.byte	0
 878 062f 05       		.uleb128 0x5
 879 0630 04       		.byte	0x4
 880 0631 1B060000 		.4byte	0x61b
 881 0635 0A       		.uleb128 0xa
 882 0636 48000000 		.4byte	0x48
 883 063a 45060000 		.4byte	0x645
 884 063e 0B       		.uleb128 0xb
 885 063f 2C000000 		.4byte	0x2c
 886 0643 02       		.byte	0x2
 887 0644 00       		.byte	0
 888 0645 0A       		.uleb128 0xa
 889 0646 48000000 		.4byte	0x48
 890 064a 55060000 		.4byte	0x655
 891 064e 0B       		.uleb128 0xb
 892 064f 2C000000 		.4byte	0x2c
 893 0653 00       		.byte	0
 894 0654 00       		.byte	0
 895 0655 07       		.uleb128 0x7
 896 0656 A7030000 		.4byte	.LASF87
 897 065a 05       		.byte	0x5
 898 065b 1F01     		.2byte	0x11f
 899 065d 1A       		.byte	0x1a
 900 065e 12030000 		.4byte	0x312
 901 0662 1A       		.uleb128 0x1a
 902 0663 2C050000 		.4byte	.LASF88
 903 0667 0C       		.byte	0xc
 904 0668 05       		.byte	0x5
 905 0669 2301     		.2byte	0x123
 906 066b 08       		.byte	0x8
 907 066c 9B060000 		.4byte	0x69b
 908 0670 18       		.uleb128 0x18
 909 0671 A1040000 		.4byte	.LASF22
 910 0675 05       		.byte	0x5
 911 0676 2501     		.2byte	0x125
 912 0678 11       		.byte	0x11
 913 0679 9B060000 		.4byte	0x69b
 914 067d 00       		.byte	0
 915 067e 18       		.uleb128 0x18
 916 067f 53020000 		.4byte	.LASF89
 917 0683 05       		.byte	0x5
 918 0684 2601     		.2byte	0x126
 919 0686 07       		.byte	0x7
 920 0687 25000000 		.4byte	0x25
 921 068b 04       		.byte	0x4
 922 068c 18       		.uleb128 0x18
 923 068d A1030000 		.4byte	.LASF90
 924 0691 05       		.byte	0x5
 925 0692 2701     		.2byte	0x127
 926 0694 0B       		.byte	0xb
 927 0695 A1060000 		.4byte	0x6a1
 928 0699 08       		.byte	0x8
 929 069a 00       		.byte	0
 930 069b 05       		.uleb128 0x5
 931 069c 04       		.byte	0x4
 932 069d 62060000 		.4byte	0x662
 933 06a1 05       		.uleb128 0x5
 934 06a2 04       		.byte	0x4
 935 06a3 55060000 		.4byte	0x655
 936 06a7 1A       		.uleb128 0x1a
 937 06a8 12000000 		.4byte	.LASF91
 938 06ac 0E       		.byte	0xe
 939 06ad 05       		.byte	0x5
 940 06ae 3F01     		.2byte	0x13f
 941 06b0 08       		.byte	0x8
 942 06b1 E0060000 		.4byte	0x6e0
 943 06b5 18       		.uleb128 0x18
 944 06b6 26040000 		.4byte	.LASF92
 945 06ba 05       		.byte	0x5
 946 06bb 4001     		.2byte	0x140
 947 06bd 12       		.byte	0x12
 948 06be E0060000 		.4byte	0x6e0
 949 06c2 00       		.byte	0
 950 06c3 18       		.uleb128 0x18
 951 06c4 9B040000 		.4byte	.LASF93
 952 06c8 05       		.byte	0x5
 953 06c9 4101     		.2byte	0x141
 954 06cb 12       		.byte	0x12
 955 06cc E0060000 		.4byte	0x6e0
 956 06d0 06       		.byte	0x6
 957 06d1 18       		.uleb128 0x18
 958 06d2 BD040000 		.4byte	.LASF94
 959 06d6 05       		.byte	0x5
 960 06d7 4201     		.2byte	0x142
 961 06d9 12       		.byte	0x12
 962 06da 56000000 		.4byte	0x56
 963 06de 0C       		.byte	0xc
 964 06df 00       		.byte	0
 965 06e0 0A       		.uleb128 0xa
 966 06e1 56000000 		.4byte	0x56
 967 06e5 F0060000 		.4byte	0x6f0
 968 06e9 0B       		.uleb128 0xb
 969 06ea 2C000000 		.4byte	0x2c
 970 06ee 02       		.byte	0x2
 971 06ef 00       		.byte	0
 972 06f0 1B       		.uleb128 0x1b
 973 06f1 D0       		.byte	0xd0
 974 06f2 05       		.byte	0x5
 975 06f3 8002     		.2byte	0x280
 976 06f5 07       		.byte	0x7
 977 06f6 05080000 		.4byte	0x805
 978 06fa 18       		.uleb128 0x18
 979 06fb FD040000 		.4byte	.LASF95
 980 06ff 05       		.byte	0x5
 981 0700 8202     		.2byte	0x282
 982 0702 18       		.byte	0x18
 983 0703 2C000000 		.4byte	0x2c
 984 0707 00       		.byte	0
 985 0708 18       		.uleb128 0x18
 986 0709 A7040000 		.4byte	.LASF96
 987 070d 05       		.byte	0x5
 988 070e 8302     		.2byte	0x283
 989 0710 12       		.byte	0x12
 990 0711 1E010000 		.4byte	0x11e
 991 0715 04       		.byte	0x4
 992 0716 18       		.uleb128 0x18
 993 0717 82020000 		.4byte	.LASF97
 994 071b 05       		.byte	0x5
 995 071c 8402     		.2byte	0x284
 996 071e 10       		.byte	0x10
 997 071f 05080000 		.4byte	0x805
 998 0723 08       		.byte	0x8
 999 0724 18       		.uleb128 0x18
 1000 0725 88050000 		.4byte	.LASF98
 1001 0729 05       		.byte	0x5
 1002 072a 8502     		.2byte	0x285
 1003 072c 17       		.byte	0x17
 1004 072d AC010000 		.4byte	0x1ac
 1005 0731 24       		.byte	0x24
 1006 0732 18       		.uleb128 0x18
 1007 0733 E8010000 		.4byte	.LASF99
 1008 0737 05       		.byte	0x5
 1009 0738 8602     		.2byte	0x286
 1010 073a 0F       		.byte	0xf
 1011 073b 25000000 		.4byte	0x25
 1012 073f 48       		.byte	0x48
 1013 0740 18       		.uleb128 0x18
 1014 0741 CA030000 		.4byte	.LASF100
 1015 0745 05       		.byte	0x5
 1016 0746 8702     		.2byte	0x287
 1017 0748 2C       		.byte	0x2c
 1018 0749 6B000000 		.4byte	0x6b
 1019 074d 50       		.byte	0x50
 1020 074e 18       		.uleb128 0x18
 1021 074f 9E050000 		.4byte	.LASF101
 1022 0753 05       		.byte	0x5
 1023 0754 8802     		.2byte	0x288
 1024 0756 1A       		.byte	0x1a
 1025 0757 A7060000 		.4byte	0x6a7
 1026 075b 58       		.byte	0x58
 1027 075c 18       		.uleb128 0x18
 1028 075d D5030000 		.4byte	.LASF102
 1029 0761 05       		.byte	0x5
 1030 0762 8902     		.2byte	0x289
 1031 0764 16       		.byte	0x16
 1032 0765 04010000 		.4byte	0x104
 1033 0769 68       		.byte	0x68
 1034 076a 18       		.uleb128 0x18
 1035 076b A3050000 		.4byte	.LASF103
 1036 076f 05       		.byte	0x5
 1037 0770 8A02     		.2byte	0x28a
 1038 0772 16       		.byte	0x16
 1039 0773 04010000 		.4byte	0x104
 1040 0777 70       		.byte	0x70
 1041 0778 18       		.uleb128 0x18
 1042 0779 4E030000 		.4byte	.LASF104
 1043 077d 05       		.byte	0x5
 1044 077e 8B02     		.2byte	0x28b
 1045 0780 16       		.byte	0x16
 1046 0781 04010000 		.4byte	0x104
 1047 0785 78       		.byte	0x78
 1048 0786 18       		.uleb128 0x18
 1049 0787 48050000 		.4byte	.LASF105
 1050 078b 05       		.byte	0x5
 1051 078c 8C02     		.2byte	0x28c
 1052 078e 10       		.byte	0x10
 1053 078f 15080000 		.4byte	0x815
 1054 0793 80       		.byte	0x80
 1055 0794 18       		.uleb128 0x18
 1056 0795 76020000 		.4byte	.LASF106
 1057 0799 05       		.byte	0x5
 1058 079a 8D02     		.2byte	0x28d
 1059 079c 10       		.byte	0x10
 1060 079d 25080000 		.4byte	0x825
 1061 07a1 88       		.byte	0x88
 1062 07a2 18       		.uleb128 0x18
 1063 07a3 DD040000 		.4byte	.LASF107
 1064 07a7 05       		.byte	0x5
 1065 07a8 8E02     		.2byte	0x28e
 1066 07aa 0F       		.byte	0xf
 1067 07ab 25000000 		.4byte	0x25
 1068 07af A0       		.byte	0xa0
 1069 07b0 18       		.uleb128 0x18
 1070 07b1 2A010000 		.4byte	.LASF108
 1071 07b5 05       		.byte	0x5
 1072 07b6 8F02     		.2byte	0x28f
 1073 07b8 16       		.byte	0x16
 1074 07b9 04010000 		.4byte	0x104
 1075 07bd A4       		.byte	0xa4
 1076 07be 18       		.uleb128 0x18
 1077 07bf 76000000 		.4byte	.LASF109
 1078 07c3 05       		.byte	0x5
 1079 07c4 9002     		.2byte	0x290
 1080 07c6 16       		.byte	0x16
 1081 07c7 04010000 		.4byte	0x104
 1082 07cb AC       		.byte	0xac
 1083 07cc 18       		.uleb128 0x18
 1084 07cd 19010000 		.4byte	.LASF110
 1085 07d1 05       		.byte	0x5
 1086 07d2 9102     		.2byte	0x291
 1087 07d4 16       		.byte	0x16
 1088 07d5 04010000 		.4byte	0x104
 1089 07d9 B4       		.byte	0xb4
 1090 07da 18       		.uleb128 0x18
 1091 07db 2B000000 		.4byte	.LASF111
 1092 07df 05       		.byte	0x5
 1093 07e0 9202     		.2byte	0x292
 1094 07e2 16       		.byte	0x16
 1095 07e3 04010000 		.4byte	0x104
 1096 07e7 BC       		.byte	0xbc
 1097 07e8 18       		.uleb128 0x18
 1098 07e9 3A000000 		.4byte	.LASF112
 1099 07ed 05       		.byte	0x5
 1100 07ee 9302     		.2byte	0x293
 1101 07f0 16       		.byte	0x16
 1102 07f1 04010000 		.4byte	0x104
 1103 07f5 C4       		.byte	0xc4
 1104 07f6 18       		.uleb128 0x18
 1105 07f7 7D030000 		.4byte	.LASF113
 1106 07fb 05       		.byte	0x5
 1107 07fc 9402     		.2byte	0x294
 1108 07fe 08       		.byte	0x8
 1109 07ff 25000000 		.4byte	0x25
 1110 0803 CC       		.byte	0xcc
 1111 0804 00       		.byte	0
 1112 0805 0A       		.uleb128 0xa
 1113 0806 24010000 		.4byte	0x124
 1114 080a 15080000 		.4byte	0x815
 1115 080e 0B       		.uleb128 0xb
 1116 080f 2C000000 		.4byte	0x2c
 1117 0813 19       		.byte	0x19
 1118 0814 00       		.byte	0
 1119 0815 0A       		.uleb128 0xa
 1120 0816 24010000 		.4byte	0x124
 1121 081a 25080000 		.4byte	0x825
 1122 081e 0B       		.uleb128 0xb
 1123 081f 2C000000 		.4byte	0x2c
 1124 0823 07       		.byte	0x7
 1125 0824 00       		.byte	0
 1126 0825 0A       		.uleb128 0xa
 1127 0826 24010000 		.4byte	0x124
 1128 082a 35080000 		.4byte	0x835
 1129 082e 0B       		.uleb128 0xb
 1130 082f 2C000000 		.4byte	0x2c
 1131 0833 17       		.byte	0x17
 1132 0834 00       		.byte	0
 1133 0835 1B       		.uleb128 0x1b
 1134 0836 F0       		.byte	0xf0
 1135 0837 05       		.byte	0x5
 1136 0838 9902     		.2byte	0x299
 1137 083a 07       		.byte	0x7
 1138 083b 5C080000 		.4byte	0x85c
 1139 083f 18       		.uleb128 0x18
 1140 0840 F7020000 		.4byte	.LASF114
 1141 0844 05       		.byte	0x5
 1142 0845 9C02     		.2byte	0x29c
 1143 0847 1B       		.byte	0x1b
 1144 0848 5C080000 		.4byte	0x85c
 1145 084c 00       		.byte	0
 1146 084d 18       		.uleb128 0x18
 1147 084e 3F050000 		.4byte	.LASF115
 1148 0852 05       		.byte	0x5
 1149 0853 9D02     		.2byte	0x29d
 1150 0855 18       		.byte	0x18
 1151 0856 6C080000 		.4byte	0x86c
 1152 085a 78       		.byte	0x78
 1153 085b 00       		.byte	0
 1154 085c 0A       		.uleb128 0xa
 1155 085d 0C030000 		.4byte	0x30c
 1156 0861 6C080000 		.4byte	0x86c
 1157 0865 0B       		.uleb128 0xb
 1158 0866 2C000000 		.4byte	0x2c
 1159 086a 1D       		.byte	0x1d
 1160 086b 00       		.byte	0
 1161 086c 0A       		.uleb128 0xa
 1162 086d 2C000000 		.4byte	0x2c
 1163 0871 7C080000 		.4byte	0x87c
 1164 0875 0B       		.uleb128 0xb
 1165 0876 2C000000 		.4byte	0x2c
 1166 087a 1D       		.byte	0x1d
 1167 087b 00       		.byte	0
 1168 087c 1C       		.uleb128 0x1c
 1169 087d F0       		.byte	0xf0
 1170 087e 05       		.byte	0x5
 1171 087f 7E02     		.2byte	0x27e
 1172 0881 03       		.byte	0x3
 1173 0882 A1080000 		.4byte	0x8a1
 1174 0886 1D       		.uleb128 0x1d
 1175 0887 1F040000 		.4byte	.LASF65
 1176 088b 05       		.byte	0x5
 1177 088c 9502     		.2byte	0x295
 1178 088e 0B       		.byte	0xb
 1179 088f F0060000 		.4byte	0x6f0
 1180 0893 1D       		.uleb128 0x1d
 1181 0894 75050000 		.4byte	.LASF116
 1182 0898 05       		.byte	0x5
 1183 0899 9E02     		.2byte	0x29e
 1184 089b 0B       		.byte	0xb
 1185 089c 35080000 		.4byte	0x835
 1186 08a0 00       		.byte	0
 1187 08a1 0A       		.uleb128 0xa
 1188 08a2 24010000 		.4byte	0x124
 1189 08a6 B1080000 		.4byte	0x8b1
 1190 08aa 0B       		.uleb128 0xb
 1191 08ab 2C000000 		.4byte	0x2c
 1192 08af 18       		.byte	0x18
 1193 08b0 00       		.byte	0
 1194 08b1 06       		.uleb128 0x6
 1195 08b2 6B000000 		.4byte	.LASF118
 1196 08b6 05       		.uleb128 0x5
 1197 08b7 04       		.byte	0x4
 1198 08b8 B1080000 		.4byte	0x8b1
 1199 08bc 1E       		.uleb128 0x1e
 1200 08bd C7080000 		.4byte	0x8c7
 1201 08c1 16       		.uleb128 0x16
 1202 08c2 73040000 		.4byte	0x473
 1203 08c6 00       		.byte	0
 1204 08c7 05       		.uleb128 0x5
 1205 08c8 04       		.byte	0x4
 1206 08c9 BC080000 		.4byte	0x8bc
 1207 08cd 05       		.uleb128 0x5
 1208 08ce 04       		.byte	0x4
 1209 08cf 96010000 		.4byte	0x196
 1210 08d3 1E       		.uleb128 0x1e
 1211 08d4 DE080000 		.4byte	0x8de
 1212 08d8 16       		.uleb128 0x16
 1213 08d9 25000000 		.4byte	0x25
 1214 08dd 00       		.byte	0
 1215 08de 05       		.uleb128 0x5
 1216 08df 04       		.byte	0x4
 1217 08e0 E4080000 		.4byte	0x8e4
 1218 08e4 05       		.uleb128 0x5
 1219 08e5 04       		.byte	0x4
 1220 08e6 D3080000 		.4byte	0x8d3
 1221 08ea 0A       		.uleb128 0xa
 1222 08eb 55060000 		.4byte	0x655
 1223 08ef FA080000 		.4byte	0x8fa
 1224 08f3 0B       		.uleb128 0xb
 1225 08f4 2C000000 		.4byte	0x2c
 1226 08f8 02       		.byte	0x2
 1227 08f9 00       		.byte	0
 1228 08fa 1F       		.uleb128 0x1f
 1229 08fb 55040000 		.4byte	.LASF119
 1230 08ff 05       		.byte	0x5
 1231 0900 2E03     		.2byte	0x32e
 1232 0902 17       		.byte	0x17
 1233 0903 73040000 		.4byte	0x473
 1234 0907 1F       		.uleb128 0x1f
 1235 0908 EA040000 		.4byte	.LASF120
 1236 090c 05       		.byte	0x5
 1237 090d 2F03     		.2byte	0x32f
 1238 090f 1D       		.byte	0x1d
 1239 0910 79040000 		.4byte	0x479
 1240 0914 05       		.uleb128 0x5
 1241 0915 04       		.byte	0x4
 1242 0916 1A090000 		.4byte	0x91a
 1243 091a 20       		.uleb128 0x20
 1244 091b 21090000 		.4byte	0x921
 1245 091f 21       		.uleb128 0x21
 1246 0920 00       		.byte	0
 1247 0921 10       		.uleb128 0x10
 1248 0922 2C040000 		.4byte	.LASF121
 1249 0926 08       		.byte	0x8
 1250 0927 01       		.byte	0x1
 1251 0928 0D       		.byte	0xd
 1252 0929 08       		.byte	0x8
 1253 092a 49090000 		.4byte	0x949
 1254 092e 0D       		.uleb128 0xd
 1255 092f 20020000 		.4byte	.LASF122
 1256 0933 01       		.byte	0x1
 1257 0934 0E       		.byte	0xe
 1258 0935 09       		.byte	0x9
 1259 0936 1C010000 		.4byte	0x11c
 1260 093a 00       		.byte	0
 1261 093b 0D       		.uleb128 0xd
 1262 093c 5C050000 		.4byte	.LASF123
 1263 0940 01       		.byte	0x1
 1264 0941 0F       		.byte	0xf
 1265 0942 0A       		.byte	0xa
 1266 0943 14090000 		.4byte	0x914
 1267 0947 04       		.byte	0x4
 1268 0948 00       		.byte	0
 1269 0949 22       		.uleb128 0x22
 1270 094a E3020000 		.4byte	.LASF124
 1271 094e 01       		.byte	0x1
 1272 094f 12       		.byte	0x12
 1273 0950 0D       		.byte	0xd
 1274 0951 24010000 		.4byte	0x124
 1275 0955 23       		.uleb128 0x23
 1276 0956 7E040000 		.4byte	.LASF125
 1277 095a 01       		.byte	0x1
 1278 095b 15       		.byte	0x15
 1279 095c 14       		.byte	0x14
 1280 095d 21090000 		.4byte	0x921
 1281 0961 05       		.uleb128 0x5
 1282 0962 03       		.byte	0x3
 1283 0963 00000000 		.4byte	__boot_sector
 1284 0967 24       		.uleb128 0x24
 1285 0968 0A050000 		.4byte	.LASF132
 1286 096c 01       		.byte	0x1
 1287 096d 05       		.byte	0x5
 1288 096e 06       		.byte	0x6
 1289 096f 00000000 		.4byte	.LFB0
 1290 0973 18000000 		.4byte	.LFE0-.LFB0
 1291 0977 01       		.uleb128 0x1
 1292 0978 9C       		.byte	0x9c
 1293 0979 AB090000 		.4byte	0x9ab
 1294 097d 22       		.uleb128 0x22
 1295 097e 6A030000 		.4byte	.LASF126
 1296 0982 01       		.byte	0x1
 1297 0983 06       		.byte	0x6
 1298 0984 15       		.byte	0x15
 1299 0985 2B010000 		.4byte	0x12b
 1300 0989 22       		.uleb128 0x22
 1301 098a 8C040000 		.4byte	.LASF127
 1302 098e 01       		.byte	0x1
 1303 098f 07       		.byte	0x7
 1304 0990 0F       		.byte	0xf
 1305 0991 24010000 		.4byte	0x124
 1306 0995 22       		.uleb128 0x22
 1307 0996 32050000 		.4byte	.LASF128
 1308 099a 01       		.byte	0x1
 1309 099b 08       		.byte	0x8
 1310 099c 0F       		.byte	0xf
 1311 099d 24010000 		.4byte	0x124
 1312 09a1 25       		.uleb128 0x25
 1313 09a2 0C000000 		.4byte	.LVL0
 1314 09a6 AB090000 		.4byte	0x9ab
 1315 09aa 00       		.byte	0
 1316 09ab 26       		.uleb128 0x26
 1317 09ac 9D020000 		.4byte	.LASF133
 1318 09b0 B3020000 		.4byte	.LASF134
 1319 09b4 06       		.byte	0x6
 1320 09b5 00       		.byte	0
 1321 09b6 00       		.byte	0
 1322              		.section	.debug_abbrev,"",%progbits
 1323              	.Ldebug_abbrev0:
 1324 0000 01       		.uleb128 0x1
 1325 0001 11       		.uleb128 0x11
 1326 0002 01       		.byte	0x1
 1327 0003 25       		.uleb128 0x25
 1328 0004 0E       		.uleb128 0xe
 1329 0005 13       		.uleb128 0x13
 1330 0006 0B       		.uleb128 0xb
 1331 0007 03       		.uleb128 0x3
 1332 0008 0E       		.uleb128 0xe
 1333 0009 1B       		.uleb128 0x1b
 1334 000a 0E       		.uleb128 0xe
 1335 000b 11       		.uleb128 0x11
 1336 000c 01       		.uleb128 0x1
 1337 000d 12       		.uleb128 0x12
 1338 000e 06       		.uleb128 0x6
 1339 000f 10       		.uleb128 0x10
 1340 0010 17       		.uleb128 0x17
 1341 0011 00       		.byte	0
 1342 0012 00       		.byte	0
 1343 0013 02       		.uleb128 0x2
 1344 0014 24       		.uleb128 0x24
 1345 0015 00       		.byte	0
 1346 0016 0B       		.uleb128 0xb
 1347 0017 0B       		.uleb128 0xb
 1348 0018 3E       		.uleb128 0x3e
 1349 0019 0B       		.uleb128 0xb
 1350 001a 03       		.uleb128 0x3
 1351 001b 08       		.uleb128 0x8
 1352 001c 00       		.byte	0
 1353 001d 00       		.byte	0
 1354 001e 03       		.uleb128 0x3
 1355 001f 24       		.uleb128 0x24
 1356 0020 00       		.byte	0
 1357 0021 0B       		.uleb128 0xb
 1358 0022 0B       		.uleb128 0xb
 1359 0023 3E       		.uleb128 0x3e
 1360 0024 0B       		.uleb128 0xb
 1361 0025 03       		.uleb128 0x3
 1362 0026 0E       		.uleb128 0xe
 1363 0027 00       		.byte	0
 1364 0028 00       		.byte	0
 1365 0029 04       		.uleb128 0x4
 1366 002a 16       		.uleb128 0x16
 1367 002b 00       		.byte	0
 1368 002c 03       		.uleb128 0x3
 1369 002d 0E       		.uleb128 0xe
 1370 002e 3A       		.uleb128 0x3a
 1371 002f 0B       		.uleb128 0xb
 1372 0030 3B       		.uleb128 0x3b
 1373 0031 0B       		.uleb128 0xb
 1374 0032 39       		.uleb128 0x39
 1375 0033 0B       		.uleb128 0xb
 1376 0034 49       		.uleb128 0x49
 1377 0035 13       		.uleb128 0x13
 1378 0036 00       		.byte	0
 1379 0037 00       		.byte	0
 1380 0038 05       		.uleb128 0x5
 1381 0039 0F       		.uleb128 0xf
 1382 003a 00       		.byte	0
 1383 003b 0B       		.uleb128 0xb
 1384 003c 0B       		.uleb128 0xb
 1385 003d 49       		.uleb128 0x49
 1386 003e 13       		.uleb128 0x13
 1387 003f 00       		.byte	0
 1388 0040 00       		.byte	0
 1389 0041 06       		.uleb128 0x6
 1390 0042 13       		.uleb128 0x13
 1391 0043 00       		.byte	0
 1392 0044 03       		.uleb128 0x3
 1393 0045 0E       		.uleb128 0xe
 1394 0046 3C       		.uleb128 0x3c
 1395 0047 19       		.uleb128 0x19
 1396 0048 00       		.byte	0
 1397 0049 00       		.byte	0
 1398 004a 07       		.uleb128 0x7
 1399 004b 16       		.uleb128 0x16
 1400 004c 00       		.byte	0
 1401 004d 03       		.uleb128 0x3
 1402 004e 0E       		.uleb128 0xe
 1403 004f 3A       		.uleb128 0x3a
 1404 0050 0B       		.uleb128 0xb
 1405 0051 3B       		.uleb128 0x3b
 1406 0052 05       		.uleb128 0x5
 1407 0053 39       		.uleb128 0x39
 1408 0054 0B       		.uleb128 0xb
 1409 0055 49       		.uleb128 0x49
 1410 0056 13       		.uleb128 0x13
 1411 0057 00       		.byte	0
 1412 0058 00       		.byte	0
 1413 0059 08       		.uleb128 0x8
 1414 005a 17       		.uleb128 0x17
 1415 005b 01       		.byte	0x1
 1416 005c 0B       		.uleb128 0xb
 1417 005d 0B       		.uleb128 0xb
 1418 005e 3A       		.uleb128 0x3a
 1419 005f 0B       		.uleb128 0xb
 1420 0060 3B       		.uleb128 0x3b
 1421 0061 0B       		.uleb128 0xb
 1422 0062 39       		.uleb128 0x39
 1423 0063 0B       		.uleb128 0xb
 1424 0064 01       		.uleb128 0x1
 1425 0065 13       		.uleb128 0x13
 1426 0066 00       		.byte	0
 1427 0067 00       		.byte	0
 1428 0068 09       		.uleb128 0x9
 1429 0069 0D       		.uleb128 0xd
 1430 006a 00       		.byte	0
 1431 006b 03       		.uleb128 0x3
 1432 006c 0E       		.uleb128 0xe
 1433 006d 3A       		.uleb128 0x3a
 1434 006e 0B       		.uleb128 0xb
 1435 006f 3B       		.uleb128 0x3b
 1436 0070 0B       		.uleb128 0xb
 1437 0071 39       		.uleb128 0x39
 1438 0072 0B       		.uleb128 0xb
 1439 0073 49       		.uleb128 0x49
 1440 0074 13       		.uleb128 0x13
 1441 0075 00       		.byte	0
 1442 0076 00       		.byte	0
 1443 0077 0A       		.uleb128 0xa
 1444 0078 01       		.uleb128 0x1
 1445 0079 01       		.byte	0x1
 1446 007a 49       		.uleb128 0x49
 1447 007b 13       		.uleb128 0x13
 1448 007c 01       		.uleb128 0x1
 1449 007d 13       		.uleb128 0x13
 1450 007e 00       		.byte	0
 1451 007f 00       		.byte	0
 1452 0080 0B       		.uleb128 0xb
 1453 0081 21       		.uleb128 0x21
 1454 0082 00       		.byte	0
 1455 0083 49       		.uleb128 0x49
 1456 0084 13       		.uleb128 0x13
 1457 0085 2F       		.uleb128 0x2f
 1458 0086 0B       		.uleb128 0xb
 1459 0087 00       		.byte	0
 1460 0088 00       		.byte	0
 1461 0089 0C       		.uleb128 0xc
 1462 008a 13       		.uleb128 0x13
 1463 008b 01       		.byte	0x1
 1464 008c 0B       		.uleb128 0xb
 1465 008d 0B       		.uleb128 0xb
 1466 008e 3A       		.uleb128 0x3a
 1467 008f 0B       		.uleb128 0xb
 1468 0090 3B       		.uleb128 0x3b
 1469 0091 0B       		.uleb128 0xb
 1470 0092 39       		.uleb128 0x39
 1471 0093 0B       		.uleb128 0xb
 1472 0094 01       		.uleb128 0x1
 1473 0095 13       		.uleb128 0x13
 1474 0096 00       		.byte	0
 1475 0097 00       		.byte	0
 1476 0098 0D       		.uleb128 0xd
 1477 0099 0D       		.uleb128 0xd
 1478 009a 00       		.byte	0
 1479 009b 03       		.uleb128 0x3
 1480 009c 0E       		.uleb128 0xe
 1481 009d 3A       		.uleb128 0x3a
 1482 009e 0B       		.uleb128 0xb
 1483 009f 3B       		.uleb128 0x3b
 1484 00a0 0B       		.uleb128 0xb
 1485 00a1 39       		.uleb128 0x39
 1486 00a2 0B       		.uleb128 0xb
 1487 00a3 49       		.uleb128 0x49
 1488 00a4 13       		.uleb128 0x13
 1489 00a5 38       		.uleb128 0x38
 1490 00a6 0B       		.uleb128 0xb
 1491 00a7 00       		.byte	0
 1492 00a8 00       		.byte	0
 1493 00a9 0E       		.uleb128 0xe
 1494 00aa 0F       		.uleb128 0xf
 1495 00ab 00       		.byte	0
 1496 00ac 0B       		.uleb128 0xb
 1497 00ad 0B       		.uleb128 0xb
 1498 00ae 00       		.byte	0
 1499 00af 00       		.byte	0
 1500 00b0 0F       		.uleb128 0xf
 1501 00b1 26       		.uleb128 0x26
 1502 00b2 00       		.byte	0
 1503 00b3 49       		.uleb128 0x49
 1504 00b4 13       		.uleb128 0x13
 1505 00b5 00       		.byte	0
 1506 00b6 00       		.byte	0
 1507 00b7 10       		.uleb128 0x10
 1508 00b8 13       		.uleb128 0x13
 1509 00b9 01       		.byte	0x1
 1510 00ba 03       		.uleb128 0x3
 1511 00bb 0E       		.uleb128 0xe
 1512 00bc 0B       		.uleb128 0xb
 1513 00bd 0B       		.uleb128 0xb
 1514 00be 3A       		.uleb128 0x3a
 1515 00bf 0B       		.uleb128 0xb
 1516 00c0 3B       		.uleb128 0x3b
 1517 00c1 0B       		.uleb128 0xb
 1518 00c2 39       		.uleb128 0x39
 1519 00c3 0B       		.uleb128 0xb
 1520 00c4 01       		.uleb128 0x1
 1521 00c5 13       		.uleb128 0x13
 1522 00c6 00       		.byte	0
 1523 00c7 00       		.byte	0
 1524 00c8 11       		.uleb128 0x11
 1525 00c9 0D       		.uleb128 0xd
 1526 00ca 00       		.byte	0
 1527 00cb 03       		.uleb128 0x3
 1528 00cc 08       		.uleb128 0x8
 1529 00cd 3A       		.uleb128 0x3a
 1530 00ce 0B       		.uleb128 0xb
 1531 00cf 3B       		.uleb128 0x3b
 1532 00d0 0B       		.uleb128 0xb
 1533 00d1 39       		.uleb128 0x39
 1534 00d2 0B       		.uleb128 0xb
 1535 00d3 49       		.uleb128 0x49
 1536 00d4 13       		.uleb128 0x13
 1537 00d5 38       		.uleb128 0x38
 1538 00d6 0B       		.uleb128 0xb
 1539 00d7 00       		.byte	0
 1540 00d8 00       		.byte	0
 1541 00d9 12       		.uleb128 0x12
 1542 00da 13       		.uleb128 0x13
 1543 00db 01       		.byte	0x1
 1544 00dc 03       		.uleb128 0x3
 1545 00dd 0E       		.uleb128 0xe
 1546 00de 0B       		.uleb128 0xb
 1547 00df 05       		.uleb128 0x5
 1548 00e0 3A       		.uleb128 0x3a
 1549 00e1 0B       		.uleb128 0xb
 1550 00e2 3B       		.uleb128 0x3b
 1551 00e3 0B       		.uleb128 0xb
 1552 00e4 39       		.uleb128 0x39
 1553 00e5 0B       		.uleb128 0xb
 1554 00e6 01       		.uleb128 0x1
 1555 00e7 13       		.uleb128 0x13
 1556 00e8 00       		.byte	0
 1557 00e9 00       		.byte	0
 1558 00ea 13       		.uleb128 0x13
 1559 00eb 0D       		.uleb128 0xd
 1560 00ec 00       		.byte	0
 1561 00ed 03       		.uleb128 0x3
 1562 00ee 0E       		.uleb128 0xe
 1563 00ef 3A       		.uleb128 0x3a
 1564 00f0 0B       		.uleb128 0xb
 1565 00f1 3B       		.uleb128 0x3b
 1566 00f2 0B       		.uleb128 0xb
 1567 00f3 39       		.uleb128 0x39
 1568 00f4 0B       		.uleb128 0xb
 1569 00f5 49       		.uleb128 0x49
 1570 00f6 13       		.uleb128 0x13
 1571 00f7 38       		.uleb128 0x38
 1572 00f8 05       		.uleb128 0x5
 1573 00f9 00       		.byte	0
 1574 00fa 00       		.byte	0
 1575 00fb 14       		.uleb128 0x14
 1576 00fc 15       		.uleb128 0x15
 1577 00fd 00       		.byte	0
 1578 00fe 27       		.uleb128 0x27
 1579 00ff 19       		.uleb128 0x19
 1580 0100 00       		.byte	0
 1581 0101 00       		.byte	0
 1582 0102 15       		.uleb128 0x15
 1583 0103 15       		.uleb128 0x15
 1584 0104 01       		.byte	0x1
 1585 0105 27       		.uleb128 0x27
 1586 0106 19       		.uleb128 0x19
 1587 0107 49       		.uleb128 0x49
 1588 0108 13       		.uleb128 0x13
 1589 0109 01       		.uleb128 0x1
 1590 010a 13       		.uleb128 0x13
 1591 010b 00       		.byte	0
 1592 010c 00       		.byte	0
 1593 010d 16       		.uleb128 0x16
 1594 010e 05       		.uleb128 0x5
 1595 010f 00       		.byte	0
 1596 0110 49       		.uleb128 0x49
 1597 0111 13       		.uleb128 0x13
 1598 0112 00       		.byte	0
 1599 0113 00       		.byte	0
 1600 0114 17       		.uleb128 0x17
 1601 0115 13       		.uleb128 0x13
 1602 0116 01       		.byte	0x1
 1603 0117 03       		.uleb128 0x3
 1604 0118 0E       		.uleb128 0xe
 1605 0119 0B       		.uleb128 0xb
 1606 011a 05       		.uleb128 0x5
 1607 011b 3A       		.uleb128 0x3a
 1608 011c 0B       		.uleb128 0xb
 1609 011d 3B       		.uleb128 0x3b
 1610 011e 05       		.uleb128 0x5
 1611 011f 39       		.uleb128 0x39
 1612 0120 0B       		.uleb128 0xb
 1613 0121 01       		.uleb128 0x1
 1614 0122 13       		.uleb128 0x13
 1615 0123 00       		.byte	0
 1616 0124 00       		.byte	0
 1617 0125 18       		.uleb128 0x18
 1618 0126 0D       		.uleb128 0xd
 1619 0127 00       		.byte	0
 1620 0128 03       		.uleb128 0x3
 1621 0129 0E       		.uleb128 0xe
 1622 012a 3A       		.uleb128 0x3a
 1623 012b 0B       		.uleb128 0xb
 1624 012c 3B       		.uleb128 0x3b
 1625 012d 05       		.uleb128 0x5
 1626 012e 39       		.uleb128 0x39
 1627 012f 0B       		.uleb128 0xb
 1628 0130 49       		.uleb128 0x49
 1629 0131 13       		.uleb128 0x13
 1630 0132 38       		.uleb128 0x38
 1631 0133 0B       		.uleb128 0xb
 1632 0134 00       		.byte	0
 1633 0135 00       		.byte	0
 1634 0136 19       		.uleb128 0x19
 1635 0137 0D       		.uleb128 0xd
 1636 0138 00       		.byte	0
 1637 0139 03       		.uleb128 0x3
 1638 013a 0E       		.uleb128 0xe
 1639 013b 3A       		.uleb128 0x3a
 1640 013c 0B       		.uleb128 0xb
 1641 013d 3B       		.uleb128 0x3b
 1642 013e 05       		.uleb128 0x5
 1643 013f 39       		.uleb128 0x39
 1644 0140 0B       		.uleb128 0xb
 1645 0141 49       		.uleb128 0x49
 1646 0142 13       		.uleb128 0x13
 1647 0143 38       		.uleb128 0x38
 1648 0144 05       		.uleb128 0x5
 1649 0145 00       		.byte	0
 1650 0146 00       		.byte	0
 1651 0147 1A       		.uleb128 0x1a
 1652 0148 13       		.uleb128 0x13
 1653 0149 01       		.byte	0x1
 1654 014a 03       		.uleb128 0x3
 1655 014b 0E       		.uleb128 0xe
 1656 014c 0B       		.uleb128 0xb
 1657 014d 0B       		.uleb128 0xb
 1658 014e 3A       		.uleb128 0x3a
 1659 014f 0B       		.uleb128 0xb
 1660 0150 3B       		.uleb128 0x3b
 1661 0151 05       		.uleb128 0x5
 1662 0152 39       		.uleb128 0x39
 1663 0153 0B       		.uleb128 0xb
 1664 0154 01       		.uleb128 0x1
 1665 0155 13       		.uleb128 0x13
 1666 0156 00       		.byte	0
 1667 0157 00       		.byte	0
 1668 0158 1B       		.uleb128 0x1b
 1669 0159 13       		.uleb128 0x13
 1670 015a 01       		.byte	0x1
 1671 015b 0B       		.uleb128 0xb
 1672 015c 0B       		.uleb128 0xb
 1673 015d 3A       		.uleb128 0x3a
 1674 015e 0B       		.uleb128 0xb
 1675 015f 3B       		.uleb128 0x3b
 1676 0160 05       		.uleb128 0x5
 1677 0161 39       		.uleb128 0x39
 1678 0162 0B       		.uleb128 0xb
 1679 0163 01       		.uleb128 0x1
 1680 0164 13       		.uleb128 0x13
 1681 0165 00       		.byte	0
 1682 0166 00       		.byte	0
 1683 0167 1C       		.uleb128 0x1c
 1684 0168 17       		.uleb128 0x17
 1685 0169 01       		.byte	0x1
 1686 016a 0B       		.uleb128 0xb
 1687 016b 0B       		.uleb128 0xb
 1688 016c 3A       		.uleb128 0x3a
 1689 016d 0B       		.uleb128 0xb
 1690 016e 3B       		.uleb128 0x3b
 1691 016f 05       		.uleb128 0x5
 1692 0170 39       		.uleb128 0x39
 1693 0171 0B       		.uleb128 0xb
 1694 0172 01       		.uleb128 0x1
 1695 0173 13       		.uleb128 0x13
 1696 0174 00       		.byte	0
 1697 0175 00       		.byte	0
 1698 0176 1D       		.uleb128 0x1d
 1699 0177 0D       		.uleb128 0xd
 1700 0178 00       		.byte	0
 1701 0179 03       		.uleb128 0x3
 1702 017a 0E       		.uleb128 0xe
 1703 017b 3A       		.uleb128 0x3a
 1704 017c 0B       		.uleb128 0xb
 1705 017d 3B       		.uleb128 0x3b
 1706 017e 05       		.uleb128 0x5
 1707 017f 39       		.uleb128 0x39
 1708 0180 0B       		.uleb128 0xb
 1709 0181 49       		.uleb128 0x49
 1710 0182 13       		.uleb128 0x13
 1711 0183 00       		.byte	0
 1712 0184 00       		.byte	0
 1713 0185 1E       		.uleb128 0x1e
 1714 0186 15       		.uleb128 0x15
 1715 0187 01       		.byte	0x1
 1716 0188 27       		.uleb128 0x27
 1717 0189 19       		.uleb128 0x19
 1718 018a 01       		.uleb128 0x1
 1719 018b 13       		.uleb128 0x13
 1720 018c 00       		.byte	0
 1721 018d 00       		.byte	0
 1722 018e 1F       		.uleb128 0x1f
 1723 018f 34       		.uleb128 0x34
 1724 0190 00       		.byte	0
 1725 0191 03       		.uleb128 0x3
 1726 0192 0E       		.uleb128 0xe
 1727 0193 3A       		.uleb128 0x3a
 1728 0194 0B       		.uleb128 0xb
 1729 0195 3B       		.uleb128 0x3b
 1730 0196 05       		.uleb128 0x5
 1731 0197 39       		.uleb128 0x39
 1732 0198 0B       		.uleb128 0xb
 1733 0199 49       		.uleb128 0x49
 1734 019a 13       		.uleb128 0x13
 1735 019b 3F       		.uleb128 0x3f
 1736 019c 19       		.uleb128 0x19
 1737 019d 3C       		.uleb128 0x3c
 1738 019e 19       		.uleb128 0x19
 1739 019f 00       		.byte	0
 1740 01a0 00       		.byte	0
 1741 01a1 20       		.uleb128 0x20
 1742 01a2 15       		.uleb128 0x15
 1743 01a3 01       		.byte	0x1
 1744 01a4 01       		.uleb128 0x1
 1745 01a5 13       		.uleb128 0x13
 1746 01a6 00       		.byte	0
 1747 01a7 00       		.byte	0
 1748 01a8 21       		.uleb128 0x21
 1749 01a9 18       		.uleb128 0x18
 1750 01aa 00       		.byte	0
 1751 01ab 00       		.byte	0
 1752 01ac 00       		.byte	0
 1753 01ad 22       		.uleb128 0x22
 1754 01ae 34       		.uleb128 0x34
 1755 01af 00       		.byte	0
 1756 01b0 03       		.uleb128 0x3
 1757 01b1 0E       		.uleb128 0xe
 1758 01b2 3A       		.uleb128 0x3a
 1759 01b3 0B       		.uleb128 0xb
 1760 01b4 3B       		.uleb128 0x3b
 1761 01b5 0B       		.uleb128 0xb
 1762 01b6 39       		.uleb128 0x39
 1763 01b7 0B       		.uleb128 0xb
 1764 01b8 49       		.uleb128 0x49
 1765 01b9 13       		.uleb128 0x13
 1766 01ba 3F       		.uleb128 0x3f
 1767 01bb 19       		.uleb128 0x19
 1768 01bc 3C       		.uleb128 0x3c
 1769 01bd 19       		.uleb128 0x19
 1770 01be 00       		.byte	0
 1771 01bf 00       		.byte	0
 1772 01c0 23       		.uleb128 0x23
 1773 01c1 34       		.uleb128 0x34
 1774 01c2 00       		.byte	0
 1775 01c3 03       		.uleb128 0x3
 1776 01c4 0E       		.uleb128 0xe
 1777 01c5 3A       		.uleb128 0x3a
 1778 01c6 0B       		.uleb128 0xb
 1779 01c7 3B       		.uleb128 0x3b
 1780 01c8 0B       		.uleb128 0xb
 1781 01c9 39       		.uleb128 0x39
 1782 01ca 0B       		.uleb128 0xb
 1783 01cb 49       		.uleb128 0x49
 1784 01cc 13       		.uleb128 0x13
 1785 01cd 3F       		.uleb128 0x3f
 1786 01ce 19       		.uleb128 0x19
 1787 01cf 02       		.uleb128 0x2
 1788 01d0 18       		.uleb128 0x18
 1789 01d1 00       		.byte	0
 1790 01d2 00       		.byte	0
 1791 01d3 24       		.uleb128 0x24
 1792 01d4 2E       		.uleb128 0x2e
 1793 01d5 01       		.byte	0x1
 1794 01d6 3F       		.uleb128 0x3f
 1795 01d7 19       		.uleb128 0x19
 1796 01d8 03       		.uleb128 0x3
 1797 01d9 0E       		.uleb128 0xe
 1798 01da 3A       		.uleb128 0x3a
 1799 01db 0B       		.uleb128 0xb
 1800 01dc 3B       		.uleb128 0x3b
 1801 01dd 0B       		.uleb128 0xb
 1802 01de 39       		.uleb128 0x39
 1803 01df 0B       		.uleb128 0xb
 1804 01e0 11       		.uleb128 0x11
 1805 01e1 01       		.uleb128 0x1
 1806 01e2 12       		.uleb128 0x12
 1807 01e3 06       		.uleb128 0x6
 1808 01e4 40       		.uleb128 0x40
 1809 01e5 18       		.uleb128 0x18
 1810 01e6 9742     		.uleb128 0x2117
 1811 01e8 19       		.uleb128 0x19
 1812 01e9 01       		.uleb128 0x1
 1813 01ea 13       		.uleb128 0x13
 1814 01eb 00       		.byte	0
 1815 01ec 00       		.byte	0
 1816 01ed 25       		.uleb128 0x25
 1817 01ee 898201   		.uleb128 0x4109
 1818 01f1 00       		.byte	0
 1819 01f2 11       		.uleb128 0x11
 1820 01f3 01       		.uleb128 0x1
 1821 01f4 9542     		.uleb128 0x2115
 1822 01f6 19       		.uleb128 0x19
 1823 01f7 31       		.uleb128 0x31
 1824 01f8 13       		.uleb128 0x13
 1825 01f9 00       		.byte	0
 1826 01fa 00       		.byte	0
 1827 01fb 26       		.uleb128 0x26
 1828 01fc 2E       		.uleb128 0x2e
 1829 01fd 00       		.byte	0
 1830 01fe 3F       		.uleb128 0x3f
 1831 01ff 19       		.uleb128 0x19
 1832 0200 3C       		.uleb128 0x3c
 1833 0201 19       		.uleb128 0x19
 1834 0202 6E       		.uleb128 0x6e
 1835 0203 0E       		.uleb128 0xe
 1836 0204 03       		.uleb128 0x3
 1837 0205 0E       		.uleb128 0xe
 1838 0206 3A       		.uleb128 0x3a
 1839 0207 0B       		.uleb128 0xb
 1840 0208 3B       		.uleb128 0x3b
 1841 0209 0B       		.uleb128 0xb
 1842 020a 00       		.byte	0
 1843 020b 00       		.byte	0
 1844 020c 00       		.byte	0
 1845              		.section	.debug_aranges,"",%progbits
 1846 0000 1C000000 		.4byte	0x1c
 1847 0004 0200     		.2byte	0x2
 1848 0006 00000000 		.4byte	.Ldebug_info0
 1849 000a 04       		.byte	0x4
 1850 000b 00       		.byte	0
 1851 000c 0000     		.2byte	0
 1852 000e 0000     		.2byte	0
 1853 0010 00000000 		.4byte	.Ltext0
 1854 0014 18000000 		.4byte	.Letext0-.Ltext0
 1855 0018 00000000 		.4byte	0
 1856 001c 00000000 		.4byte	0
 1857              		.section	.debug_line,"",%progbits
 1858              	.Ldebug_line0:
 1859 0000 C7000000 		.section	.debug_str,"MS",%progbits,1
 1859      0300AC00 
 1859      00000201 
 1859      FB0E0D00 
 1859      01010101 
 1860              	.LASF39:
 1861 0000 5F64736F 		.ascii	"_dso_handle\000"
 1861      5F68616E 
 1861      646C6500 
 1862              	.LASF47:
 1863 000c 5F73697A 		.ascii	"_size\000"
 1863      6500
 1864              	.LASF91:
 1865 0012 5F72616E 		.ascii	"_rand48\000"
 1865      64343800 
 1866              	.LASF71:
 1867 001a 5F656D65 		.ascii	"_emergency\000"
 1867      7267656E 
 1867      637900
 1868              	.LASF61:
 1869 0025 5F646174 		.ascii	"_data\000"
 1869      6100
 1870              	.LASF111:
 1871 002b 5F776372 		.ascii	"_wcrtomb_state\000"
 1871      746F6D62 
 1871      5F737461 
 1871      746500
 1872              	.LASF112:
 1873 003a 5F776373 		.ascii	"_wcsrtombs_state\000"
 1873      72746F6D 
 1873      62735F73 
 1873      74617465 
 1873      00
 1874              	.LASF9:
 1875 004b 6C6F6E67 		.ascii	"long long unsigned int\000"
 1875      206C6F6E 
 1875      6720756E 
 1875      7369676E 
 1875      65642069 
 1876              	.LASF51:
 1877 0062 5F6C6266 		.ascii	"_lbfsize\000"
 1877      73697A65 
 1877      00
 1878              	.LASF118:
 1879 006b 5F5F6C6F 		.ascii	"__locale_t\000"
 1879      63616C65 
 1879      5F7400
 1880              	.LASF109:
 1881 0076 5F6D6272 		.ascii	"_mbrtowc_state\000"
 1881      746F7763 
 1881      5F737461 
 1881      746500
 1882              	.LASF28:
 1883 0085 5F5F746D 		.ascii	"__tm_sec\000"
 1883      5F736563 
 1883      00
 1884              	.LASF1:
 1885 008e 6C6F6E67 		.ascii	"long long int\000"
 1885      206C6F6E 
 1885      6720696E 
 1885      7400
 1886              	.LASF3:
 1887 009c 7369676E 		.ascii	"signed char\000"
 1887      65642063 
 1887      68617200 
 1888              	.LASF57:
 1889 00a8 5F756275 		.ascii	"_ubuf\000"
 1889      6600
 1890              	.LASF46:
 1891 00ae 5F626173 		.ascii	"_base\000"
 1891      6500
 1892              	.LASF30:
 1893 00b4 5F5F746D 		.ascii	"__tm_hour\000"
 1893      5F686F75 
 1893      7200
 1894              	.LASF86:
 1895 00be 5F5F7366 		.ascii	"__sf\000"
 1895      00
 1896              	.LASF37:
 1897 00c3 5F6F6E5F 		.ascii	"_on_exit_args\000"
 1897      65786974 
 1897      5F617267 
 1897      7300
 1898              	.LASF52:
 1899 00d1 5F636F6F 		.ascii	"_cookie\000"
 1899      6B696500 
 1900              	.LASF85:
 1901 00d9 5F5F7367 		.ascii	"__sglue\000"
 1901      6C756500 
 1902              	.LASF7:
 1903 00e1 6C6F6E67 		.ascii	"long int\000"
 1903      20696E74 
 1903      00
 1904              	.LASF49:
 1905 00ea 5F666C61 		.ascii	"_flags\000"
 1905      677300
 1906              	.LASF41:
 1907 00f1 5F69735F 		.ascii	"_is_cxa\000"
 1907      63786100 
 1908              	.LASF67:
 1909 00f9 5F737464 		.ascii	"_stdin\000"
 1909      696E00
 1910              	.LASF59:
 1911 0100 5F626C6B 		.ascii	"_blksize\000"
 1911      73697A65 
 1911      00
 1912              	.LASF81:
 1913 0109 5F637674 		.ascii	"_cvtbuf\000"
 1913      62756600 
 1914              	.LASF60:
 1915 0111 5F6F6666 		.ascii	"_offset\000"
 1915      73657400 
 1916              	.LASF110:
 1917 0119 5F6D6273 		.ascii	"_mbsrtowcs_state\000"
 1917      72746F77 
 1917      63735F73 
 1917      74617465 
 1917      00
 1918              	.LASF108:
 1919 012a 5F6D6272 		.ascii	"_mbrlen_state\000"
 1919      6C656E5F 
 1919      73746174 
 1919      6500
 1920              	.LASF38:
 1921 0138 5F666E61 		.ascii	"_fnargs\000"
 1921      72677300 
 1922              	.LASF44:
 1923 0140 5F666E73 		.ascii	"_fns\000"
 1923      00
 1924              	.LASF129:
 1925 0145 474E5520 		.ascii	"GNU C17 9.2.0 -mtune=cortex-m4 -mthumb -mfloat-abi="
 1925      43313720 
 1925      392E322E 
 1925      30202D6D 
 1925      74756E65 
 1926 0178 68617264 		.ascii	"hard -mfpu=fpv4-sp-d16 -march=armv7e-m+fp -g -O0 -O"
 1926      202D6D66 
 1926      70753D66 
 1926      7076342D 
 1926      73702D64 
 1927 01ab 73202D66 		.ascii	"s -fsingle-precision-constant\000"
 1927      73696E67 
 1927      6C652D70 
 1927      72656369 
 1927      73696F6E 
 1928              	.LASF24:
 1929 01c9 5F736967 		.ascii	"_sign\000"
 1929      6E00
 1930              	.LASF19:
 1931 01cf 5F666C6F 		.ascii	"_flock_t\000"
 1931      636B5F74 
 1931      00
 1932              	.LASF69:
 1933 01d8 5F737464 		.ascii	"_stderr\000"
 1933      65727200 
 1934              	.LASF26:
 1935 01e0 5F426967 		.ascii	"_Bigint\000"
 1935      696E7400 
 1936              	.LASF99:
 1937 01e8 5F67616D 		.ascii	"_gamma_signgam\000"
 1937      6D615F73 
 1937      69676E67 
 1937      616D00
 1938              	.LASF53:
 1939 01f7 5F726561 		.ascii	"_read\000"
 1939      6400
 1940              	.LASF77:
 1941 01fd 5F726573 		.ascii	"_result_k\000"
 1941      756C745F 
 1941      6B00
 1942              	.LASF27:
 1943 0207 5F5F746D 		.ascii	"__tm\000"
 1943      00
 1944              	.LASF0:
 1945 020c 756E7369 		.ascii	"unsigned int\000"
 1945      676E6564 
 1945      20696E74 
 1945      00
 1946              	.LASF15:
 1947 0219 5F5F7763 		.ascii	"__wchb\000"
 1947      686200
 1948              	.LASF122:
 1949 0220 696E6974 		.ascii	"initial_SP\000"
 1949      69616C5F 
 1949      535000
 1950              	.LASF68:
 1951 022b 5F737464 		.ascii	"_stdout\000"
 1951      6F757400 
 1952              	.LASF80:
 1953 0233 5F637674 		.ascii	"_cvtlen\000"
 1953      6C656E00 
 1954              	.LASF8:
 1955 023b 6C6F6E67 		.ascii	"long unsigned int\000"
 1955      20756E73 
 1955      69676E65 
 1955      6420696E 
 1955      7400
 1956              	.LASF50:
 1957 024d 5F66696C 		.ascii	"_file\000"
 1957      6500
 1958              	.LASF89:
 1959 0253 5F6E696F 		.ascii	"_niobs\000"
 1959      627300
 1960              	.LASF6:
 1961 025a 73686F72 		.ascii	"short unsigned int\000"
 1961      7420756E 
 1961      7369676E 
 1961      65642069 
 1961      6E7400
 1962              	.LASF83:
 1963 026d 5F617465 		.ascii	"_atexit0\000"
 1963      78697430 
 1963      00
 1964              	.LASF106:
 1965 0276 5F736967 		.ascii	"_signal_buf\000"
 1965      6E616C5F 
 1965      62756600 
 1966              	.LASF97:
 1967 0282 5F617363 		.ascii	"_asctime_buf\000"
 1967      74696D65 
 1967      5F627566 
 1967      00
 1968              	.LASF76:
 1969 028f 5F726573 		.ascii	"_result\000"
 1969      756C7400 
 1970              	.LASF14:
 1971 0297 5F5F7763 		.ascii	"__wch\000"
 1971      6800
 1972              	.LASF133:
 1973 029d 6D656D63 		.ascii	"memcpy\000"
 1973      707900
 1974              	.LASF10:
 1975 02a4 5F4C4F43 		.ascii	"_LOCK_T\000"
 1975      4B5F5400 
 1976              	.LASF13:
 1977 02ac 77696E74 		.ascii	"wint_t\000"
 1977      5F7400
 1978              	.LASF134:
 1979 02b3 5F5F6275 		.ascii	"__builtin_memcpy\000"
 1979      696C7469 
 1979      6E5F6D65 
 1979      6D637079 
 1979      00
 1980              	.LASF62:
 1981 02c4 5F6C6F63 		.ascii	"_lock\000"
 1981      6B00
 1982              	.LASF64:
 1983 02ca 5F666C61 		.ascii	"_flags2\000"
 1983      67733200 
 1984              	.LASF54:
 1985 02d2 5F777269 		.ascii	"_write\000"
 1985      746500
 1986              	.LASF33:
 1987 02d9 5F5F746D 		.ascii	"__tm_year\000"
 1987      5F796561 
 1987      7200
 1988              	.LASF124:
 1989 02e3 5F5F7374 		.ascii	"__stack\000"
 1989      61636B00 
 1990              	.LASF2:
 1991 02eb 6C6F6E67 		.ascii	"long double\000"
 1991      20646F75 
 1991      626C6500 
 1992              	.LASF114:
 1993 02f7 5F6E6578 		.ascii	"_nextf\000"
 1993      746600
 1994              	.LASF32:
 1995 02fe 5F5F746D 		.ascii	"__tm_mon\000"
 1995      5F6D6F6E 
 1995      00
 1996              	.LASF131:
 1997 0307 2F686F6D 		.ascii	"/home/dylan/Documents/Cours/E2I/microc/TP3\000"
 1997      652F6479 
 1997      6C616E2F 
 1997      446F6375 
 1997      6D656E74 
 1998              	.LASF74:
 1999 0332 5F5F7364 		.ascii	"__sdidinit\000"
 1999      6964696E 
 1999      697400
 2000              	.LASF11:
 2001 033d 5F6F6666 		.ascii	"_off_t\000"
 2001      5F7400
 2002              	.LASF79:
 2003 0344 5F667265 		.ascii	"_freelist\000"
 2003      656C6973 
 2003      7400
 2004              	.LASF104:
 2005 034e 5F776374 		.ascii	"_wctomb_state\000"
 2005      6F6D625F 
 2005      73746174 
 2005      6500
 2006              	.LASF4:
 2007 035c 756E7369 		.ascii	"unsigned char\000"
 2007      676E6564 
 2007      20636861 
 2007      7200
 2008              	.LASF126:
 2009 036a 5F5F6461 		.ascii	"__data_load__\000"
 2009      74615F6C 
 2009      6F61645F 
 2009      5F00
 2010              	.LASF82:
 2011 0378 5F6E6577 		.ascii	"_new\000"
 2011      00
 2012              	.LASF113:
 2013 037d 5F685F65 		.ascii	"_h_errno\000"
 2013      72726E6F 
 2013      00
 2014              	.LASF5:
 2015 0386 73686F72 		.ascii	"short int\000"
 2015      7420696E 
 2015      7400
 2016              	.LASF35:
 2017 0390 5F5F746D 		.ascii	"__tm_yday\000"
 2017      5F796461 
 2017      7900
 2018              	.LASF45:
 2019 039a 5F5F7362 		.ascii	"__sbuf\000"
 2019      756600
 2020              	.LASF90:
 2021 03a1 5F696F62 		.ascii	"_iobs\000"
 2021      7300
 2022              	.LASF87:
 2023 03a7 5F5F4649 		.ascii	"__FILE\000"
 2023      4C4500
 2024              	.LASF18:
 2025 03ae 5F6D6273 		.ascii	"_mbstate_t\000"
 2025      74617465 
 2025      5F7400
 2026              	.LASF48:
 2027 03b9 5F5F7346 		.ascii	"__sFILE\000"
 2027      494C4500 
 2028              	.LASF63:
 2029 03c1 5F6D6273 		.ascii	"_mbstate\000"
 2029      74617465 
 2029      00
 2030              	.LASF100:
 2031 03ca 5F72616E 		.ascii	"_rand_next\000"
 2031      645F6E65 
 2031      787400
 2032              	.LASF102:
 2033 03d5 5F6D626C 		.ascii	"_mblen_state\000"
 2033      656E5F73 
 2033      74617465 
 2033      00
 2034              	.LASF70:
 2035 03e2 5F696E63 		.ascii	"_inc\000"
 2035      00
 2036              	.LASF43:
 2037 03e7 5F696E64 		.ascii	"_ind\000"
 2037      00
 2038              	.LASF73:
 2039 03ec 5F6C6F63 		.ascii	"_locale\000"
 2039      616C6500 
 2040              	.LASF75:
 2041 03f4 5F5F636C 		.ascii	"__cleanup\000"
 2041      65616E75 
 2041      7000
 2042              	.LASF72:
 2043 03fe 5F756E73 		.ascii	"_unspecified_locale_info\000"
 2043      70656369 
 2043      66696564 
 2043      5F6C6F63 
 2043      616C655F 
 2044              	.LASF23:
 2045 0417 5F6D6178 		.ascii	"_maxwds\000"
 2045      77647300 
 2046              	.LASF65:
 2047 041f 5F726565 		.ascii	"_reent\000"
 2047      6E7400
 2048              	.LASF92:
 2049 0426 5F736565 		.ascii	"_seed\000"
 2049      6400
 2050              	.LASF121:
 2051 042c 626F6F74 		.ascii	"boot_struct\000"
 2051      5F737472 
 2051      75637400 
 2052              	.LASF16:
 2053 0438 5F5F636F 		.ascii	"__count\000"
 2053      756E7400 
 2054              	.LASF117:
 2055 0440 5F5F6C6F 		.ascii	"__lock\000"
 2055      636B00
 2056              	.LASF17:
 2057 0447 5F5F7661 		.ascii	"__value\000"
 2057      6C756500 
 2058              	.LASF55:
 2059 044f 5F736565 		.ascii	"_seek\000"
 2059      6B00
 2060              	.LASF119:
 2061 0455 5F696D70 		.ascii	"_impure_ptr\000"
 2061      7572655F 
 2061      70747200 
 2062              	.LASF12:
 2063 0461 5F66706F 		.ascii	"_fpos_t\000"
 2063      735F7400 
 2064              	.LASF66:
 2065 0469 5F657272 		.ascii	"_errno\000"
 2065      6E6F00
 2066              	.LASF20:
 2067 0470 63686172 		.ascii	"char\000"
 2067      00
 2068              	.LASF29:
 2069 0475 5F5F746D 		.ascii	"__tm_min\000"
 2069      5F6D696E 
 2069      00
 2070              	.LASF125:
 2071 047e 5F5F626F 		.ascii	"__boot_sector\000"
 2071      6F745F73 
 2071      6563746F 
 2071      7200
 2072              	.LASF127:
 2073 048c 5F5F6461 		.ascii	"__data_start__\000"
 2073      74615F73 
 2073      74617274 
 2073      5F5F00
 2074              	.LASF93:
 2075 049b 5F6D756C 		.ascii	"_mult\000"
 2075      7400
 2076              	.LASF22:
 2077 04a1 5F6E6578 		.ascii	"_next\000"
 2077      7400
 2078              	.LASF96:
 2079 04a7 5F737472 		.ascii	"_strtok_last\000"
 2079      746F6B5F 
 2079      6C617374 
 2079      00
 2080              	.LASF40:
 2081 04b4 5F666E74 		.ascii	"_fntypes\000"
 2081      79706573 
 2081      00
 2082              	.LASF94:
 2083 04bd 5F616464 		.ascii	"_add\000"
 2083      00
 2084              	.LASF130:
 2085 04c2 7372632F 		.ascii	"src/boot/startup.c\000"
 2085      626F6F74 
 2085      2F737461 
 2085      72747570 
 2085      2E6300
 2086              	.LASF21:
 2087 04d5 5F5F554C 		.ascii	"__ULong\000"
 2087      6F6E6700 
 2088              	.LASF107:
 2089 04dd 5F676574 		.ascii	"_getdate_err\000"
 2089      64617465 
 2089      5F657272 
 2089      00
 2090              	.LASF120:
 2091 04ea 5F676C6F 		.ascii	"_global_impure_ptr\000"
 2091      62616C5F 
 2091      696D7075 
 2091      72655F70 
 2091      747200
 2092              	.LASF95:
 2093 04fd 5F756E75 		.ascii	"_unused_rand\000"
 2093      7365645F 
 2093      72616E64 
 2093      00
 2094              	.LASF132:
 2095 050a 68617264 		.ascii	"hardware_init_hook\000"
 2095      77617265 
 2095      5F696E69 
 2095      745F686F 
 2095      6F6B00
 2096              	.LASF25:
 2097 051d 5F776473 		.ascii	"_wds\000"
 2097      00
 2098              	.LASF34:
 2099 0522 5F5F746D 		.ascii	"__tm_wday\000"
 2099      5F776461 
 2099      7900
 2100              	.LASF88:
 2101 052c 5F676C75 		.ascii	"_glue\000"
 2101      6500
 2102              	.LASF128:
 2103 0532 5F5F6461 		.ascii	"__data_end__\000"
 2103      74615F65 
 2103      6E645F5F 
 2103      00
 2104              	.LASF115:
 2105 053f 5F6E6D61 		.ascii	"_nmalloc\000"
 2105      6C6C6F63 
 2105      00
 2106              	.LASF105:
 2107 0548 5F6C3634 		.ascii	"_l64a_buf\000"
 2107      615F6275 
 2107      6600
 2108              	.LASF84:
 2109 0552 5F736967 		.ascii	"_sig_func\000"
 2109      5F66756E 
 2109      6300
 2110              	.LASF123:
 2111 055c 696E6974 		.ascii	"initial_PC\000"
 2111      69616C5F 
 2111      504300
 2112              	.LASF42:
 2113 0567 5F617465 		.ascii	"_atexit\000"
 2113      78697400 
 2114              	.LASF58:
 2115 056f 5F6E6275 		.ascii	"_nbuf\000"
 2115      6600
 2116              	.LASF116:
 2117 0575 5F756E75 		.ascii	"_unused\000"
 2117      73656400 
 2118              	.LASF36:
 2119 057d 5F5F746D 		.ascii	"__tm_isdst\000"
 2119      5F697364 
 2119      737400
 2120              	.LASF98:
 2121 0588 5F6C6F63 		.ascii	"_localtime_buf\000"
 2121      616C7469 
 2121      6D655F62 
 2121      756600
 2122              	.LASF56:
 2123 0597 5F636C6F 		.ascii	"_close\000"
 2123      736500
 2124              	.LASF101:
 2125 059e 5F723438 		.ascii	"_r48\000"
 2125      00
 2126              	.LASF103:
 2127 05a3 5F6D6274 		.ascii	"_mbtowc_state\000"
 2127      6F77635F 
 2127      73746174 
 2127      6500
 2128              	.LASF78:
 2129 05b1 5F703573 		.ascii	"_p5s\000"
 2129      00
 2130              	.LASF31:
 2131 05b6 5F5F746D 		.ascii	"__tm_mday\000"
 2131      5F6D6461 
 2131      7900
 2132              		.ident	"GCC: (Arch Repository) 9.2.0"
DEFINED SYMBOLS
                            *ABS*:0000000000000000 startup.c
     /tmp/ccmebUo1.s:17     .text:0000000000000000 $t
     /tmp/ccmebUo1.s:25     .text:0000000000000000 hardware_init_hook
     /tmp/ccmebUo1.s:46     .text:000000000000000c $d
     /tmp/ccmebUo1.s:57     boot:0000000000000000 __boot_sector
     /tmp/ccmebUo1.s:54     boot:0000000000000000 $d

UNDEFINED SYMBOLS
memcpy
__data_start__
__data_end__
__data_load__
__stack
_start
